#-----------------------------------------------------------
# Vivado v2018.1 (64-bit)
# SW Build 2188600 on Wed Apr  4 18:40:38 MDT 2018
# IP Build 2185939 on Wed Apr  4 20:55:05 MDT 2018
# Start of session at: Sun Jun 11 22:49:12 2023
# Process ID: 6688
# Current directory: C:/Users/RAMINDU/Desktop/2nd sem/Computer Organization and Digital Design/Week 10/Lab 9-10/Nanoprocessor/Slow Clock
# Command line: vivado.exe -gui_launcher_event rodinguilauncherevent2916 C:\Users\RAMINDU\Desktop\2nd sem\Computer Organization and Digital Design\Week 10\Lab 9-10\Nanoprocessor\Slow Clock\Slow_Clock.xpr
# Log file: C:/Users/RAMINDU/Desktop/2nd sem/Computer Organization and Digital Design/Week 10/Lab 9-10/Nanoprocessor/Slow Clock/vivado.log
# Journal file: C:/Users/RAMINDU/Desktop/2nd sem/Computer Organization and Digital Design/Week 10/Lab 9-10/Nanoprocessor/Slow Clock\vivado.jou
#-----------------------------------------------------------
start_gui
open_project {C:/Users/RAMINDU/Desktop/2nd sem/Computer Organization and Digital Design/Week 10/Lab 9-10/Nanoprocessor/Slow Clock/Slow_Clock.xpr}
INFO: [ProjectBase 1-489] The host OS only allows 260 characters in a normal path. The project is stored in a path with more than 80 characters. If you experience issues with IP, Block Designs, or files not being found, please consider moving the project to a location with a shorter path. Alternately consider using the OS subst command to map part of the path to a drive letter.
Current project path is 'C:/Users/RAMINDU/Desktop/2nd sem/Computer Organization and Digital Design/Week 10/Lab 9-10/Nanoprocessor/Slow Clock'
Scanning sources...
Finished scanning sources
INFO: [IP_Flow 19-234] Refreshing IP repositories
INFO: [IP_Flow 19-1704] No user IP repositories specified
INFO: [IP_Flow 19-2313] Loaded Vivado IP repository 'C:/Xilinx/Vivado/2018.1/data/ip'.
open_project: Time (s): cpu = 00:00:15 ; elapsed = 00:00:08 . Memory (MB): peak = 915.035 ; gain = 157.359
update_compile_order -fileset sources_1
launch_simulation
INFO: [Vivado 12-5682] Launching behavioral simulation in 'C:/Users/RAMINDU/Desktop/2nd sem/Computer Organization and Digital Design/Week 10/Lab 9-10/Nanoprocessor/Slow Clock/Slow_Clock.sim/sim_1/behav/xsim'
INFO: [SIM-utils-51] Simulation object is 'sim_1'
INFO: [SIM-utils-54] Inspecting design source files for 'TB_Slow_Clk' in fileset 'sim_1'...
INFO: [USF-XSim-97] Finding global include files...
INFO: [USF-XSim-98] Fetching design files from 'sim_1'...
INFO: [USF-XSim-2] XSim::Compile design
INFO: [USF-XSim-61] Executing 'COMPILE and ANALYZE' step in 'C:/Users/RAMINDU/Desktop/2nd sem/Computer Organization and Digital Design/Week 10/Lab 9-10/Nanoprocessor/Slow Clock/Slow_Clock.sim/sim_1/behav/xsim'
"xvhdl --incr --relax -prj TB_Slow_Clk_vhdl.prj"
INFO: [VRFC 10-163] Analyzing VHDL file "C:/Users/RAMINDU/Desktop/2nd sem/Computer Organization and Digital Design/Week 10/Lab 9-10/Nanoprocessor/Slow Clock/Slow_Clock.srcs/sources_1/new/SlwClk.vhd" into library xil_defaultlib
INFO: [VRFC 10-307] analyzing entity Slow_Clk
INFO: [USF-XSim-69] 'compile' step finished in '1' seconds
INFO: [USF-XSim-3] XSim::Elaborate design
INFO: [USF-XSim-61] Executing 'ELABORATE' step in 'C:/Users/RAMINDU/Desktop/2nd sem/Computer Organization and Digital Design/Week 10/Lab 9-10/Nanoprocessor/Slow Clock/Slow_Clock.sim/sim_1/behav/xsim'
Vivado Simulator 2018.1
Copyright 1986-1999, 2001-2017 Xilinx, Inc. All Rights Reserved.
Running: C:/Xilinx/Vivado/2018.1/bin/unwrapped/win64.o/xelab.exe -wto 0a4fd8ae65e04b049c9f40f124d7e09e --incr --debug typical --relax --mt 2 -L xil_defaultlib -L secureip --snapshot TB_Slow_Clk_behav xil_defaultlib.TB_Slow_Clk -log elaborate.log 
Using 2 slave threads.
Starting static elaboration
Completed static elaboration
Starting simulation data flow analysis
Completed simulation data flow analysis
Time Resolution for simulation is 1ps
Compiling package std.standard
Compiling package std.textio
Compiling package ieee.std_logic_1164
Compiling architecture behavioral of entity xil_defaultlib.Slow_Clk [slow_clk_default]
Compiling architecture behavioral of entity xil_defaultlib.tb_slow_clk
Built simulation snapshot TB_Slow_Clk_behav

****** Webtalk v2018.1 (64-bit)
  **** SW Build 2188600 on Wed Apr  4 18:40:38 MDT 2018
  **** IP Build 2185939 on Wed Apr  4 20:55:05 MDT 2018
    ** Copyright 1986-2018 Xilinx, Inc. All Rights Reserved.

source C:/Users/RAMINDU/Desktop/2nd -notrace
couldn't read file "C:/Users/RAMINDU/Desktop/2nd": permission denied
INFO: [Common 17-206] Exiting Webtalk at Sun Jun 11 22:50:00 2023...
INFO: [USF-XSim-69] 'elaborate' step finished in '3' seconds
INFO: [USF-XSim-4] XSim::Simulate design
INFO: [USF-XSim-61] Executing 'SIMULATE' step in 'C:/Users/RAMINDU/Desktop/2nd sem/Computer Organization and Digital Design/Week 10/Lab 9-10/Nanoprocessor/Slow Clock/Slow_Clock.sim/sim_1/behav/xsim'
INFO: [USF-XSim-98] *** Running xsim
   with args "TB_Slow_Clk_behav -key {Behavioral:sim_1:Functional:TB_Slow_Clk} -tclbatch {TB_Slow_Clk.tcl} -log {simulate.log}"
INFO: [USF-XSim-8] Loading simulator feature
Vivado Simulator 2018.1
Time resolution is 1 ps
source TB_Slow_Clk.tcl
# set curr_wave [current_wave_config]
# if { [string length $curr_wave] == 0 } {
#   if { [llength [get_objects]] > 0} {
#     add_wave /
#     set_property needs_save false [current_wave_config]
#   } else {
#      send_msg_id Add_Wave-1 WARNING "No top level signals found. Simulator will start without a wave window. If you want to open a wave window go to 'File->New Waveform Configuration' or type 'create_wave_config' in the TCL console."
#   }
# }
# run 1000ns
INFO: [USF-XSim-96] XSim completed. Design snapshot 'TB_Slow_Clk_behav' loaded.
INFO: [USF-XSim-97] XSim simulation ran for 1000ns
launch_simulation: Time (s): cpu = 00:00:09 ; elapsed = 00:00:08 . Memory (MB): peak = 932.246 ; gain = 0.000
close_sim
INFO: [Simtcl 6-16] Simulation closed
exit
INFO: [Common 17-206] Exiting Vivado at Sun Jun 11 23:01:16 2023...
