Vivado Simulator 2018.1
Copyright 1986-1999, 2001-2017 Xilinx, Inc. All Rights Reserved.
Running: C:/Xilinx/Vivado/2018.1/bin/unwrapped/win64.o/xelab.exe -wto b44499277b524867a49a644e474f3b86 --incr --debug typical --relax --mt 2 -L xil_defaultlib -L secureip --snapshot TB_MUX_2way_3bit_func_synth xil_defaultlib.TB_MUX_2way_3bit -log elaborate.log 
Using 2 slave threads.
Starting static elaboration
Completed static elaboration
Starting simulation data flow analysis
Completed simulation data flow analysis
Time Resolution for simulation is 1ps
Compiling package std.standard
Compiling package std.textio
Compiling package ieee.std_logic_1164
Compiling package ieee.numeric_std
Compiling package unisim.vcomponents
Compiling package ieee.vital_timing
Compiling package ieee.vital_primitives
Compiling package unisim.vpkg
Compiling architecture obuf_v of entity unisim.OBUF [\OBUF(1,9)(1,7)(1,4)\]
Compiling architecture lut3_v of entity unisim.LUT3 [\LUT3(init="10101100")(0,7)\]
Compiling architecture ibuf_v of entity unisim.IBUF [\IBUF(1,9)(1,1)(1,4)(1,7)\]
Compiling architecture structure of entity xil_defaultlib.MUX_2way_3bit [mux_2way_3bit_default]
Compiling architecture behavioral of entity xil_defaultlib.tb_mux_2way_3bit
Built simulation snapshot TB_MUX_2way_3bit_func_synth
