Vivado Simulator 2018.1
Copyright 1986-1999, 2001-2017 Xilinx, Inc. All Rights Reserved.
Running: C:/Xilinx/Vivado/2018.1/bin/unwrapped/win64.o/xelab.exe -wto 89ee2efee1c44723a8e7c08202f4d09f --incr --debug typical --relax --mt 2 -L xil_defaultlib -L secureip --snapshot TB_ASU_4bit_func_impl xil_defaultlib.TB_ASU_4bit -log elaborate.log 
Using 2 slave threads.
Starting static elaboration
Completed static elaboration
Starting simulation data flow analysis
Completed simulation data flow analysis
Time Resolution for simulation is 1ps
Compiling package std.standard
Compiling package std.textio
Compiling package ieee.std_logic_1164
Compiling package ieee.numeric_std
Compiling package unisim.vcomponents
Compiling package ieee.vital_timing
Compiling package ieee.vital_primitives
Compiling package unisim.vpkg
Compiling architecture ibuf_v of entity unisim.IBUF [\IBUF(1,9)(1,1)(1,4)(1,7)\]
Compiling architecture obuf_v of entity unisim.OBUF [\OBUF(1,9)(1,7)(1,4)\]
Compiling architecture lut6_v of entity unisim.LUT6 [\LUT6(init="00100001001000010100...]
Compiling architecture lut5_v of entity unisim.LUT5 [\LUT5(init="11011111010000001110...]
Compiling architecture lut2_v of entity unisim.LUT2 [\LUT2(init="0110")(0,3)\]
Compiling architecture lut5_v of entity unisim.LUT5 [\LUT5(init="00101000110101111101...]
Compiling architecture lut4_v of entity unisim.LUT4 [\LUT4(init="0110100110010110")(0...]
Compiling architecture lut6_v of entity unisim.LUT6 [\LUT6(init="00101011111010001101...]
Compiling architecture lut6_v of entity unisim.LUT6 [\LUT6(init="10000000000010000000...]
Compiling architecture lut3_v of entity unisim.LUT3 [\LUT3(init="10010110")(0,7)\]
Compiling architecture lut5_v of entity unisim.LUT5 [\LUT5(init="10010110000000000000...]
Compiling architecture structure of entity xil_defaultlib.ASU_4bit [asu_4bit_default]
Compiling architecture behavioral of entity xil_defaultlib.tb_asu_4bit
Built simulation snapshot TB_ASU_4bit_func_impl
