#-----------------------------------------------------------
# Vivado v2018.1 (64-bit)
# SW Build 2188600 on Wed Apr  4 18:40:38 MDT 2018
# IP Build 2185939 on Wed Apr  4 20:55:05 MDT 2018
# Start of session at: Fri Jun  9 23:12:08 2023
# Process ID: 15128
# Current directory: C:/Users/RAMINDU/Desktop/2nd sem/Computer Organization and Digital Design/Week 10/Lab 9-10/Nanoprocessor/Nanoprocessor
# Command line: vivado.exe -gui_launcher_event rodinguilauncherevent7068 C:\Users\RAMINDU\Desktop\2nd sem\Computer Organization and Digital Design\Week 10\Lab 9-10\Nanoprocessor\Nanoprocessor\Nanoprocessor.xpr
# Log file: C:/Users/RAMINDU/Desktop/2nd sem/Computer Organization and Digital Design/Week 10/Lab 9-10/Nanoprocessor/Nanoprocessor/vivado.log
# Journal file: C:/Users/RAMINDU/Desktop/2nd sem/Computer Organization and Digital Design/Week 10/Lab 9-10/Nanoprocessor/Nanoprocessor\vivado.jou
#-----------------------------------------------------------
start_gui
open_project {C:/Users/RAMINDU/Desktop/2nd sem/Computer Organization and Digital Design/Week 10/Lab 9-10/Nanoprocessor/Nanoprocessor/Nanoprocessor.xpr}
INFO: [ProjectBase 1-489] The host OS only allows 260 characters in a normal path. The project is stored in a path with more than 80 characters. If you experience issues with IP, Block Designs, or files not being found, please consider moving the project to a location with a shorter path. Alternately consider using the OS subst command to map part of the path to a drive letter.
Current project path is 'C:/Users/RAMINDU/Desktop/2nd sem/Computer Organization and Digital Design/Week 10/Lab 9-10/Nanoprocessor/Nanoprocessor'
CRITICAL WARNING: [Project 1-19] Could not find the file 'C:/Users/RAMINDU/Desktop/2nd sem/Computer Organization and Digital Design/Week 10/Lab 9-10/Nanoprocessor/Nanoprocessor/Nanoprocessor.srcs/sources_1/imports/MUX_2way_3bit.vhd'.
CRITICAL WARNING: [Project 1-19] Could not find the file 'C:/Users/RAMINDU/Desktop/2nd sem/Computer Organization and Digital Design/Week 10/Lab 9-10/Nanoprocessor/Nanoprocessor/Nanoprocessor.srcs/sources_1/imports/MUX_2way_4bit.vhd'.
CRITICAL WARNING: [Project 1-19] Could not find the file 'C:/Users/RAMINDU/Desktop/2nd sem/Computer Organization and Digital Design/Week 10/Lab 9-10/Nanoprocessor/Nanoprocessor/Nanoprocessor.srcs/sources_1/imports/MUX_8way_4bit.vhd'.
Scanning sources...
Finished scanning sources
INFO: [IP_Flow 19-234] Refreshing IP repositories
INFO: [IP_Flow 19-1704] No user IP repositories specified
INFO: [IP_Flow 19-2313] Loaded Vivado IP repository 'C:/Xilinx/Vivado/2018.1/data/ip'.
open_project: Time (s): cpu = 00:00:14 ; elapsed = 00:00:07 . Memory (MB): peak = 939.453 ; gain = 184.699
update_compile_order -fileset sources_1
export_ip_user_files -of_objects  [get_files {{C:/Users/RAMINDU/Desktop/2nd sem/Computer Organization and Digital Design/Week 10/Lab 9-10/Nanoprocessor/Nanoprocessor/Nanoprocessor.srcs/sources_1/imports/MUX_2way_3bit.vhd}}] -no_script -reset -force -quiet
remove_files  {{C:/Users/RAMINDU/Desktop/2nd sem/Computer Organization and Digital Design/Week 10/Lab 9-10/Nanoprocessor/Nanoprocessor/Nanoprocessor.srcs/sources_1/imports/MUX_2way_3bit.vhd}}
export_ip_user_files -of_objects  [get_files {{C:/Users/RAMINDU/Desktop/2nd sem/Computer Organization and Digital Design/Week 10/Lab 9-10/Nanoprocessor/Nanoprocessor/Nanoprocessor.srcs/sources_1/imports/MUX_2way_4bit.vhd}}] -no_script -reset -force -quiet
remove_files  {{C:/Users/RAMINDU/Desktop/2nd sem/Computer Organization and Digital Design/Week 10/Lab 9-10/Nanoprocessor/Nanoprocessor/Nanoprocessor.srcs/sources_1/imports/MUX_2way_4bit.vhd}}
export_ip_user_files -of_objects  [get_files {{C:/Users/RAMINDU/Desktop/2nd sem/Computer Organization and Digital Design/Week 10/Lab 9-10/Nanoprocessor/Nanoprocessor/Nanoprocessor.srcs/sources_1/imports/MUX_8way_4bit.vhd}}] -no_script -reset -force -quiet
remove_files  {{C:/Users/RAMINDU/Desktop/2nd sem/Computer Organization and Digital Design/Week 10/Lab 9-10/Nanoprocessor/Nanoprocessor/Nanoprocessor.srcs/sources_1/imports/MUX_8way_4bit.vhd}}
exit
INFO: [Common 17-206] Exiting Vivado at Fri Jun  9 23:20:42 2023...
