#-----------------------------------------------------------
# Vivado v2018.1 (64-bit)
# SW Build 2188600 on Wed Apr  4 18:40:38 MDT 2018
# IP Build 2185939 on Wed Apr  4 20:55:05 MDT 2018
# Start of session at: Sat Jun  3 10:18:14 2023
# Process ID: 1132
# Current directory: C:/Users/RAMINDU/Desktop/2nd sem/Computer Organization and Digital Design/Week 10/Lab 9-10/Nanoprocessor/4-bit Add_Subtract unit/Half Adder
# Command line: vivado.exe -gui_launcher_event rodinguilauncherevent24320 C:\Users\RAMINDU\Desktop\2nd sem\Computer Organization and Digital Design\Week 10\Lab 9-10\Nanoprocessor\4-bit Add_Subtract unit\Half Adder\Half_Adder.xpr
# Log file: C:/Users/RAMINDU/Desktop/2nd sem/Computer Organization and Digital Design/Week 10/Lab 9-10/Nanoprocessor/4-bit Add_Subtract unit/Half Adder/vivado.log
# Journal file: C:/Users/RAMINDU/Desktop/2nd sem/Computer Organization and Digital Design/Week 10/Lab 9-10/Nanoprocessor/4-bit Add_Subtract unit/Half Adder\vivado.jou
#-----------------------------------------------------------
start_gui
open_project {C:/Users/RAMINDU/Desktop/2nd sem/Computer Organization and Digital Design/Week 10/Lab 9-10/Nanoprocessor/4-bit Add_Subtract unit/Half Adder/Half_Adder.xpr}
INFO: [ProjectBase 1-489] The host OS only allows 260 characters in a normal path. The project is stored in a path with more than 80 characters. If you experience issues with IP, Block Designs, or files not being found, please consider moving the project to a location with a shorter path. Alternately consider using the OS subst command to map part of the path to a drive letter.
Current project path is 'C:/Users/RAMINDU/Desktop/2nd sem/Computer Organization and Digital Design/Week 10/Lab 9-10/Nanoprocessor/4-bit Add_Subtract unit/Half Adder'
INFO: [Project 1-313] Project file moved from 'C:/Users/RAMINDU/Desktop/2nd sem/Computer Organization and Digital Design/Week 10/Lab 9-10/Nanoprocessor/4-bit Add_Subtract unit/Half Addrr' since last save.
Scanning sources...
Finished scanning sources
INFO: [IP_Flow 19-234] Refreshing IP repositories
INFO: [IP_Flow 19-1700] Loaded user IP repository 'c:/Users/RAMINDU/Desktop/2nd sem/Computer Organization and Digital Design/Week 10/Lab 9-10/Nanoprocessor'.
WARNING: [IP_Flow 19-3656] If you move the project, the path for repository 'c:/Users/RAMINDU/Desktop/2nd sem/Computer Organization and Digital Design/Week 10/Lab 9-10/Nanoprocessor' may become invalid. A better location for the repository would be in a path adjacent to the project. (Current project location is 'c:/Users/RAMINDU/Desktop/2nd sem/Computer Organization and Digital Design/Week 10/Lab 9-10/Nanoprocessor/4-bit Add_Subtract unit/Half Adder'.)
INFO: [IP_Flow 19-2313] Loaded Vivado IP repository 'C:/Xilinx/Vivado/2018.1/data/ip'.
open_project: Time (s): cpu = 00:00:11 ; elapsed = 00:00:07 . Memory (MB): peak = 903.027 ; gain = 156.570
update_compile_order -fileset sources_1
create_project Full_Adder {C:/Users/RAMINDU/Desktop/2nd sem/Computer Organization and Digital Design/Week 10/Lab 9-10/Nanoprocessor/4-bit Add_Subtract unit/Full Adder} -part xc7a35tcpg236-1
INFO: [ProjectBase 1-489] The host OS only allows 260 characters in a normal path. The project is stored in a path with more than 80 characters. If you experience issues with IP, Block Designs, or files not being found, please consider moving the project to a location with a shorter path. Alternately consider using the OS subst command to map part of the path to a drive letter.
Current project path is 'C:/Users/RAMINDU/Desktop/2nd sem/Computer Organization and Digital Design/Week 10/Lab 9-10/Nanoprocessor/4-bit Add_Subtract unit/Full Adder'
INFO: [IP_Flow 19-234] Refreshing IP repositories
INFO: [IP_Flow 19-1704] No user IP repositories specified
INFO: [IP_Flow 19-2313] Loaded Vivado IP repository 'C:/Xilinx/Vivado/2018.1/data/ip'.
set_property board_part digilentinc.com:basys3:part0:1.2 [current_project]
set_property target_language VHDL [current_project]
update_ip_catalog
update_ip_catalog
file mkdir C:/Users/RAMINDU/Desktop/2nd sem/Computer Organization and Digital Design/Week 10/Lab 9-10/Nanoprocessor/4-bit Add_Subtract unit/Full Adder/Full_Adder.srcs/sources_1/new
file mkdir C:/Users/RAMINDU/Desktop/2nd sem/Computer Organization and Digital Design/Week 10/Lab 9-10/Nanoprocessor/4-bit Add_Subtract unit/Full Adder/Full_Adder.srcs/sources_1/new
file mkdir C:/Users/RAMINDU/Desktop/2nd sem/Computer Organization and Digital Design/Week 10/Lab 9-10/Nanoprocessor/4-bit Add_Subtract unit/Full Adder/Full_Adder.srcs/sources_1/new
file mkdir C:/Users/RAMINDU/Desktop/2nd sem/Computer Organization and Digital Design/Week 10/Lab 9-10/Nanoprocessor/4-bit Add_Subtract unit/Full Adder/Full_Adder.srcs/sources_1/new
file mkdir C:/Users/RAMINDU/Desktop/2nd sem/Computer Organization and Digital Design/Week 10/Lab 9-10/Nanoprocessor/4-bit Add_Subtract unit/Full Adder/Full_Adder.srcs/sources_1/new
file mkdir C:/Users/RAMINDU/Desktop/2nd sem/Computer Organization and Digital Design/Week 10/Lab 9-10/Nanoprocessor/4-bit Add_Subtract unit/Full Adder/Full_Adder.srcs/sources_1/new
file mkdir {C:/Users/RAMINDU/Desktop/2nd sem/Computer Organization and Digital Design/Week 10/Lab 9-10/Nanoprocessor/4-bit Add_Subtract unit/Full Adder/Full_Adder.srcs/sources_1/new}
close [ open {C:/Users/RAMINDU/Desktop/2nd sem/Computer Organization and Digital Design/Week 10/Lab 9-10/Nanoprocessor/4-bit Add_Subtract unit/Full Adder/Full_Adder.srcs/sources_1/new/FA.vhd} w ]
add_files {{C:/Users/RAMINDU/Desktop/2nd sem/Computer Organization and Digital Design/Week 10/Lab 9-10/Nanoprocessor/4-bit Add_Subtract unit/Full Adder/Full_Adder.srcs/sources_1/new/FA.vhd}}
update_compile_order -fileset sources_1
add_files -norecurse -scan_for_includes {{C:/Users/RAMINDU/Desktop/2nd sem/Computer Organization and Digital Design/Week 10/Lab 9-10/Nanoprocessor/4-bit Add_Subtract unit/Half Adder/Half_Adder.srcs/sources_1/new/HA.vhd}}
import_files -norecurse {{C:/Users/RAMINDU/Desktop/2nd sem/Computer Organization and Digital Design/Week 10/Lab 9-10/Nanoprocessor/4-bit Add_Subtract unit/Half Adder/Half_Adder.srcs/sources_1/new/HA.vhd}}
update_compile_order -fileset sources_1
file mkdir C:/Users/RAMINDU/Desktop/2nd sem/Computer Organization and Digital Design/Week 10/Lab 9-10/Nanoprocessor/4-bit Add_Subtract unit/Full Adder/Full_Adder.srcs/sim_1/new
file mkdir C:/Users/RAMINDU/Desktop/2nd sem/Computer Organization and Digital Design/Week 10/Lab 9-10/Nanoprocessor/4-bit Add_Subtract unit/Full Adder/Full_Adder.srcs/sim_1/new
file mkdir C:/Users/RAMINDU/Desktop/2nd sem/Computer Organization and Digital Design/Week 10/Lab 9-10/Nanoprocessor/4-bit Add_Subtract unit/Full Adder/Full_Adder.srcs/sim_1/new
file mkdir C:/Users/RAMINDU/Desktop/2nd sem/Computer Organization and Digital Design/Week 10/Lab 9-10/Nanoprocessor/4-bit Add_Subtract unit/Full Adder/Full_Adder.srcs/sim_1/new
file mkdir C:/Users/RAMINDU/Desktop/2nd sem/Computer Organization and Digital Design/Week 10/Lab 9-10/Nanoprocessor/4-bit Add_Subtract unit/Full Adder/Full_Adder.srcs/sim_1/new
set_property SOURCE_SET sources_1 [get_filesets sim_1]
file mkdir C:/Users/RAMINDU/Desktop/2nd sem/Computer Organization and Digital Design/Week 10/Lab 9-10/Nanoprocessor/4-bit Add_Subtract unit/Full Adder/Full_Adder.srcs/sim_1/new
file mkdir {C:/Users/RAMINDU/Desktop/2nd sem/Computer Organization and Digital Design/Week 10/Lab 9-10/Nanoprocessor/4-bit Add_Subtract unit/Full Adder/Full_Adder.srcs/sim_1/new}
close [ open {C:/Users/RAMINDU/Desktop/2nd sem/Computer Organization and Digital Design/Week 10/Lab 9-10/Nanoprocessor/4-bit Add_Subtract unit/Full Adder/Full_Adder.srcs/sim_1/new/TB_FA.vhd} w ]
add_files -fileset sim_1 {{C:/Users/RAMINDU/Desktop/2nd sem/Computer Organization and Digital Design/Week 10/Lab 9-10/Nanoprocessor/4-bit Add_Subtract unit/Full Adder/Full_Adder.srcs/sim_1/new/TB_FA.vhd}}
update_compile_order -fileset sim_1
update_compile_order -fileset sim_1
launch_runs synth_1 -jobs 6
[Sat Jun  3 10:40:54 2023] Launched synth_1...
Run output will be captured here: C:/Users/RAMINDU/Desktop/2nd sem/Computer Organization and Digital Design/Week 10/Lab 9-10/Nanoprocessor/4-bit Add_Subtract unit/Full Adder/Full_Adder.runs/synth_1/runme.log
launch_runs impl_1 -jobs 6
[Sat Jun  3 10:41:48 2023] Launched impl_1...
Run output will be captured here: C:/Users/RAMINDU/Desktop/2nd sem/Computer Organization and Digital Design/Week 10/Lab 9-10/Nanoprocessor/4-bit Add_Subtract unit/Full Adder/Full_Adder.runs/impl_1/runme.log
open_run impl_1
INFO: [Netlist 29-17] Analyzing 3 Unisim elements for replacement
INFO: [Netlist 29-28] Unisim Transformation completed in 0 CPU seconds
INFO: [Project 1-479] Netlist was created with Vivado 2018.1
INFO: [Device 21-403] Loading part xc7a35tcpg236-1
INFO: [Project 1-570] Preparing netlist for logic optimization
INFO: [Timing 38-478] Restoring timing data from binary archive.
INFO: [Timing 38-479] Binary timing data restore complete.
INFO: [Project 1-856] Restoring constraints from binary archive.
INFO: [Project 1-853] Binary constraint restore complete.
Reading XDEF placement.
Reading placer database...
Reading XDEF routing.
Read XDEF File: Time (s): cpu = 00:00:00 ; elapsed = 00:00:00.038 . Memory (MB): peak = 1904.898 ; gain = 0.000
Restored from archive | CPU: 0.000000 secs | Memory: 0.000000 MB |
Finished XDEF File Restore: Time (s): cpu = 00:00:00 ; elapsed = 00:00:00.038 . Memory (MB): peak = 1904.898 ; gain = 0.000
INFO: [Project 1-111] Unisim Transformation Summary:
No Unisim elements were transformed.

open_run: Time (s): cpu = 00:00:27 ; elapsed = 00:00:24 . Memory (MB): peak = 1978.188 ; gain = 875.812
WARNING: [Timing 38-313] There are no user specified timing constraints. Timing constraints are needed for proper timing analysis.
launch_simulation
INFO: [Vivado 12-5682] Launching behavioral simulation in 'C:/Users/RAMINDU/Desktop/2nd sem/Computer Organization and Digital Design/Week 10/Lab 9-10/Nanoprocessor/4-bit Add_Subtract unit/Full Adder/Full_Adder.sim/sim_1/behav/xsim'
INFO: [SIM-utils-51] Simulation object is 'sim_1'
INFO: [SIM-utils-54] Inspecting design source files for 'TB_FA' in fileset 'sim_1'...
INFO: [USF-XSim-97] Finding global include files...
INFO: [USF-XSim-98] Fetching design files from 'sim_1'...
INFO: [USF-XSim-2] XSim::Compile design
INFO: [USF-XSim-61] Executing 'COMPILE and ANALYZE' step in 'C:/Users/RAMINDU/Desktop/2nd sem/Computer Organization and Digital Design/Week 10/Lab 9-10/Nanoprocessor/4-bit Add_Subtract unit/Full Adder/Full_Adder.sim/sim_1/behav/xsim'
"xvhdl --incr --relax -prj TB_FA_vhdl.prj"
INFO: [VRFC 10-163] Analyzing VHDL file "C:/Users/RAMINDU/Desktop/2nd sem/Computer Organization and Digital Design/Week 10/Lab 9-10/Nanoprocessor/4-bit Add_Subtract unit/Full Adder/Full_Adder.srcs/sources_1/new/FA.vhd" into library xil_defaultlib
INFO: [VRFC 10-307] analyzing entity FA
INFO: [VRFC 10-163] Analyzing VHDL file "C:/Users/RAMINDU/Desktop/2nd sem/Computer Organization and Digital Design/Week 10/Lab 9-10/Nanoprocessor/4-bit Add_Subtract unit/Full Adder/Full_Adder.srcs/sources_1/imports/new/HA.vhd" into library xil_defaultlib
INFO: [VRFC 10-307] analyzing entity HA
INFO: [VRFC 10-163] Analyzing VHDL file "C:/Users/RAMINDU/Desktop/2nd sem/Computer Organization and Digital Design/Week 10/Lab 9-10/Nanoprocessor/4-bit Add_Subtract unit/Full Adder/Full_Adder.srcs/sim_1/new/TB_FA.vhd" into library xil_defaultlib
INFO: [VRFC 10-307] analyzing entity TB_FA
INFO: [USF-XSim-69] 'compile' step finished in '2' seconds
INFO: [USF-XSim-3] XSim::Elaborate design
INFO: [USF-XSim-61] Executing 'ELABORATE' step in 'C:/Users/RAMINDU/Desktop/2nd sem/Computer Organization and Digital Design/Week 10/Lab 9-10/Nanoprocessor/4-bit Add_Subtract unit/Full Adder/Full_Adder.sim/sim_1/behav/xsim'
Vivado Simulator 2018.1
Copyright 1986-1999, 2001-2017 Xilinx, Inc. All Rights Reserved.
Running: C:/Xilinx/Vivado/2018.1/bin/unwrapped/win64.o/xelab.exe -wto d84f2775d3c94c008638ae88e6ca3dc2 --incr --debug typical --relax --mt 2 -L xil_defaultlib -L secureip --snapshot TB_FA_behav xil_defaultlib.TB_FA -log elaborate.log 
Using 2 slave threads.
Starting static elaboration
Completed static elaboration
Starting simulation data flow analysis
Completed simulation data flow analysis
Time Resolution for simulation is 1ps
Compiling package std.standard
Compiling package std.textio
Compiling package ieee.std_logic_1164
Compiling architecture behavioral of entity xil_defaultlib.HA [ha_default]
Compiling architecture behavioral of entity xil_defaultlib.FA [fa_default]
Compiling architecture behavioral of entity xil_defaultlib.tb_fa
Built simulation snapshot TB_FA_behav

****** Webtalk v2018.1 (64-bit)
  **** SW Build 2188600 on Wed Apr  4 18:40:38 MDT 2018
  **** IP Build 2185939 on Wed Apr  4 20:55:05 MDT 2018
    ** Copyright 1986-2018 Xilinx, Inc. All Rights Reserved.

source C:/Users/RAMINDU/Desktop/2nd -notrace
couldn't read file "C:/Users/RAMINDU/Desktop/2nd": permission denied
INFO: [Common 17-206] Exiting Webtalk at Sat Jun  3 10:43:50 2023...
INFO: [USF-XSim-69] 'elaborate' step finished in '2' seconds
INFO: [USF-XSim-4] XSim::Simulate design
INFO: [USF-XSim-61] Executing 'SIMULATE' step in 'C:/Users/RAMINDU/Desktop/2nd sem/Computer Organization and Digital Design/Week 10/Lab 9-10/Nanoprocessor/4-bit Add_Subtract unit/Full Adder/Full_Adder.sim/sim_1/behav/xsim'
INFO: [USF-XSim-98] *** Running xsim
   with args "TB_FA_behav -key {Behavioral:sim_1:Functional:TB_FA} -tclbatch {TB_FA.tcl} -log {simulate.log}"
INFO: [USF-XSim-8] Loading simulator feature
Vivado Simulator 2018.1
Time resolution is 1 ps
source TB_FA.tcl
# set curr_wave [current_wave_config]
# if { [string length $curr_wave] == 0 } {
#   if { [llength [get_objects]] > 0} {
#     add_wave /
#     set_property needs_save false [current_wave_config]
#   } else {
#      send_msg_id Add_Wave-1 WARNING "No top level signals found. Simulator will start without a wave window. If you want to open a wave window go to 'File->New Waveform Configuration' or type 'create_wave_config' in the TCL console."
#   }
# }
# run 1000ns
INFO: [USF-XSim-96] XSim completed. Design snapshot 'TB_FA_behav' loaded.
INFO: [USF-XSim-97] XSim simulation ran for 1000ns
launch_simulation: Time (s): cpu = 00:00:09 ; elapsed = 00:00:07 . Memory (MB): peak = 1995.496 ; gain = 8.645
launch_simulation -mode post-synthesis -type functional
INFO: [Vivado 12-5682] Launching post-synthesis functional simulation in 'C:/Users/RAMINDU/Desktop/2nd sem/Computer Organization and Digital Design/Week 10/Lab 9-10/Nanoprocessor/4-bit Add_Subtract unit/Full Adder/Full_Adder.sim/sim_1/synth/func/xsim'
INFO: [SIM-utils-51] Simulation object is 'sim_1'
Design is defaulting to impl run constrset: constrs_1
Design is defaulting to synth run part: xc7a35tcpg236-1
INFO: [Netlist 29-17] Analyzing 3 Unisim elements for replacement
INFO: [Netlist 29-28] Unisim Transformation completed in 0 CPU seconds
INFO: [Project 1-479] Netlist was created with Vivado 2018.1
INFO: [Project 1-570] Preparing netlist for logic optimization
INFO: [Opt 31-138] Pushed 0 inverter(s) to 0 load pin(s).
INFO: [Project 1-111] Unisim Transformation Summary:
No Unisim elements were transformed.

INFO: [SIM-utils-24] Writing simulation netlist file for design 'synth_1'...
INFO: [SIM-utils-26] write_vhdl -mode funcsim -nolib -force -file "C:/Users/RAMINDU/Desktop/2nd sem/Computer Organization and Digital Design/Week 10/Lab 9-10/Nanoprocessor/4-bit Add_Subtract unit/Full Adder/Full_Adder.sim/sim_1/synth/func/xsim/TB_FA_func_synth.vhd"
INFO: [SIM-utils-36] Netlist generated:C:/Users/RAMINDU/Desktop/2nd sem/Computer Organization and Digital Design/Week 10/Lab 9-10/Nanoprocessor/4-bit Add_Subtract unit/Full Adder/Full_Adder.sim/sim_1/synth/func/xsim/TB_FA_func_synth.vhd
INFO: [SIM-utils-54] Inspecting design source files for 'TB_FA' in fileset 'sim_1'...
INFO: [USF-XSim-2] XSim::Compile design
INFO: [USF-XSim-61] Executing 'COMPILE and ANALYZE' step in 'C:/Users/RAMINDU/Desktop/2nd sem/Computer Organization and Digital Design/Week 10/Lab 9-10/Nanoprocessor/4-bit Add_Subtract unit/Full Adder/Full_Adder.sim/sim_1/synth/func/xsim'
"xvhdl --incr --relax -prj TB_FA_vhdl.prj"
INFO: [VRFC 10-163] Analyzing VHDL file "C:/Users/RAMINDU/Desktop/2nd sem/Computer Organization and Digital Design/Week 10/Lab 9-10/Nanoprocessor/4-bit Add_Subtract unit/Full Adder/Full_Adder.sim/sim_1/synth/func/xsim/TB_FA_func_synth.vhd" into library xil_defaultlib
INFO: [VRFC 10-307] analyzing entity FA
INFO: [VRFC 10-163] Analyzing VHDL file "C:/Users/RAMINDU/Desktop/2nd sem/Computer Organization and Digital Design/Week 10/Lab 9-10/Nanoprocessor/4-bit Add_Subtract unit/Full Adder/Full_Adder.srcs/sim_1/new/TB_FA.vhd" into library xil_defaultlib
INFO: [VRFC 10-307] analyzing entity TB_FA
INFO: [USF-XSim-69] 'compile' step finished in '1' seconds
INFO: [USF-XSim-3] XSim::Elaborate design
INFO: [USF-XSim-61] Executing 'ELABORATE' step in 'C:/Users/RAMINDU/Desktop/2nd sem/Computer Organization and Digital Design/Week 10/Lab 9-10/Nanoprocessor/4-bit Add_Subtract unit/Full Adder/Full_Adder.sim/sim_1/synth/func/xsim'
Vivado Simulator 2018.1
Copyright 1986-1999, 2001-2017 Xilinx, Inc. All Rights Reserved.
Running: C:/Xilinx/Vivado/2018.1/bin/unwrapped/win64.o/xelab.exe -wto d84f2775d3c94c008638ae88e6ca3dc2 --incr --debug typical --relax --mt 2 -L xil_defaultlib -L secureip --snapshot TB_FA_func_synth xil_defaultlib.TB_FA -log elaborate.log 
Using 2 slave threads.
Starting static elaboration
Completed static elaboration
Starting simulation data flow analysis
Completed simulation data flow analysis
Time Resolution for simulation is 1ps
Compiling package std.standard
Compiling package std.textio
Compiling package ieee.std_logic_1164
Compiling package ieee.numeric_std
Compiling package unisim.vcomponents
Compiling package ieee.vital_timing
Compiling package ieee.vital_primitives
Compiling package unisim.vpkg
Compiling architecture ibuf_v of entity unisim.IBUF [\IBUF(1,9)(1,1)(1,4)(1,7)\]
Compiling architecture obuf_v of entity unisim.OBUF [\OBUF(1,9)(1,7)(1,4)\]
Compiling architecture lut3_v of entity unisim.LUT3 [\LUT3(init="11101000")(0,7)\]
Compiling architecture lut3_v of entity unisim.LUT3 [\LUT3(init="10010110")(0,7)\]
Compiling architecture structure of entity xil_defaultlib.FA [fa_default]
Compiling architecture behavioral of entity xil_defaultlib.tb_fa
Built simulation snapshot TB_FA_func_synth

****** Webtalk v2018.1 (64-bit)
  **** SW Build 2188600 on Wed Apr  4 18:40:38 MDT 2018
  **** IP Build 2185939 on Wed Apr  4 20:55:05 MDT 2018
    ** Copyright 1986-2018 Xilinx, Inc. All Rights Reserved.

source C:/Users/RAMINDU/Desktop/2nd -notrace
couldn't read file "C:/Users/RAMINDU/Desktop/2nd": permission denied
INFO: [Common 17-206] Exiting Webtalk at Sat Jun  3 10:47:45 2023...
INFO: [USF-XSim-69] 'elaborate' step finished in '2' seconds
INFO: [USF-XSim-4] XSim::Simulate design
INFO: [USF-XSim-61] Executing 'SIMULATE' step in 'C:/Users/RAMINDU/Desktop/2nd sem/Computer Organization and Digital Design/Week 10/Lab 9-10/Nanoprocessor/4-bit Add_Subtract unit/Full Adder/Full_Adder.sim/sim_1/synth/func/xsim'
INFO: [USF-XSim-98] *** Running xsim
   with args "TB_FA_func_synth -key {Post-Synthesis:sim_1:Functional:TB_FA} -tclbatch {TB_FA.tcl} -log {simulate.log}"
INFO: [USF-XSim-8] Loading simulator feature
Vivado Simulator 2018.1
Time resolution is 1 ps
source TB_FA.tcl
# set curr_wave [current_wave_config]
# if { [string length $curr_wave] == 0 } {
#   if { [llength [get_objects]] > 0} {
#     add_wave /
#     set_property needs_save false [current_wave_config]
#   } else {
#      send_msg_id Add_Wave-1 WARNING "No top level signals found. Simulator will start without a wave window. If you want to open a wave window go to 'File->New Waveform Configuration' or type 'create_wave_config' in the TCL console."
#   }
# }
# run 1000ns
INFO: [USF-XSim-96] XSim completed. Design snapshot 'TB_FA_func_synth' loaded.
INFO: [USF-XSim-97] XSim simulation ran for 1000ns
launch_simulation: Time (s): cpu = 00:00:10 ; elapsed = 00:00:09 . Memory (MB): peak = 2162.551 ; gain = 142.129
launch_simulation -mode post-synthesis -type timing
INFO: [Vivado 12-5682] Launching post-synthesis timing simulation in 'C:/Users/RAMINDU/Desktop/2nd sem/Computer Organization and Digital Design/Week 10/Lab 9-10/Nanoprocessor/4-bit Add_Subtract unit/Full Adder/Full_Adder.sim/sim_1/synth/timing/xsim'
INFO: [SIM-utils-51] Simulation object is 'sim_1'
INFO: [SIM-utils-20] The target language is set to VHDL, it is not supported for simulation type 'timing', using Verilog instead.
INFO: [SIM-utils-24] Writing simulation netlist file for design 'synth_1'...
INFO: [SIM-utils-25] write_verilog -mode timesim -nolib -sdf_anno true -force -file "C:/Users/RAMINDU/Desktop/2nd sem/Computer Organization and Digital Design/Week 10/Lab 9-10/Nanoprocessor/4-bit Add_Subtract unit/Full Adder/Full_Adder.sim/sim_1/synth/timing/xsim/TB_FA_time_synth.v"
INFO: [SIM-utils-27] Writing SDF file...
INFO: [SIM-utils-28] write_sdf -mode timesim -process_corner slow -force -file "C:/Users/RAMINDU/Desktop/2nd sem/Computer Organization and Digital Design/Week 10/Lab 9-10/Nanoprocessor/4-bit Add_Subtract unit/Full Adder/Full_Adder.sim/sim_1/synth/timing/xsim/TB_FA_time_synth.sdf"
INFO: [SIM-utils-36] Netlist generated:C:/Users/RAMINDU/Desktop/2nd sem/Computer Organization and Digital Design/Week 10/Lab 9-10/Nanoprocessor/4-bit Add_Subtract unit/Full Adder/Full_Adder.sim/sim_1/synth/timing/xsim/TB_FA_time_synth.v
INFO: [SIM-utils-37] SDF generated:C:/Users/RAMINDU/Desktop/2nd sem/Computer Organization and Digital Design/Week 10/Lab 9-10/Nanoprocessor/4-bit Add_Subtract unit/Full Adder/Full_Adder.sim/sim_1/synth/timing/xsim/TB_FA_time_synth.sdf
INFO: [SIM-utils-54] Inspecting design source files for 'TB_FA' in fileset 'sim_1'...
INFO: [USF-XSim-2] XSim::Compile design
INFO: [USF-XSim-61] Executing 'COMPILE and ANALYZE' step in 'C:/Users/RAMINDU/Desktop/2nd sem/Computer Organization and Digital Design/Week 10/Lab 9-10/Nanoprocessor/4-bit Add_Subtract unit/Full Adder/Full_Adder.sim/sim_1/synth/timing/xsim'
"xvlog --incr --relax -prj TB_FA_vlog.prj"
INFO: [VRFC 10-2263] Analyzing Verilog file "C:/Users/RAMINDU/Desktop/2nd sem/Computer Organization and Digital Design/Week 10/Lab 9-10/Nanoprocessor/4-bit Add_Subtract unit/Full Adder/Full_Adder.sim/sim_1/synth/timing/xsim/TB_FA_time_synth.v" into library xil_defaultlib
INFO: [VRFC 10-311] analyzing module FA
INFO: [VRFC 10-311] analyzing module glbl
"xvhdl --incr --relax -prj TB_FA_vhdl.prj"
INFO: [VRFC 10-163] Analyzing VHDL file "C:/Users/RAMINDU/Desktop/2nd sem/Computer Organization and Digital Design/Week 10/Lab 9-10/Nanoprocessor/4-bit Add_Subtract unit/Full Adder/Full_Adder.srcs/sim_1/new/TB_FA.vhd" into library xil_defaultlib
INFO: [VRFC 10-307] analyzing entity TB_FA
INFO: [USF-XSim-69] 'compile' step finished in '2' seconds
INFO: [USF-XSim-3] XSim::Elaborate design
INFO: [USF-XSim-61] Executing 'ELABORATE' step in 'C:/Users/RAMINDU/Desktop/2nd sem/Computer Organization and Digital Design/Week 10/Lab 9-10/Nanoprocessor/4-bit Add_Subtract unit/Full Adder/Full_Adder.sim/sim_1/synth/timing/xsim'
Vivado Simulator 2018.1
Copyright 1986-1999, 2001-2017 Xilinx, Inc. All Rights Reserved.
Running: C:/Xilinx/Vivado/2018.1/bin/unwrapped/win64.o/xelab.exe -wto d84f2775d3c94c008638ae88e6ca3dc2 --incr --debug typical --relax --mt 2 --maxdelay -L xil_defaultlib -L simprims_ver -L secureip --snapshot TB_FA_time_synth -transport_int_delays -pulse_r 0 -pulse_int_r 0 -pulse_e 0 -pulse_int_e 0 xil_defaultlib.TB_FA xil_defaultlib.glbl -log elaborate.log 
Using 2 slave threads.
Starting static elaboration
Completed static elaboration
Starting simulation data flow analysis
Completed simulation data flow analysis
INFO: [XSIM 43-3451] SDF backannotation process started with SDF file "TB_FA_time_synth.sdf", for root module "TB_FA/UUT".
INFO: [XSIM 43-3452] SDF backannotation was successful for SDF file "TB_FA_time_synth.sdf", for root module "TB_FA/UUT".
Time Resolution for simulation is 1ps
Compiling package std.standard
Compiling package std.textio
Compiling package ieee.std_logic_1164
Compiling package vl.vl_types
Compiling module xil_defaultlib.glbl
Compiling module simprims_ver.IBUF
Compiling module simprims_ver.OBUF
Compiling module simprims_ver.x_lut3_mux8
Compiling module simprims_ver.LUT3
Compiling module xil_defaultlib.FA
Compiling architecture behavioral of entity xil_defaultlib.tb_fa
Built simulation snapshot TB_FA_time_synth

****** Webtalk v2018.1 (64-bit)
  **** SW Build 2188600 on Wed Apr  4 18:40:38 MDT 2018
  **** IP Build 2185939 on Wed Apr  4 20:55:05 MDT 2018
    ** Copyright 1986-2018 Xilinx, Inc. All Rights Reserved.

source C:/Users/RAMINDU/Desktop/2nd -notrace
couldn't read file "C:/Users/RAMINDU/Desktop/2nd": permission denied
INFO: [Common 17-206] Exiting Webtalk at Sat Jun  3 10:48:56 2023...
INFO: [USF-XSim-69] 'elaborate' step finished in '3' seconds
INFO: [USF-XSim-4] XSim::Simulate design
INFO: [USF-XSim-61] Executing 'SIMULATE' step in 'C:/Users/RAMINDU/Desktop/2nd sem/Computer Organization and Digital Design/Week 10/Lab 9-10/Nanoprocessor/4-bit Add_Subtract unit/Full Adder/Full_Adder.sim/sim_1/synth/timing/xsim'
INFO: [USF-XSim-98] *** Running xsim
   with args "TB_FA_time_synth -key {Post-Synthesis:sim_1:Timing:TB_FA} -tclbatch {TB_FA.tcl} -log {simulate.log}"
INFO: [USF-XSim-8] Loading simulator feature
Vivado Simulator 2018.1
Time resolution is 1 ps
source TB_FA.tcl
# set curr_wave [current_wave_config]
# if { [string length $curr_wave] == 0 } {
#   if { [llength [get_objects]] > 0} {
#     add_wave /
#     set_property needs_save false [current_wave_config]
#   } else {
#      send_msg_id Add_Wave-1 WARNING "No top level signals found. Simulator will start without a wave window. If you want to open a wave window go to 'File->New Waveform Configuration' or type 'create_wave_config' in the TCL console."
#   }
# }
# run 1000ns
INFO: [USF-XSim-96] XSim completed. Design snapshot 'TB_FA_time_synth' loaded.
INFO: [USF-XSim-97] XSim simulation ran for 1000ns
launch_simulation: Time (s): cpu = 00:00:05 ; elapsed = 00:00:07 . Memory (MB): peak = 2175.848 ; gain = 8.996
launch_simulation -mode post-implementation -type functional
INFO: [Vivado 12-5682] Launching post-implementation functional simulation in 'C:/Users/RAMINDU/Desktop/2nd sem/Computer Organization and Digital Design/Week 10/Lab 9-10/Nanoprocessor/4-bit Add_Subtract unit/Full Adder/Full_Adder.sim/sim_1/impl/func/xsim'
INFO: [SIM-utils-51] Simulation object is 'sim_1'
INFO: [SIM-utils-31] Writing simulation netlist file for design 'impl_1'...
INFO: [SIM-utils-33] write_vhdl -mode funcsim -nolib -force -file "C:/Users/RAMINDU/Desktop/2nd sem/Computer Organization and Digital Design/Week 10/Lab 9-10/Nanoprocessor/4-bit Add_Subtract unit/Full Adder/Full_Adder.sim/sim_1/impl/func/xsim/TB_FA_func_impl.vhd"
INFO: [SIM-utils-36] Netlist generated:C:/Users/RAMINDU/Desktop/2nd sem/Computer Organization and Digital Design/Week 10/Lab 9-10/Nanoprocessor/4-bit Add_Subtract unit/Full Adder/Full_Adder.sim/sim_1/impl/func/xsim/TB_FA_func_impl.vhd
INFO: [SIM-utils-54] Inspecting design source files for 'TB_FA' in fileset 'sim_1'...
INFO: [USF-XSim-2] XSim::Compile design
INFO: [USF-XSim-61] Executing 'COMPILE and ANALYZE' step in 'C:/Users/RAMINDU/Desktop/2nd sem/Computer Organization and Digital Design/Week 10/Lab 9-10/Nanoprocessor/4-bit Add_Subtract unit/Full Adder/Full_Adder.sim/sim_1/impl/func/xsim'
"xvhdl --incr --relax -prj TB_FA_vhdl.prj"
INFO: [VRFC 10-163] Analyzing VHDL file "C:/Users/RAMINDU/Desktop/2nd sem/Computer Organization and Digital Design/Week 10/Lab 9-10/Nanoprocessor/4-bit Add_Subtract unit/Full Adder/Full_Adder.sim/sim_1/impl/func/xsim/TB_FA_func_impl.vhd" into library xil_defaultlib
INFO: [VRFC 10-307] analyzing entity FA
INFO: [VRFC 10-163] Analyzing VHDL file "C:/Users/RAMINDU/Desktop/2nd sem/Computer Organization and Digital Design/Week 10/Lab 9-10/Nanoprocessor/4-bit Add_Subtract unit/Full Adder/Full_Adder.srcs/sim_1/new/TB_FA.vhd" into library xil_defaultlib
INFO: [VRFC 10-307] analyzing entity TB_FA
INFO: [USF-XSim-69] 'compile' step finished in '2' seconds
INFO: [USF-XSim-3] XSim::Elaborate design
INFO: [USF-XSim-61] Executing 'ELABORATE' step in 'C:/Users/RAMINDU/Desktop/2nd sem/Computer Organization and Digital Design/Week 10/Lab 9-10/Nanoprocessor/4-bit Add_Subtract unit/Full Adder/Full_Adder.sim/sim_1/impl/func/xsim'
Vivado Simulator 2018.1
Copyright 1986-1999, 2001-2017 Xilinx, Inc. All Rights Reserved.
Running: C:/Xilinx/Vivado/2018.1/bin/unwrapped/win64.o/xelab.exe -wto d84f2775d3c94c008638ae88e6ca3dc2 --incr --debug typical --relax --mt 2 -L xil_defaultlib -L secureip --snapshot TB_FA_func_impl xil_defaultlib.TB_FA -log elaborate.log 
Using 2 slave threads.
Starting static elaboration
Completed static elaboration
Starting simulation data flow analysis
Completed simulation data flow analysis
Time Resolution for simulation is 1ps
Compiling package std.standard
Compiling package std.textio
Compiling package ieee.std_logic_1164
Compiling package ieee.numeric_std
Compiling package unisim.vcomponents
Compiling package ieee.vital_timing
Compiling package ieee.vital_primitives
Compiling package unisim.vpkg
Compiling architecture ibuf_v of entity unisim.IBUF [\IBUF(1,9)(1,1)(1,4)(1,7)\]
Compiling architecture obuf_v of entity unisim.OBUF [\OBUF(1,9)(1,7)(1,4)\]
Compiling architecture lut3_v of entity unisim.LUT3 [\LUT3(init="11101000")(0,7)\]
Compiling architecture lut3_v of entity unisim.LUT3 [\LUT3(init="10010110")(0,7)\]
Compiling architecture structure of entity xil_defaultlib.FA [fa_default]
Compiling architecture behavioral of entity xil_defaultlib.tb_fa
Built simulation snapshot TB_FA_func_impl

****** Webtalk v2018.1 (64-bit)
  **** SW Build 2188600 on Wed Apr  4 18:40:38 MDT 2018
  **** IP Build 2185939 on Wed Apr  4 20:55:05 MDT 2018
    ** Copyright 1986-2018 Xilinx, Inc. All Rights Reserved.

source C:/Users/RAMINDU/Desktop/2nd -notrace
couldn't read file "C:/Users/RAMINDU/Desktop/2nd": permission denied
INFO: [Common 17-206] Exiting Webtalk at Sat Jun  3 10:49:31 2023...
INFO: [USF-XSim-69] 'elaborate' step finished in '2' seconds
INFO: [USF-XSim-4] XSim::Simulate design
INFO: [USF-XSim-61] Executing 'SIMULATE' step in 'C:/Users/RAMINDU/Desktop/2nd sem/Computer Organization and Digital Design/Week 10/Lab 9-10/Nanoprocessor/4-bit Add_Subtract unit/Full Adder/Full_Adder.sim/sim_1/impl/func/xsim'
INFO: [USF-XSim-98] *** Running xsim
   with args "TB_FA_func_impl -key {Post-Implementation:sim_1:Functional:TB_FA} -tclbatch {TB_FA.tcl} -log {simulate.log}"
INFO: [USF-XSim-8] Loading simulator feature
Vivado Simulator 2018.1
Time resolution is 1 ps
source TB_FA.tcl
# set curr_wave [current_wave_config]
# if { [string length $curr_wave] == 0 } {
#   if { [llength [get_objects]] > 0} {
#     add_wave /
#     set_property needs_save false [current_wave_config]
#   } else {
#      send_msg_id Add_Wave-1 WARNING "No top level signals found. Simulator will start without a wave window. If you want to open a wave window go to 'File->New Waveform Configuration' or type 'create_wave_config' in the TCL console."
#   }
# }
# run 1000ns
INFO: [USF-XSim-96] XSim completed. Design snapshot 'TB_FA_func_impl' loaded.
INFO: [USF-XSim-97] XSim simulation ran for 1000ns
launch_simulation: Time (s): cpu = 00:00:02 ; elapsed = 00:00:06 . Memory (MB): peak = 2180.461 ; gain = 4.613
launch_simulation -mode post-implementation -type timing
INFO: [Vivado 12-5682] Launching post-implementation timing simulation in 'C:/Users/RAMINDU/Desktop/2nd sem/Computer Organization and Digital Design/Week 10/Lab 9-10/Nanoprocessor/4-bit Add_Subtract unit/Full Adder/Full_Adder.sim/sim_1/impl/timing/xsim'
INFO: [SIM-utils-51] Simulation object is 'sim_1'
INFO: [SIM-utils-20] The target language is set to VHDL, it is not supported for simulation type 'timing', using Verilog instead.
INFO: [SIM-utils-31] Writing simulation netlist file for design 'impl_1'...
INFO: [SIM-utils-32] write_verilog -mode timesim -nolib -sdf_anno true -force -file "C:/Users/RAMINDU/Desktop/2nd sem/Computer Organization and Digital Design/Week 10/Lab 9-10/Nanoprocessor/4-bit Add_Subtract unit/Full Adder/Full_Adder.sim/sim_1/impl/timing/xsim/TB_FA_time_impl.v"
INFO: [SIM-utils-34] Writing SDF file...
INFO: [SIM-utils-35] write_sdf -mode timesim -process_corner slow -force -file "C:/Users/RAMINDU/Desktop/2nd sem/Computer Organization and Digital Design/Week 10/Lab 9-10/Nanoprocessor/4-bit Add_Subtract unit/Full Adder/Full_Adder.sim/sim_1/impl/timing/xsim/TB_FA_time_impl.sdf"
INFO: [SIM-utils-36] Netlist generated:C:/Users/RAMINDU/Desktop/2nd sem/Computer Organization and Digital Design/Week 10/Lab 9-10/Nanoprocessor/4-bit Add_Subtract unit/Full Adder/Full_Adder.sim/sim_1/impl/timing/xsim/TB_FA_time_impl.v
INFO: [SIM-utils-37] SDF generated:C:/Users/RAMINDU/Desktop/2nd sem/Computer Organization and Digital Design/Week 10/Lab 9-10/Nanoprocessor/4-bit Add_Subtract unit/Full Adder/Full_Adder.sim/sim_1/impl/timing/xsim/TB_FA_time_impl.sdf
INFO: [SIM-utils-54] Inspecting design source files for 'TB_FA' in fileset 'sim_1'...
INFO: [USF-XSim-2] XSim::Compile design
INFO: [USF-XSim-61] Executing 'COMPILE and ANALYZE' step in 'C:/Users/RAMINDU/Desktop/2nd sem/Computer Organization and Digital Design/Week 10/Lab 9-10/Nanoprocessor/4-bit Add_Subtract unit/Full Adder/Full_Adder.sim/sim_1/impl/timing/xsim'
"xvlog --incr --relax -prj TB_FA_vlog.prj"
INFO: [VRFC 10-2263] Analyzing Verilog file "C:/Users/RAMINDU/Desktop/2nd sem/Computer Organization and Digital Design/Week 10/Lab 9-10/Nanoprocessor/4-bit Add_Subtract unit/Full Adder/Full_Adder.sim/sim_1/impl/timing/xsim/TB_FA_time_impl.v" into library xil_defaultlib
INFO: [VRFC 10-311] analyzing module FA
INFO: [VRFC 10-311] analyzing module glbl
"xvhdl --incr --relax -prj TB_FA_vhdl.prj"
INFO: [VRFC 10-163] Analyzing VHDL file "C:/Users/RAMINDU/Desktop/2nd sem/Computer Organization and Digital Design/Week 10/Lab 9-10/Nanoprocessor/4-bit Add_Subtract unit/Full Adder/Full_Adder.srcs/sim_1/new/TB_FA.vhd" into library xil_defaultlib
INFO: [VRFC 10-307] analyzing entity TB_FA
INFO: [USF-XSim-69] 'compile' step finished in '2' seconds
INFO: [USF-XSim-3] XSim::Elaborate design
INFO: [USF-XSim-61] Executing 'ELABORATE' step in 'C:/Users/RAMINDU/Desktop/2nd sem/Computer Organization and Digital Design/Week 10/Lab 9-10/Nanoprocessor/4-bit Add_Subtract unit/Full Adder/Full_Adder.sim/sim_1/impl/timing/xsim'
Vivado Simulator 2018.1
Copyright 1986-1999, 2001-2017 Xilinx, Inc. All Rights Reserved.
Running: C:/Xilinx/Vivado/2018.1/bin/unwrapped/win64.o/xelab.exe -wto d84f2775d3c94c008638ae88e6ca3dc2 --incr --debug typical --relax --mt 2 --maxdelay -L xil_defaultlib -L simprims_ver -L secureip --snapshot TB_FA_time_impl -transport_int_delays -pulse_r 0 -pulse_int_r 0 -pulse_e 0 -pulse_int_e 0 xil_defaultlib.TB_FA xil_defaultlib.glbl -log elaborate.log 
Using 2 slave threads.
Starting static elaboration
Completed static elaboration
Starting simulation data flow analysis
Completed simulation data flow analysis
INFO: [XSIM 43-3451] SDF backannotation process started with SDF file "TB_FA_time_impl.sdf", for root module "TB_FA/UUT".
INFO: [XSIM 43-3452] SDF backannotation was successful for SDF file "TB_FA_time_impl.sdf", for root module "TB_FA/UUT".
Time Resolution for simulation is 1ps
Compiling package std.standard
Compiling package std.textio
Compiling package ieee.std_logic_1164
Compiling package vl.vl_types
Compiling module xil_defaultlib.glbl
Compiling module simprims_ver.IBUF
Compiling module simprims_ver.OBUF
Compiling module simprims_ver.x_lut3_mux8
Compiling module simprims_ver.LUT3
Compiling module xil_defaultlib.FA
Compiling architecture behavioral of entity xil_defaultlib.tb_fa
Built simulation snapshot TB_FA_time_impl

****** Webtalk v2018.1 (64-bit)
  **** SW Build 2188600 on Wed Apr  4 18:40:38 MDT 2018
  **** IP Build 2185939 on Wed Apr  4 20:55:05 MDT 2018
    ** Copyright 1986-2018 Xilinx, Inc. All Rights Reserved.

source C:/Users/RAMINDU/Desktop/2nd -notrace
couldn't read file "C:/Users/RAMINDU/Desktop/2nd": permission denied
INFO: [Common 17-206] Exiting Webtalk at Sat Jun  3 10:50:05 2023...
INFO: [USF-XSim-69] 'elaborate' step finished in '2' seconds
INFO: [USF-XSim-4] XSim::Simulate design
INFO: [USF-XSim-61] Executing 'SIMULATE' step in 'C:/Users/RAMINDU/Desktop/2nd sem/Computer Organization and Digital Design/Week 10/Lab 9-10/Nanoprocessor/4-bit Add_Subtract unit/Full Adder/Full_Adder.sim/sim_1/impl/timing/xsim'
INFO: [USF-XSim-98] *** Running xsim
   with args "TB_FA_time_impl -key {Post-Implementation:sim_1:Timing:TB_FA} -tclbatch {TB_FA.tcl} -log {simulate.log}"
INFO: [USF-XSim-8] Loading simulator feature
Vivado Simulator 2018.1
Time resolution is 1 ps
source TB_FA.tcl
# set curr_wave [current_wave_config]
# if { [string length $curr_wave] == 0 } {
#   if { [llength [get_objects]] > 0} {
#     add_wave /
#     set_property needs_save false [current_wave_config]
#   } else {
#      send_msg_id Add_Wave-1 WARNING "No top level signals found. Simulator will start without a wave window. If you want to open a wave window go to 'File->New Waveform Configuration' or type 'create_wave_config' in the TCL console."
#   }
# }
# run 1000ns
INFO: [USF-XSim-96] XSim completed. Design snapshot 'TB_FA_time_impl' loaded.
INFO: [USF-XSim-97] XSim simulation ran for 1000ns
launch_simulation: Time (s): cpu = 00:00:06 ; elapsed = 00:00:07 . Memory (MB): peak = 2192.852 ; gain = 12.145
ipx::package_project -root_dir {c:/users/ramindu/desktop/2nd sem/computer organization and digital design/week 10/lab 9-10/nanoprocessor/4-bit add_subtract unit/full adder/full_adder.srcs} -vendor xilinx.com -library user -taxonomy /UserIP
CRITICAL WARNING: [IP_Flow 19-530] File Group 'xilinx_anylanguagesynthesis (Synthesis)': Component file '../../../../../../../../../../../Users/RAMINDU/Desktop/2nd sem/Computer Organization and Digital Design/Week 10/Lab 9-10/Nanoprocessor/4-bit Add_Subtract unit/Full Adder/Full_Adder.srcs/sources_1/imports/new/HA.vhd' (c:/users/ramindu/desktop/2nd sem/computer organization and digital design/week 10/lab 9-10/nanoprocessor/4-bit add_subtract unit/full adder/full_adder.srcs/../../../../../../../../../../../Users/RAMINDU/Desktop/2nd sem/Computer Organization and Digital Design/Week 10/Lab 9-10/Nanoprocessor/4-bit Add_Subtract unit/Full Adder/Full_Adder.srcs/sources_1/imports/new/HA.vhd) does not exist.
CRITICAL WARNING: [IP_Flow 19-530] File Group 'xilinx_anylanguagesynthesis (Synthesis)': Component file '../../../../../../../../../../../Users/RAMINDU/Desktop/2nd sem/Computer Organization and Digital Design/Week 10/Lab 9-10/Nanoprocessor/4-bit Add_Subtract unit/Full Adder/Full_Adder.srcs/sources_1/new/FA.vhd' (c:/users/ramindu/desktop/2nd sem/computer organization and digital design/week 10/lab 9-10/nanoprocessor/4-bit add_subtract unit/full adder/full_adder.srcs/../../../../../../../../../../../Users/RAMINDU/Desktop/2nd sem/Computer Organization and Digital Design/Week 10/Lab 9-10/Nanoprocessor/4-bit Add_Subtract unit/Full Adder/Full_Adder.srcs/sources_1/new/FA.vhd) does not exist.
CRITICAL WARNING: [IP_Flow 19-530] File Group 'xilinx_anylanguagebehavioralsimulation (Simulation)': Component file '../../../../../../../../../../../Users/RAMINDU/Desktop/2nd sem/Computer Organization and Digital Design/Week 10/Lab 9-10/Nanoprocessor/4-bit Add_Subtract unit/Full Adder/Full_Adder.srcs/sources_1/imports/new/HA.vhd' (c:/users/ramindu/desktop/2nd sem/computer organization and digital design/week 10/lab 9-10/nanoprocessor/4-bit add_subtract unit/full adder/full_adder.srcs/../../../../../../../../../../../Users/RAMINDU/Desktop/2nd sem/Computer Organization and Digital Design/Week 10/Lab 9-10/Nanoprocessor/4-bit Add_Subtract unit/Full Adder/Full_Adder.srcs/sources_1/imports/new/HA.vhd) does not exist.
CRITICAL WARNING: [IP_Flow 19-530] File Group 'xilinx_anylanguagebehavioralsimulation (Simulation)': Component file '../../../../../../../../../../../Users/RAMINDU/Desktop/2nd sem/Computer Organization and Digital Design/Week 10/Lab 9-10/Nanoprocessor/4-bit Add_Subtract unit/Full Adder/Full_Adder.srcs/sources_1/new/FA.vhd' (c:/users/ramindu/desktop/2nd sem/computer organization and digital design/week 10/lab 9-10/nanoprocessor/4-bit add_subtract unit/full adder/full_adder.srcs/../../../../../../../../../../../Users/RAMINDU/Desktop/2nd sem/Computer Organization and Digital Design/Week 10/Lab 9-10/Nanoprocessor/4-bit Add_Subtract unit/Full Adder/Full_Adder.srcs/sources_1/new/FA.vhd) does not exist.
CRITICAL WARNING: [IP_Flow 19-530] File Group 'xilinx_testbench (Test Bench)': Component file '../../../../../../../../../../../Users/RAMINDU/Desktop/2nd sem/Computer Organization and Digital Design/Week 10/Lab 9-10/Nanoprocessor/4-bit Add_Subtract unit/Full Adder/Full_Adder.srcs/sim_1/new/TB_FA.vhd' (c:/users/ramindu/desktop/2nd sem/computer organization and digital design/week 10/lab 9-10/nanoprocessor/4-bit add_subtract unit/full adder/full_adder.srcs/../../../../../../../../../../../Users/RAMINDU/Desktop/2nd sem/Computer Organization and Digital Design/Week 10/Lab 9-10/Nanoprocessor/4-bit Add_Subtract unit/Full Adder/Full_Adder.srcs/sim_1/new/TB_FA.vhd) does not exist.
INFO: [IP_Flow 19-2181] Payment Required is not set for this core.
INFO: [IP_Flow 19-2187] The Product Guide file is missing.
synth_design -rtl -name rtl_1
Command: synth_design -rtl -name rtl_1
Starting synth_design
Using part: xc7a35tcpg236-1
Top: FA
---------------------------------------------------------------------------------
Starting RTL Elaboration : Time (s): cpu = 00:00:09 ; elapsed = 00:00:05 . Memory (MB): peak = 2285.199 ; gain = 92.348
---------------------------------------------------------------------------------
INFO: [Synth 8-638] synthesizing module 'FA' [C:/Users/RAMINDU/Desktop/2nd sem/Computer Organization and Digital Design/Week 10/Lab 9-10/Nanoprocessor/4-bit Add_Subtract unit/Full Adder/Full_Adder.srcs/sources_1/new/FA.vhd:12]
INFO: [Synth 8-3491] module 'HA' declared at 'C:/Users/RAMINDU/Desktop/2nd sem/Computer Organization and Digital Design/Week 10/Lab 9-10/Nanoprocessor/4-bit Add_Subtract unit/Full Adder/Full_Adder.srcs/sources_1/imports/new/HA.vhd:4' bound to instance 'HA_0' of component 'HA' [C:/Users/RAMINDU/Desktop/2nd sem/Computer Organization and Digital Design/Week 10/Lab 9-10/Nanoprocessor/4-bit Add_Subtract unit/Full Adder/Full_Adder.srcs/sources_1/new/FA.vhd:25]
INFO: [Synth 8-638] synthesizing module 'HA' [C:/Users/RAMINDU/Desktop/2nd sem/Computer Organization and Digital Design/Week 10/Lab 9-10/Nanoprocessor/4-bit Add_Subtract unit/Full Adder/Full_Adder.srcs/sources_1/imports/new/HA.vhd:11]
INFO: [Synth 8-256] done synthesizing module 'HA' (1#1) [C:/Users/RAMINDU/Desktop/2nd sem/Computer Organization and Digital Design/Week 10/Lab 9-10/Nanoprocessor/4-bit Add_Subtract unit/Full Adder/Full_Adder.srcs/sources_1/imports/new/HA.vhd:11]
INFO: [Synth 8-3491] module 'HA' declared at 'C:/Users/RAMINDU/Desktop/2nd sem/Computer Organization and Digital Design/Week 10/Lab 9-10/Nanoprocessor/4-bit Add_Subtract unit/Full Adder/Full_Adder.srcs/sources_1/imports/new/HA.vhd:4' bound to instance 'HA_1' of component 'HA' [C:/Users/RAMINDU/Desktop/2nd sem/Computer Organization and Digital Design/Week 10/Lab 9-10/Nanoprocessor/4-bit Add_Subtract unit/Full Adder/Full_Adder.srcs/sources_1/new/FA.vhd:32]
INFO: [Synth 8-256] done synthesizing module 'FA' (2#1) [C:/Users/RAMINDU/Desktop/2nd sem/Computer Organization and Digital Design/Week 10/Lab 9-10/Nanoprocessor/4-bit Add_Subtract unit/Full Adder/Full_Adder.srcs/sources_1/new/FA.vhd:12]
---------------------------------------------------------------------------------
Finished RTL Elaboration : Time (s): cpu = 00:00:10 ; elapsed = 00:00:06 . Memory (MB): peak = 2325.797 ; gain = 132.945
---------------------------------------------------------------------------------

Report Check Netlist: 
+------+------------------+-------+---------+-------+------------------+
|      |Item              |Errors |Warnings |Status |Description       |
+------+------------------+-------+---------+-------+------------------+
|1     |multi_driven_nets |      0|        0|Passed |Multi driven nets |
+------+------------------+-------+---------+-------+------------------+
---------------------------------------------------------------------------------
Start Handling Custom Attributes
---------------------------------------------------------------------------------
---------------------------------------------------------------------------------
Finished Handling Custom Attributes : Time (s): cpu = 00:00:10 ; elapsed = 00:00:06 . Memory (MB): peak = 2325.797 ; gain = 132.945
---------------------------------------------------------------------------------
---------------------------------------------------------------------------------
Finished RTL Optimization Phase 1 : Time (s): cpu = 00:00:10 ; elapsed = 00:00:06 . Memory (MB): peak = 2325.797 ; gain = 132.945
---------------------------------------------------------------------------------
INFO: [Project 1-570] Preparing netlist for logic optimization

Processing XDC Constraints
Initializing timing engine
Completed Processing XDC Constraints

INFO: [Opt 31-138] Pushed 0 inverter(s) to 0 load pin(s).
INFO: [Project 1-111] Unisim Transformation Summary:
No Unisim elements were transformed.

RTL Elaboration Complete:  : Time (s): cpu = 00:00:15 ; elapsed = 00:00:09 . Memory (MB): peak = 2424.824 ; gain = 231.973
9 Infos, 0 Warnings, 0 Critical Warnings and 0 Errors encountered.
synth_design completed successfully
synth_design: Time (s): cpu = 00:00:15 ; elapsed = 00:00:09 . Memory (MB): peak = 2424.824 ; gain = 231.973
ipx::open_ipxact_file {C:/Users/RAMINDU/Desktop/2nd sem/Computer Organization and Digital Design/Week 10/Lab 9-10/Nanoprocessor/4-bit Add_Subtract unit/Half Adder/Half_Adder.srcs/component.xml}
ipx::unload_core {c:/Users/RAMINDU/Desktop/2nd sem/Computer Organization and Digital Design/Week 10/Lab 9-10/Nanoprocessor/4-bit Add_Subtract unit/Half Adder/Half_Adder.srcs/component.xml}
ipx::open_ipxact_file {C:/Users/RAMINDU/Desktop/2nd sem/Computer Organization and Digital Design/Week 10/Lab 9-10/Nanoprocessor/4-bit Add_Subtract unit/Half Adder/Half_Adder.srcs/component.xml}
ipx::update_checksums [ipx::find_open_core Ramindu-Abeygunawardane:user:FA:1.0]
ipx::save_core [ipx::find_open_core Ramindu-Abeygunawardane:user:FA:1.0]
ipx::current_core {c:/users/ramindu/desktop/2nd sem/computer organization and digital design/week 10/lab 9-10/nanoprocessor/4-bit add_subtract unit/full adder/full_adder.srcs/component.xml}
set_property  ip_repo_paths  {{C:/Users/RAMINDU/Desktop/2nd sem/Computer Organization and Digital Design/Week 10/Lab 9-10/Nanoprocessor}} [current_project]
update_ip_catalog
INFO: [IP_Flow 19-234] Refreshing IP repositories
INFO: [IP_Flow 19-1700] Loaded user IP repository 'c:/Users/RAMINDU/Desktop/2nd sem/Computer Organization and Digital Design/Week 10/Lab 9-10/Nanoprocessor'.
WARNING: [IP_Flow 19-3656] If you move the project, the path for repository 'c:/Users/RAMINDU/Desktop/2nd sem/Computer Organization and Digital Design/Week 10/Lab 9-10/Nanoprocessor' may become invalid. A better location for the repository would be in a path adjacent to the project. (Current project location is 'c:/Users/RAMINDU/Desktop/2nd sem/Computer Organization and Digital Design/Week 10/Lab 9-10/Nanoprocessor/4-bit Add_Subtract unit/Full Adder'.)
create_project 4bit_RCA {C:/Users/RAMINDU/Desktop/2nd sem/Computer Organization and Digital Design/Week 10/Lab 9-10/Nanoprocessor/4-bit Add_Subtract unit/Full Adder} -part xc7a35tcpg236-1
INFO: [ProjectBase 1-489] The host OS only allows 260 characters in a normal path. The project is stored in a path with more than 80 characters. If you experience issues with IP, Block Designs, or files not being found, please consider moving the project to a location with a shorter path. Alternately consider using the OS subst command to map part of the path to a drive letter.
Current project path is 'C:/Users/RAMINDU/Desktop/2nd sem/Computer Organization and Digital Design/Week 10/Lab 9-10/Nanoprocessor/4-bit Add_Subtract unit/Full Adder'
INFO: [IP_Flow 19-234] Refreshing IP repositories
INFO: [IP_Flow 19-1704] No user IP repositories specified
INFO: [IP_Flow 19-2313] Loaded Vivado IP repository 'C:/Xilinx/Vivado/2018.1/data/ip'.
set_property board_part digilentinc.com:basys3:part0:1.2 [current_project]
file mkdir C:/Users/RAMINDU/Desktop/2nd sem/Computer Organization and Digital Design/Week 10/Lab 9-10/Nanoprocessor/4-bit Add_Subtract unit/Full Adder/4bit_RCA.srcs/sources_1/new
file mkdir C:/Users/RAMINDU/Desktop/2nd sem/Computer Organization and Digital Design/Week 10/Lab 9-10/Nanoprocessor/4-bit Add_Subtract unit/Full Adder/4bit_RCA.srcs/sources_1/new
file mkdir C:/Users/RAMINDU/Desktop/2nd sem/Computer Organization and Digital Design/Week 10/Lab 9-10/Nanoprocessor/4-bit Add_Subtract unit/Full Adder/4bit_RCA.srcs/sources_1/new
file mkdir C:/Users/RAMINDU/Desktop/2nd sem/Computer Organization and Digital Design/Week 10/Lab 9-10/Nanoprocessor/4-bit Add_Subtract unit/Full Adder/4bit_RCA.srcs/sources_1/new
file mkdir C:/Users/RAMINDU/Desktop/2nd sem/Computer Organization and Digital Design/Week 10/Lab 9-10/Nanoprocessor/4-bit Add_Subtract unit/Full Adder/4bit_RCA.srcs/sources_1/new
file mkdir C:/Users/RAMINDU/Desktop/2nd sem/Computer Organization and Digital Design/Week 10/Lab 9-10/Nanoprocessor/4-bit Add_Subtract unit/Full Adder/4bit_RCA.srcs/sources_1/new
file mkdir {C:/Users/RAMINDU/Desktop/2nd sem/Computer Organization and Digital Design/Week 10/Lab 9-10/Nanoprocessor/4-bit Add_Subtract unit/Full Adder/4bit_RCA.srcs/sources_1/new}
close [ open {C:/Users/RAMINDU/Desktop/2nd sem/Computer Organization and Digital Design/Week 10/Lab 9-10/Nanoprocessor/4-bit Add_Subtract unit/Full Adder/4bit_RCA.srcs/sources_1/new/4bit_RCA.vhd} w ]
add_files {{C:/Users/RAMINDU/Desktop/2nd sem/Computer Organization and Digital Design/Week 10/Lab 9-10/Nanoprocessor/4-bit Add_Subtract unit/Full Adder/4bit_RCA.srcs/sources_1/new/4bit_RCA.vhd}}
update_compile_order -fileset sources_1
close_project
create_project RCA_4bit {C:/Users/RAMINDU/Desktop/2nd sem/Computer Organization and Digital Design/Week 10/Lab 9-10/Nanoprocessor/4-bit Add_Subtract unit/Ripple Carry Adder} -part xc7a35tcpg236-1
INFO: [ProjectBase 1-489] The host OS only allows 260 characters in a normal path. The project is stored in a path with more than 80 characters. If you experience issues with IP, Block Designs, or files not being found, please consider moving the project to a location with a shorter path. Alternately consider using the OS subst command to map part of the path to a drive letter.
Current project path is 'C:/Users/RAMINDU/Desktop/2nd sem/Computer Organization and Digital Design/Week 10/Lab 9-10/Nanoprocessor/4-bit Add_Subtract unit/Ripple Carry Adder'
INFO: [IP_Flow 19-234] Refreshing IP repositories
INFO: [IP_Flow 19-1704] No user IP repositories specified
INFO: [IP_Flow 19-2313] Loaded Vivado IP repository 'C:/Xilinx/Vivado/2018.1/data/ip'.
set_property board_part digilentinc.com:basys3:part0:1.2 [current_project]
set_property target_language VHDL [current_project]
WARNING: [filemgmt 56-199] Attempt to get parsing info during refresh. "On-the-fly" syntax checking information may be incorrect. [C:/Users/RAMINDU/Desktop/2nd sem/Computer Organization and Digital Design/Week 10/Lab 9-10/Nanoprocessor/4-bit Add_Subtract unit/Full Adder/Full_Adder.srcs/sim_1/new/TB_FA.vhd:]
WARNING: [filemgmt 56-199] Attempt to get parsing info during refresh. "On-the-fly" syntax checking information may be incorrect. [C:/Users/RAMINDU/Desktop/2nd sem/Computer Organization and Digital Design/Week 10/Lab 9-10/Nanoprocessor/4-bit Add_Subtract unit/Full Adder/Full_Adder.srcs/sources_1/new/FA.vhd:]
update_ip_catalog
update_ip_catalog
file mkdir C:/Users/RAMINDU/Desktop/2nd sem/Computer Organization and Digital Design/Week 10/Lab 9-10/Nanoprocessor/4-bit Add_Subtract unit/Ripple Carry Adder/RCA_4bit.srcs/sources_1/new
file mkdir C:/Users/RAMINDU/Desktop/2nd sem/Computer Organization and Digital Design/Week 10/Lab 9-10/Nanoprocessor/4-bit Add_Subtract unit/Ripple Carry Adder/RCA_4bit.srcs/sources_1/new
file mkdir C:/Users/RAMINDU/Desktop/2nd sem/Computer Organization and Digital Design/Week 10/Lab 9-10/Nanoprocessor/4-bit Add_Subtract unit/Ripple Carry Adder/RCA_4bit.srcs/sources_1/new
file mkdir C:/Users/RAMINDU/Desktop/2nd sem/Computer Organization and Digital Design/Week 10/Lab 9-10/Nanoprocessor/4-bit Add_Subtract unit/Ripple Carry Adder/RCA_4bit.srcs/sources_1/new
file mkdir C:/Users/RAMINDU/Desktop/2nd sem/Computer Organization and Digital Design/Week 10/Lab 9-10/Nanoprocessor/4-bit Add_Subtract unit/Ripple Carry Adder/RCA_4bit.srcs/sources_1/new
file mkdir C:/Users/RAMINDU/Desktop/2nd sem/Computer Organization and Digital Design/Week 10/Lab 9-10/Nanoprocessor/4-bit Add_Subtract unit/Ripple Carry Adder/RCA_4bit.srcs/sources_1/new
file mkdir {C:/Users/RAMINDU/Desktop/2nd sem/Computer Organization and Digital Design/Week 10/Lab 9-10/Nanoprocessor/4-bit Add_Subtract unit/Ripple Carry Adder/RCA_4bit.srcs/sources_1/new}
close [ open {C:/Users/RAMINDU/Desktop/2nd sem/Computer Organization and Digital Design/Week 10/Lab 9-10/Nanoprocessor/4-bit Add_Subtract unit/Ripple Carry Adder/RCA_4bit.srcs/sources_1/new/RCA_4bit.vhd} w ]
add_files {{C:/Users/RAMINDU/Desktop/2nd sem/Computer Organization and Digital Design/Week 10/Lab 9-10/Nanoprocessor/4-bit Add_Subtract unit/Ripple Carry Adder/RCA_4bit.srcs/sources_1/new/RCA_4bit.vhd}}
update_compile_order -fileset sources_1
current_project Full_Adder
close_sim
INFO: [Simtcl 6-16] Simulation closed
launch_simulation -mode post-implementation -type timing
INFO: [Vivado 12-5682] Launching post-implementation timing simulation in 'C:/Users/RAMINDU/Desktop/2nd sem/Computer Organization and Digital Design/Week 10/Lab 9-10/Nanoprocessor/4-bit Add_Subtract unit/Full Adder/Full_Adder.sim/sim_1/impl/timing/xsim'
INFO: [SIM-utils-51] Simulation object is 'sim_1'
INFO: [SIM-utils-20] The target language is set to VHDL, it is not supported for simulation type 'timing', using Verilog instead.
INFO: [SIM-utils-31] Writing simulation netlist file for design 'impl_1'...
INFO: [SIM-utils-32] write_verilog -mode timesim -nolib -sdf_anno true -force -file "C:/Users/RAMINDU/Desktop/2nd sem/Computer Organization and Digital Design/Week 10/Lab 9-10/Nanoprocessor/4-bit Add_Subtract unit/Full Adder/Full_Adder.sim/sim_1/impl/timing/xsim/TB_FA_time_impl.v"
INFO: [SIM-utils-34] Writing SDF file...
INFO: [SIM-utils-35] write_sdf -mode timesim -process_corner slow -force -file "C:/Users/RAMINDU/Desktop/2nd sem/Computer Organization and Digital Design/Week 10/Lab 9-10/Nanoprocessor/4-bit Add_Subtract unit/Full Adder/Full_Adder.sim/sim_1/impl/timing/xsim/TB_FA_time_impl.sdf"
INFO: [SIM-utils-36] Netlist generated:C:/Users/RAMINDU/Desktop/2nd sem/Computer Organization and Digital Design/Week 10/Lab 9-10/Nanoprocessor/4-bit Add_Subtract unit/Full Adder/Full_Adder.sim/sim_1/impl/timing/xsim/TB_FA_time_impl.v
INFO: [SIM-utils-37] SDF generated:C:/Users/RAMINDU/Desktop/2nd sem/Computer Organization and Digital Design/Week 10/Lab 9-10/Nanoprocessor/4-bit Add_Subtract unit/Full Adder/Full_Adder.sim/sim_1/impl/timing/xsim/TB_FA_time_impl.sdf
INFO: [SIM-utils-54] Inspecting design source files for 'TB_FA' in fileset 'sim_1'...
INFO: [USF-XSim-2] XSim::Compile design
INFO: [USF-XSim-61] Executing 'COMPILE and ANALYZE' step in 'C:/Users/RAMINDU/Desktop/2nd sem/Computer Organization and Digital Design/Week 10/Lab 9-10/Nanoprocessor/4-bit Add_Subtract unit/Full Adder/Full_Adder.sim/sim_1/impl/timing/xsim'
"xvlog --incr --relax -prj TB_FA_vlog.prj"
INFO: [VRFC 10-2263] Analyzing Verilog file "C:/Users/RAMINDU/Desktop/2nd sem/Computer Organization and Digital Design/Week 10/Lab 9-10/Nanoprocessor/4-bit Add_Subtract unit/Full Adder/Full_Adder.sim/sim_1/impl/timing/xsim/TB_FA_time_impl.v" into library xil_defaultlib
INFO: [VRFC 10-311] analyzing module FA
INFO: [VRFC 10-311] analyzing module glbl
"xvhdl --incr --relax -prj TB_FA_vhdl.prj"
INFO: [VRFC 10-163] Analyzing VHDL file "C:/Users/RAMINDU/Desktop/2nd sem/Computer Organization and Digital Design/Week 10/Lab 9-10/Nanoprocessor/4-bit Add_Subtract unit/Full Adder/Full_Adder.srcs/sim_1/new/TB_FA.vhd" into library xil_defaultlib
INFO: [VRFC 10-307] analyzing entity TB_FA
INFO: [USF-XSim-69] 'compile' step finished in '3' seconds
INFO: [USF-XSim-3] XSim::Elaborate design
INFO: [USF-XSim-61] Executing 'ELABORATE' step in 'C:/Users/RAMINDU/Desktop/2nd sem/Computer Organization and Digital Design/Week 10/Lab 9-10/Nanoprocessor/4-bit Add_Subtract unit/Full Adder/Full_Adder.sim/sim_1/impl/timing/xsim'
Vivado Simulator 2018.1
Copyright 1986-1999, 2001-2017 Xilinx, Inc. All Rights Reserved.
Running: C:/Xilinx/Vivado/2018.1/bin/unwrapped/win64.o/xelab.exe -wto d84f2775d3c94c008638ae88e6ca3dc2 --incr --debug typical --relax --mt 2 --maxdelay -L xil_defaultlib -L simprims_ver -L secureip --snapshot TB_FA_time_impl -transport_int_delays -pulse_r 0 -pulse_int_r 0 -pulse_e 0 -pulse_int_e 0 xil_defaultlib.TB_FA xil_defaultlib.glbl -log elaborate.log 
Using 2 slave threads.
Starting static elaboration
Completed static elaboration
Starting simulation data flow analysis
Completed simulation data flow analysis
INFO: [XSIM 43-3451] SDF backannotation process started with SDF file "TB_FA_time_impl.sdf", for root module "TB_FA/UUT".
INFO: [XSIM 43-3452] SDF backannotation was successful for SDF file "TB_FA_time_impl.sdf", for root module "TB_FA/UUT".
Time Resolution for simulation is 1ps
Compiling package std.standard
Compiling package std.textio
Compiling package ieee.std_logic_1164
Compiling package vl.vl_types
Compiling module xil_defaultlib.glbl
Compiling module simprims_ver.IBUF
Compiling module simprims_ver.OBUF
Compiling module simprims_ver.x_lut3_mux8
Compiling module simprims_ver.LUT3
Compiling module xil_defaultlib.FA
Compiling architecture behavioral of entity xil_defaultlib.tb_fa
Built simulation snapshot TB_FA_time_impl
INFO: [USF-XSim-69] 'elaborate' step finished in '4' seconds
INFO: [USF-XSim-4] XSim::Simulate design
INFO: [USF-XSim-61] Executing 'SIMULATE' step in 'C:/Users/RAMINDU/Desktop/2nd sem/Computer Organization and Digital Design/Week 10/Lab 9-10/Nanoprocessor/4-bit Add_Subtract unit/Full Adder/Full_Adder.sim/sim_1/impl/timing/xsim'
INFO: [USF-XSim-98] *** Running xsim
   with args "TB_FA_time_impl -key {Post-Implementation:sim_1:Timing:TB_FA} -tclbatch {TB_FA.tcl} -log {simulate.log}"
INFO: [USF-XSim-8] Loading simulator feature
Vivado Simulator 2018.1
INFO: [Common 17-41] Interrupt caught. Command should exit soon.
