Vivado Simulator 2018.1
Copyright 1986-1999, 2001-2017 Xilinx, Inc. All Rights Reserved.
Running: C:/Xilinx/Vivado/2018.1/bin/unwrapped/win64.o/xelab.exe -wto 731991f25ee44640a1de2137c3a3d08f --incr --debug typical --relax --mt 2 -L xil_defaultlib -L secureip --snapshot TB_NP_behav xil_defaultlib.TB_NP -log elaborate.log 
Using 2 slave threads.
Starting static elaboration
Completed static elaboration
Starting simulation data flow analysis
Completed simulation data flow analysis
Time Resolution for simulation is 1ps
Compiling package std.standard
Compiling package std.textio
Compiling package ieee.std_logic_1164
Compiling package ieee.numeric_std
Compiling architecture behavioral of entity xil_defaultlib.Slow_Clk [slow_clk_default]
Compiling architecture behavioral of entity xil_defaultlib.SSD [ssd_default]
Compiling architecture behavioral of entity xil_defaultlib.ID [id_default]
Compiling architecture behavioral of entity xil_defaultlib.Decoder_3_to_8 [decoder_3_to_8_default]
Compiling architecture behavioral of entity xil_defaultlib.Reg_4bit [reg_4bit_default]
Compiling architecture behavioral of entity xil_defaultlib.RB [rb_default]
Compiling architecture behavioral of entity xil_defaultlib.PR [pr_default]
Compiling architecture behavioral of entity xil_defaultlib.PC [pc_default]
Compiling architecture behavioral of entity xil_defaultlib.MUX_8way_4bit [mux_8way_4bit_default]
Compiling architecture behavioral of entity xil_defaultlib.MUX_2way_4bit [mux_2way_4bit_default]
Compiling architecture behavioral of entity xil_defaultlib.MUX_2way_3bit [mux_2way_3bit_default]
Compiling architecture behavioral of entity xil_defaultlib.FA [fa_default]
Compiling architecture behavioral of entity xil_defaultlib.ASU_4bit [asu_4bit_default]
Compiling architecture behavioral of entity xil_defaultlib.Adder_3bit [adder_3bit_default]
Compiling architecture behavioral of entity xil_defaultlib.NP [np_default]
Compiling architecture behavioral of entity xil_defaultlib.tb_np
Built simulation snapshot TB_NP_behav
