#-----------------------------------------------------------
# Vivado v2018.1 (64-bit)
# SW Build 2188600 on Wed Apr  4 18:40:38 MDT 2018
# IP Build 2185939 on Wed Apr  4 20:55:05 MDT 2018
# Start of session at: Tue Jun  6 18:58:21 2023
# Process ID: 12500
# Current directory: C:/Users/RAMINDU/Desktop/2nd sem/Computer Organization and Digital Design/Week 10/Lab 9-10/Nanoprocessor/4-bit Add_Subtract unit/Adder+Subtractor
# Command line: vivado.exe -gui_launcher_event rodinguilauncherevent24520 C:\Users\RAMINDU\Desktop\2nd sem\Computer Organization and Digital Design\Week 10\Lab 9-10\Nanoprocessor\4-bit Add_Subtract unit\Adder+Subtractor\ASU_4bit.xpr
# Log file: C:/Users/RAMINDU/Desktop/2nd sem/Computer Organization and Digital Design/Week 10/Lab 9-10/Nanoprocessor/4-bit Add_Subtract unit/Adder+Subtractor/vivado.log
# Journal file: C:/Users/RAMINDU/Desktop/2nd sem/Computer Organization and Digital Design/Week 10/Lab 9-10/Nanoprocessor/4-bit Add_Subtract unit/Adder+Subtractor\vivado.jou
#-----------------------------------------------------------
start_gui
open_project {C:/Users/RAMINDU/Desktop/2nd sem/Computer Organization and Digital Design/Week 10/Lab 9-10/Nanoprocessor/4-bit Add_Subtract unit/Adder+Subtractor/ASU_4bit.xpr}
INFO: [ProjectBase 1-489] The host OS only allows 260 characters in a normal path. The project is stored in a path with more than 80 characters. If you experience issues with IP, Block Designs, or files not being found, please consider moving the project to a location with a shorter path. Alternately consider using the OS subst command to map part of the path to a drive letter.
Current project path is 'C:/Users/RAMINDU/Desktop/2nd sem/Computer Organization and Digital Design/Week 10/Lab 9-10/Nanoprocessor/4-bit Add_Subtract unit/Adder+Subtractor'
Scanning sources...
Finished scanning sources
INFO: [IP_Flow 19-234] Refreshing IP repositories
INFO: [IP_Flow 19-1704] No user IP repositories specified
INFO: [IP_Flow 19-2313] Loaded Vivado IP repository 'C:/Xilinx/Vivado/2018.1/data/ip'.
open_project: Time (s): cpu = 00:00:11 ; elapsed = 00:00:07 . Memory (MB): peak = 885.406 ; gain = 137.141
update_compile_order -fileset sources_1
open_project {C:/Users/RAMINDU/Desktop/2nd sem/Computer Organization and Digital Design/Week 10/Lab 9-10/Nanoprocessor/Register Bank/Register_Bank.xpr}
INFO: [ProjectBase 1-489] The host OS only allows 260 characters in a normal path. The project is stored in a path with more than 80 characters. If you experience issues with IP, Block Designs, or files not being found, please consider moving the project to a location with a shorter path. Alternately consider using the OS subst command to map part of the path to a drive letter.
Current project path is 'C:/Users/RAMINDU/Desktop/2nd sem/Computer Organization and Digital Design/Week 10/Lab 9-10/Nanoprocessor/Register Bank'
Scanning sources...
Finished scanning sources
INFO: [IP_Flow 19-234] Refreshing IP repositories
INFO: [IP_Flow 19-1704] No user IP repositories specified
INFO: [IP_Flow 19-2313] Loaded Vivado IP repository 'C:/Xilinx/Vivado/2018.1/data/ip'.
update_compile_order -fileset sources_1
open_project {C:/Users/RAMINDU/Desktop/2nd sem/Computer Organization and Digital Design/Week 10/Lab 9-10/Nanoprocessor/k-way b-bit Multiplexers/2-way 4-bit Multiplexer/MUX_2way_4bit.xpr}
INFO: [ProjectBase 1-489] The host OS only allows 260 characters in a normal path. The project is stored in a path with more than 80 characters. If you experience issues with IP, Block Designs, or files not being found, please consider moving the project to a location with a shorter path. Alternately consider using the OS subst command to map part of the path to a drive letter.
Current project path is 'C:/Users/RAMINDU/Desktop/2nd sem/Computer Organization and Digital Design/Week 10/Lab 9-10/Nanoprocessor/k-way b-bit Multiplexers/2-way 4-bit Multiplexer'
Scanning sources...
Finished scanning sources
INFO: [IP_Flow 19-234] Refreshing IP repositories
INFO: [IP_Flow 19-1704] No user IP repositories specified
INFO: [IP_Flow 19-2313] Loaded Vivado IP repository 'C:/Xilinx/Vivado/2018.1/data/ip'.
update_compile_order -fileset sources_1
current_project ASU_4bit
launch_runs synth_1 -jobs 6
[Tue Jun  6 19:47:26 2023] Launched synth_1...
Run output will be captured here: C:/Users/RAMINDU/Desktop/2nd sem/Computer Organization and Digital Design/Week 10/Lab 9-10/Nanoprocessor/4-bit Add_Subtract unit/Adder+Subtractor/ASU_4bit.runs/synth_1/runme.log
reset_run synth_1
close_project
open_project {C:/Users/RAMINDU/Desktop/2nd sem/Computer Organization and Digital Design/Week 10/Lab 9-10/Nanoprocessor/4-bit Add_Subtract unit/Adder+Subtractor/ASU_4bit.xpr}
INFO: [ProjectBase 1-489] The host OS only allows 260 characters in a normal path. The project is stored in a path with more than 80 characters. If you experience issues with IP, Block Designs, or files not being found, please consider moving the project to a location with a shorter path. Alternately consider using the OS subst command to map part of the path to a drive letter.
Current project path is 'C:/Users/RAMINDU/Desktop/2nd sem/Computer Organization and Digital Design/Week 10/Lab 9-10/Nanoprocessor/4-bit Add_Subtract unit/Adder+Subtractor'
Scanning sources...
Finished scanning sources
INFO: [IP_Flow 19-234] Refreshing IP repositories
INFO: [IP_Flow 19-1704] No user IP repositories specified
INFO: [IP_Flow 19-2313] Loaded Vivado IP repository 'C:/Xilinx/Vivado/2018.1/data/ip'.
update_compile_order -fileset sources_1
launch_runs synth_1 -jobs 6
[Tue Jun  6 19:48:42 2023] Launched synth_1...
Run output will be captured here: C:/Users/RAMINDU/Desktop/2nd sem/Computer Organization and Digital Design/Week 10/Lab 9-10/Nanoprocessor/4-bit Add_Subtract unit/Adder+Subtractor/ASU_4bit.runs/synth_1/runme.log
launch_runs impl_1 -jobs 6
[Tue Jun  6 19:49:17 2023] Launched impl_1...
Run output will be captured here: C:/Users/RAMINDU/Desktop/2nd sem/Computer Organization and Digital Design/Week 10/Lab 9-10/Nanoprocessor/4-bit Add_Subtract unit/Adder+Subtractor/ASU_4bit.runs/impl_1/runme.log
reset_run synth_1
launch_runs synth_1 -jobs 6
[Tue Jun  6 19:55:55 2023] Launched synth_1...
Run output will be captured here: C:/Users/RAMINDU/Desktop/2nd sem/Computer Organization and Digital Design/Week 10/Lab 9-10/Nanoprocessor/4-bit Add_Subtract unit/Adder+Subtractor/ASU_4bit.runs/synth_1/runme.log
launch_runs impl_1 -jobs 6
[Tue Jun  6 19:56:28 2023] Launched impl_1...
Run output will be captured here: C:/Users/RAMINDU/Desktop/2nd sem/Computer Organization and Digital Design/Week 10/Lab 9-10/Nanoprocessor/4-bit Add_Subtract unit/Adder+Subtractor/ASU_4bit.runs/impl_1/runme.log
add_files -norecurse -scan_for_includes {{C:/Users/RAMINDU/Desktop/2nd sem/Computer Organization and Digital Design/Week 10/Lab 9-10/Nanoprocessor/4-bit Add_Subtract unit/Full Adder/Full_Adder.srcs/sources_1/new/FA.vhd} {C:/Users/RAMINDU/Desktop/2nd sem/Computer Organization and Digital Design/Week 10/Lab 9-10/Nanoprocessor/4-bit Add_Subtract unit/Half Adder/Half_Adder.srcs/sources_1/new/HA.vhd}}
import_files -norecurse {{C:/Users/RAMINDU/Desktop/2nd sem/Computer Organization and Digital Design/Week 10/Lab 9-10/Nanoprocessor/4-bit Add_Subtract unit/Full Adder/Full_Adder.srcs/sources_1/new/FA.vhd} {C:/Users/RAMINDU/Desktop/2nd sem/Computer Organization and Digital Design/Week 10/Lab 9-10/Nanoprocessor/4-bit Add_Subtract unit/Half Adder/Half_Adder.srcs/sources_1/new/HA.vhd}}
update_compile_order -fileset sources_1
reset_run synth_1
launch_runs synth_1 -jobs 6
[Tue Jun  6 19:58:38 2023] Launched synth_1...
Run output will be captured here: C:/Users/RAMINDU/Desktop/2nd sem/Computer Organization and Digital Design/Week 10/Lab 9-10/Nanoprocessor/4-bit Add_Subtract unit/Adder+Subtractor/ASU_4bit.runs/synth_1/runme.log
launch_runs impl_1 -jobs 6
[Tue Jun  6 19:59:48 2023] Launched impl_1...
Run output will be captured here: C:/Users/RAMINDU/Desktop/2nd sem/Computer Organization and Digital Design/Week 10/Lab 9-10/Nanoprocessor/4-bit Add_Subtract unit/Adder+Subtractor/ASU_4bit.runs/impl_1/runme.log
open_run impl_1
INFO: [Netlist 29-17] Analyzing 9 Unisim elements for replacement
INFO: [Netlist 29-28] Unisim Transformation completed in 0 CPU seconds
INFO: [Project 1-479] Netlist was created with Vivado 2018.1
INFO: [Device 21-403] Loading part xc7a35tcpg236-1
INFO: [Project 1-570] Preparing netlist for logic optimization
INFO: [Timing 38-478] Restoring timing data from binary archive.
INFO: [Timing 38-479] Binary timing data restore complete.
INFO: [Project 1-856] Restoring constraints from binary archive.
INFO: [Project 1-853] Binary constraint restore complete.
Reading XDEF placement.
Reading placer database...
Reading XDEF routing.
Read XDEF File: Time (s): cpu = 00:00:00 ; elapsed = 00:00:00.037 . Memory (MB): peak = 1938.074 ; gain = 0.000
Restored from archive | CPU: 0.000000 secs | Memory: 0.000000 MB |
Finished XDEF File Restore: Time (s): cpu = 00:00:00 ; elapsed = 00:00:00.037 . Memory (MB): peak = 1938.074 ; gain = 0.000
INFO: [Project 1-111] Unisim Transformation Summary:
No Unisim elements were transformed.

open_run: Time (s): cpu = 00:00:31 ; elapsed = 00:00:25 . Memory (MB): peak = 2002.746 ; gain = 881.504
WARNING: [Timing 38-313] There are no user specified timing constraints. Timing constraints are needed for proper timing analysis.
current_project MUX_2way_4bit
file mkdir C:/Users/RAMINDU/Desktop/2nd sem/Computer Organization and Digital Design/Week 10/Lab 9-10/Nanoprocessor/4-bit Add_Subtract unit/Adder+Subtractor/ASU_4bit.srcs/sim_1/new
file mkdir C:/Users/RAMINDU/Desktop/2nd sem/Computer Organization and Digital Design/Week 10/Lab 9-10/Nanoprocessor/4-bit Add_Subtract unit/Adder+Subtractor/ASU_4bit.srcs/sim_1/new
file mkdir C:/Users/RAMINDU/Desktop/2nd sem/Computer Organization and Digital Design/Week 10/Lab 9-10/Nanoprocessor/4-bit Add_Subtract unit/Adder+Subtractor/ASU_4bit.srcs/sim_1/new
file mkdir C:/Users/RAMINDU/Desktop/2nd sem/Computer Organization and Digital Design/Week 10/Lab 9-10/Nanoprocessor/4-bit Add_Subtract unit/Adder+Subtractor/ASU_4bit.srcs/sim_1/new
file mkdir C:/Users/RAMINDU/Desktop/2nd sem/Computer Organization and Digital Design/Week 10/Lab 9-10/Nanoprocessor/4-bit Add_Subtract unit/Adder+Subtractor/ASU_4bit.srcs/sim_1/new
current_project ASU_4bit
set_property SOURCE_SET sources_1 [get_filesets sim_1]
file mkdir C:/Users/RAMINDU/Desktop/2nd sem/Computer Organization and Digital Design/Week 10/Lab 9-10/Nanoprocessor/4-bit Add_Subtract unit/Adder+Subtractor/ASU_4bit.srcs/sim_1/new
file mkdir {C:/Users/RAMINDU/Desktop/2nd sem/Computer Organization and Digital Design/Week 10/Lab 9-10/Nanoprocessor/4-bit Add_Subtract unit/Adder+Subtractor/ASU_4bit.srcs/sim_1/new}
close [ open {C:/Users/RAMINDU/Desktop/2nd sem/Computer Organization and Digital Design/Week 10/Lab 9-10/Nanoprocessor/4-bit Add_Subtract unit/Adder+Subtractor/ASU_4bit.srcs/sim_1/new/TB_ASU_4bit.vhd} w ]
add_files -fileset sim_1 {{C:/Users/RAMINDU/Desktop/2nd sem/Computer Organization and Digital Design/Week 10/Lab 9-10/Nanoprocessor/4-bit Add_Subtract unit/Adder+Subtractor/ASU_4bit.srcs/sim_1/new/TB_ASU_4bit.vhd}}
update_compile_order -fileset sim_1
update_compile_order -fileset sim_1
launch_simulation
INFO: [Vivado 12-5682] Launching behavioral simulation in 'C:/Users/RAMINDU/Desktop/2nd sem/Computer Organization and Digital Design/Week 10/Lab 9-10/Nanoprocessor/4-bit Add_Subtract unit/Adder+Subtractor/ASU_4bit.sim/sim_1/behav/xsim'
INFO: [SIM-utils-51] Simulation object is 'sim_1'
INFO: [SIM-utils-54] Inspecting design source files for 'TB_ASU_4bit' in fileset 'sim_1'...
INFO: [USF-XSim-97] Finding global include files...
INFO: [USF-XSim-98] Fetching design files from 'sim_1'...
INFO: [USF-XSim-2] XSim::Compile design
INFO: [USF-XSim-61] Executing 'COMPILE and ANALYZE' step in 'C:/Users/RAMINDU/Desktop/2nd sem/Computer Organization and Digital Design/Week 10/Lab 9-10/Nanoprocessor/4-bit Add_Subtract unit/Adder+Subtractor/ASU_4bit.sim/sim_1/behav/xsim'
"xvhdl --incr --relax -prj TB_ASU_4bit_vhdl.prj"
INFO: [VRFC 10-163] Analyzing VHDL file "C:/Users/RAMINDU/Desktop/2nd sem/Computer Organization and Digital Design/Week 10/Lab 9-10/Nanoprocessor/4-bit Add_Subtract unit/Adder+Subtractor/ASU_4bit.srcs/sources_1/new/ASU_4bit.vhd" into library xil_defaultlib
INFO: [VRFC 10-307] analyzing entity ASU_4bit
INFO: [VRFC 10-163] Analyzing VHDL file "C:/Users/RAMINDU/Desktop/2nd sem/Computer Organization and Digital Design/Week 10/Lab 9-10/Nanoprocessor/4-bit Add_Subtract unit/Adder+Subtractor/ASU_4bit.srcs/sources_1/imports/4-bit Add_Subtract unit/Full Adder/Full_Adder.srcs/sources_1/new/FA.vhd" into library xil_defaultlib
INFO: [VRFC 10-307] analyzing entity FA
INFO: [VRFC 10-163] Analyzing VHDL file "C:/Users/RAMINDU/Desktop/2nd sem/Computer Organization and Digital Design/Week 10/Lab 9-10/Nanoprocessor/4-bit Add_Subtract unit/Adder+Subtractor/ASU_4bit.srcs/sources_1/imports/4-bit Add_Subtract unit/Half Adder/Half_Adder.srcs/sources_1/new/HA.vhd" into library xil_defaultlib
INFO: [VRFC 10-307] analyzing entity HA
INFO: [VRFC 10-163] Analyzing VHDL file "C:/Users/RAMINDU/Desktop/2nd sem/Computer Organization and Digital Design/Week 10/Lab 9-10/Nanoprocessor/4-bit Add_Subtract unit/Adder+Subtractor/ASU_4bit.srcs/sim_1/new/TB_ASU_4bit.vhd" into library xil_defaultlib
INFO: [VRFC 10-307] analyzing entity TB_ASU_4bit
INFO: [USF-XSim-69] 'compile' step finished in '1' seconds
INFO: [USF-XSim-3] XSim::Elaborate design
INFO: [USF-XSim-61] Executing 'ELABORATE' step in 'C:/Users/RAMINDU/Desktop/2nd sem/Computer Organization and Digital Design/Week 10/Lab 9-10/Nanoprocessor/4-bit Add_Subtract unit/Adder+Subtractor/ASU_4bit.sim/sim_1/behav/xsim'
Vivado Simulator 2018.1
Copyright 1986-1999, 2001-2017 Xilinx, Inc. All Rights Reserved.
Running: C:/Xilinx/Vivado/2018.1/bin/unwrapped/win64.o/xelab.exe -wto 89ee2efee1c44723a8e7c08202f4d09f --incr --debug typical --relax --mt 2 -L xil_defaultlib -L secureip --snapshot TB_ASU_4bit_behav xil_defaultlib.TB_ASU_4bit -log elaborate.log 
Using 2 slave threads.
Starting static elaboration
Completed static elaboration
Starting simulation data flow analysis
Completed simulation data flow analysis
Time Resolution for simulation is 1ps
Compiling package std.standard
Compiling package std.textio
Compiling package ieee.std_logic_1164
Compiling architecture behavioral of entity xil_defaultlib.HA [ha_default]
Compiling architecture behavioral of entity xil_defaultlib.FA [fa_default]
Compiling architecture behavioral of entity xil_defaultlib.ASU_4bit [asu_4bit_default]
Compiling architecture behavioral of entity xil_defaultlib.tb_asu_4bit
Built simulation snapshot TB_ASU_4bit_behav

****** Webtalk v2018.1 (64-bit)
  **** SW Build 2188600 on Wed Apr  4 18:40:38 MDT 2018
  **** IP Build 2185939 on Wed Apr  4 20:55:05 MDT 2018
    ** Copyright 1986-2018 Xilinx, Inc. All Rights Reserved.

source C:/Users/RAMINDU/Desktop/2nd -notrace
couldn't read file "C:/Users/RAMINDU/Desktop/2nd": permission denied
INFO: [Common 17-206] Exiting Webtalk at Wed Jun  7 13:49:30 2023...
INFO: [USF-XSim-69] 'elaborate' step finished in '3' seconds
INFO: [USF-XSim-4] XSim::Simulate design
INFO: [USF-XSim-61] Executing 'SIMULATE' step in 'C:/Users/RAMINDU/Desktop/2nd sem/Computer Organization and Digital Design/Week 10/Lab 9-10/Nanoprocessor/4-bit Add_Subtract unit/Adder+Subtractor/ASU_4bit.sim/sim_1/behav/xsim'
INFO: [USF-XSim-98] *** Running xsim
   with args "TB_ASU_4bit_behav -key {Behavioral:sim_1:Functional:TB_ASU_4bit} -tclbatch {TB_ASU_4bit.tcl} -log {simulate.log}"
INFO: [USF-XSim-8] Loading simulator feature
Vivado Simulator 2018.1
Time resolution is 1 ps
source TB_ASU_4bit.tcl
# set curr_wave [current_wave_config]
# if { [string length $curr_wave] == 0 } {
#   if { [llength [get_objects]] > 0} {
#     add_wave /
#     set_property needs_save false [current_wave_config]
#   } else {
#      send_msg_id Add_Wave-1 WARNING "No top level signals found. Simulator will start without a wave window. If you want to open a wave window go to 'File->New Waveform Configuration' or type 'create_wave_config' in the TCL console."
#   }
# }
# run 1000ns
INFO: [USF-XSim-96] XSim completed. Design snapshot 'TB_ASU_4bit_behav' loaded.
INFO: [USF-XSim-97] XSim simulation ran for 1000ns
launch_simulation: Time (s): cpu = 00:00:08 ; elapsed = 00:00:08 . Memory (MB): peak = 2023.668 ; gain = 10.852
close_sim
INFO: [Simtcl 6-16] Simulation closed
launch_simulation
INFO: [Vivado 12-5682] Launching behavioral simulation in 'C:/Users/RAMINDU/Desktop/2nd sem/Computer Organization and Digital Design/Week 10/Lab 9-10/Nanoprocessor/4-bit Add_Subtract unit/Adder+Subtractor/ASU_4bit.sim/sim_1/behav/xsim'
INFO: [SIM-utils-51] Simulation object is 'sim_1'
INFO: [SIM-utils-54] Inspecting design source files for 'TB_ASU_4bit' in fileset 'sim_1'...
INFO: [USF-XSim-97] Finding global include files...
INFO: [USF-XSim-98] Fetching design files from 'sim_1'...
INFO: [USF-XSim-2] XSim::Compile design
INFO: [USF-XSim-61] Executing 'COMPILE and ANALYZE' step in 'C:/Users/RAMINDU/Desktop/2nd sem/Computer Organization and Digital Design/Week 10/Lab 9-10/Nanoprocessor/4-bit Add_Subtract unit/Adder+Subtractor/ASU_4bit.sim/sim_1/behav/xsim'
"xvhdl --incr --relax -prj TB_ASU_4bit_vhdl.prj"
INFO: [VRFC 10-163] Analyzing VHDL file "C:/Users/RAMINDU/Desktop/2nd sem/Computer Organization and Digital Design/Week 10/Lab 9-10/Nanoprocessor/4-bit Add_Subtract unit/Adder+Subtractor/ASU_4bit.srcs/sim_1/new/TB_ASU_4bit.vhd" into library xil_defaultlib
INFO: [VRFC 10-307] analyzing entity TB_ASU_4bit
INFO: [USF-XSim-69] 'compile' step finished in '1' seconds
INFO: [USF-XSim-3] XSim::Elaborate design
INFO: [USF-XSim-61] Executing 'ELABORATE' step in 'C:/Users/RAMINDU/Desktop/2nd sem/Computer Organization and Digital Design/Week 10/Lab 9-10/Nanoprocessor/4-bit Add_Subtract unit/Adder+Subtractor/ASU_4bit.sim/sim_1/behav/xsim'
Vivado Simulator 2018.1
Copyright 1986-1999, 2001-2017 Xilinx, Inc. All Rights Reserved.
Running: C:/Xilinx/Vivado/2018.1/bin/unwrapped/win64.o/xelab.exe -wto 89ee2efee1c44723a8e7c08202f4d09f --incr --debug typical --relax --mt 2 -L xil_defaultlib -L secureip --snapshot TB_ASU_4bit_behav xil_defaultlib.TB_ASU_4bit -log elaborate.log 
Using 2 slave threads.
Starting static elaboration
Completed static elaboration
Starting simulation data flow analysis
Completed simulation data flow analysis
Time Resolution for simulation is 1ps
Compiling package std.standard
Compiling package std.textio
Compiling package ieee.std_logic_1164
Compiling architecture behavioral of entity xil_defaultlib.HA [ha_default]
Compiling architecture behavioral of entity xil_defaultlib.FA [fa_default]
Compiling architecture behavioral of entity xil_defaultlib.ASU_4bit [asu_4bit_default]
Compiling architecture behavioral of entity xil_defaultlib.tb_asu_4bit
Built simulation snapshot TB_ASU_4bit_behav
INFO: [USF-XSim-69] 'elaborate' step finished in '2' seconds
INFO: [USF-XSim-4] XSim::Simulate design
INFO: [USF-XSim-61] Executing 'SIMULATE' step in 'C:/Users/RAMINDU/Desktop/2nd sem/Computer Organization and Digital Design/Week 10/Lab 9-10/Nanoprocessor/4-bit Add_Subtract unit/Adder+Subtractor/ASU_4bit.sim/sim_1/behav/xsim'
INFO: [USF-XSim-98] *** Running xsim
   with args "TB_ASU_4bit_behav -key {Behavioral:sim_1:Functional:TB_ASU_4bit} -tclbatch {TB_ASU_4bit.tcl} -log {simulate.log}"
INFO: [USF-XSim-8] Loading simulator feature
Vivado Simulator 2018.1
Time resolution is 1 ps
source TB_ASU_4bit.tcl
# set curr_wave [current_wave_config]
# if { [string length $curr_wave] == 0 } {
#   if { [llength [get_objects]] > 0} {
#     add_wave /
#     set_property needs_save false [current_wave_config]
#   } else {
#      send_msg_id Add_Wave-1 WARNING "No top level signals found. Simulator will start without a wave window. If you want to open a wave window go to 'File->New Waveform Configuration' or type 'create_wave_config' in the TCL console."
#   }
# }
# run 1000ns
INFO: [USF-XSim-96] XSim completed. Design snapshot 'TB_ASU_4bit_behav' loaded.
INFO: [USF-XSim-97] XSim simulation ran for 1000ns
launch_simulation: Time (s): cpu = 00:00:04 ; elapsed = 00:00:05 . Memory (MB): peak = 2025.582 ; gain = 0.000
launch_simulation -mode post-synthesis -type functional
INFO: [Vivado 12-5682] Launching post-synthesis functional simulation in 'C:/Users/RAMINDU/Desktop/2nd sem/Computer Organization and Digital Design/Week 10/Lab 9-10/Nanoprocessor/4-bit Add_Subtract unit/Adder+Subtractor/ASU_4bit.sim/sim_1/synth/func/xsim'
INFO: [SIM-utils-51] Simulation object is 'sim_1'
Design is defaulting to impl run constrset: constrs_1
Design is defaulting to synth run part: xc7a35tcpg236-1
INFO: [Netlist 29-17] Analyzing 9 Unisim elements for replacement
INFO: [Netlist 29-28] Unisim Transformation completed in 0 CPU seconds
INFO: [Project 1-479] Netlist was created with Vivado 2018.1
INFO: [Project 1-570] Preparing netlist for logic optimization
INFO: [Opt 31-138] Pushed 0 inverter(s) to 0 load pin(s).
INFO: [Project 1-111] Unisim Transformation Summary:
No Unisim elements were transformed.

INFO: [SIM-utils-24] Writing simulation netlist file for design 'synth_1'...
INFO: [SIM-utils-26] write_vhdl -mode funcsim -nolib -force -file "C:/Users/RAMINDU/Desktop/2nd sem/Computer Organization and Digital Design/Week 10/Lab 9-10/Nanoprocessor/4-bit Add_Subtract unit/Adder+Subtractor/ASU_4bit.sim/sim_1/synth/func/xsim/TB_ASU_4bit_func_synth.vhd"
INFO: [SIM-utils-36] Netlist generated:C:/Users/RAMINDU/Desktop/2nd sem/Computer Organization and Digital Design/Week 10/Lab 9-10/Nanoprocessor/4-bit Add_Subtract unit/Adder+Subtractor/ASU_4bit.sim/sim_1/synth/func/xsim/TB_ASU_4bit_func_synth.vhd
INFO: [SIM-utils-54] Inspecting design source files for 'TB_ASU_4bit' in fileset 'sim_1'...
INFO: [USF-XSim-2] XSim::Compile design
INFO: [USF-XSim-61] Executing 'COMPILE and ANALYZE' step in 'C:/Users/RAMINDU/Desktop/2nd sem/Computer Organization and Digital Design/Week 10/Lab 9-10/Nanoprocessor/4-bit Add_Subtract unit/Adder+Subtractor/ASU_4bit.sim/sim_1/synth/func/xsim'
"xvhdl --incr --relax -prj TB_ASU_4bit_vhdl.prj"
INFO: [VRFC 10-163] Analyzing VHDL file "C:/Users/RAMINDU/Desktop/2nd sem/Computer Organization and Digital Design/Week 10/Lab 9-10/Nanoprocessor/4-bit Add_Subtract unit/Adder+Subtractor/ASU_4bit.sim/sim_1/synth/func/xsim/TB_ASU_4bit_func_synth.vhd" into library xil_defaultlib
INFO: [VRFC 10-307] analyzing entity ASU_4bit
INFO: [VRFC 10-163] Analyzing VHDL file "C:/Users/RAMINDU/Desktop/2nd sem/Computer Organization and Digital Design/Week 10/Lab 9-10/Nanoprocessor/4-bit Add_Subtract unit/Adder+Subtractor/ASU_4bit.srcs/sim_1/new/TB_ASU_4bit.vhd" into library xil_defaultlib
INFO: [VRFC 10-307] analyzing entity TB_ASU_4bit
INFO: [USF-XSim-69] 'compile' step finished in '1' seconds
INFO: [USF-XSim-3] XSim::Elaborate design
INFO: [USF-XSim-61] Executing 'ELABORATE' step in 'C:/Users/RAMINDU/Desktop/2nd sem/Computer Organization and Digital Design/Week 10/Lab 9-10/Nanoprocessor/4-bit Add_Subtract unit/Adder+Subtractor/ASU_4bit.sim/sim_1/synth/func/xsim'
Vivado Simulator 2018.1
Copyright 1986-1999, 2001-2017 Xilinx, Inc. All Rights Reserved.
Running: C:/Xilinx/Vivado/2018.1/bin/unwrapped/win64.o/xelab.exe -wto 89ee2efee1c44723a8e7c08202f4d09f --incr --debug typical --relax --mt 2 -L xil_defaultlib -L secureip --snapshot TB_ASU_4bit_func_synth xil_defaultlib.TB_ASU_4bit -log elaborate.log 
Using 2 slave threads.
Starting static elaboration
Completed static elaboration
Starting simulation data flow analysis
Completed simulation data flow analysis
Time Resolution for simulation is 1ps
Compiling package std.standard
Compiling package std.textio
Compiling package ieee.std_logic_1164
Compiling package ieee.numeric_std
Compiling package unisim.vcomponents
Compiling package ieee.vital_timing
Compiling package ieee.vital_primitives
Compiling package unisim.vpkg
Compiling architecture ibuf_v of entity unisim.IBUF [\IBUF(1,9)(1,1)(1,4)(1,7)\]
Compiling architecture obuf_v of entity unisim.OBUF [\OBUF(1,9)(1,7)(1,4)\]
Compiling architecture lut6_v of entity unisim.LUT6 [\LUT6(init="00100001001000010100...]
Compiling architecture lut5_v of entity unisim.LUT5 [\LUT5(init="11011111010000001110...]
Compiling architecture lut2_v of entity unisim.LUT2 [\LUT2(init="0110")(0,3)\]
Compiling architecture lut5_v of entity unisim.LUT5 [\LUT5(init="00101000110101111101...]
Compiling architecture lut4_v of entity unisim.LUT4 [\LUT4(init="0110100110010110")(0...]
Compiling architecture lut6_v of entity unisim.LUT6 [\LUT6(init="00101011111010001101...]
Compiling architecture lut6_v of entity unisim.LUT6 [\LUT6(init="10000000000010000000...]
Compiling architecture lut3_v of entity unisim.LUT3 [\LUT3(init="10010110")(0,7)\]
Compiling architecture lut5_v of entity unisim.LUT5 [\LUT5(init="10010110000000000000...]
Compiling architecture structure of entity xil_defaultlib.ASU_4bit [asu_4bit_default]
Compiling architecture behavioral of entity xil_defaultlib.tb_asu_4bit
Built simulation snapshot TB_ASU_4bit_func_synth

****** Webtalk v2018.1 (64-bit)
  **** SW Build 2188600 on Wed Apr  4 18:40:38 MDT 2018
  **** IP Build 2185939 on Wed Apr  4 20:55:05 MDT 2018
    ** Copyright 1986-2018 Xilinx, Inc. All Rights Reserved.

source C:/Users/RAMINDU/Desktop/2nd -notrace
couldn't read file "C:/Users/RAMINDU/Desktop/2nd": permission denied
INFO: [Common 17-206] Exiting Webtalk at Wed Jun  7 13:56:20 2023...
INFO: [USF-XSim-69] 'elaborate' step finished in '3' seconds
INFO: [USF-XSim-4] XSim::Simulate design
INFO: [USF-XSim-61] Executing 'SIMULATE' step in 'C:/Users/RAMINDU/Desktop/2nd sem/Computer Organization and Digital Design/Week 10/Lab 9-10/Nanoprocessor/4-bit Add_Subtract unit/Adder+Subtractor/ASU_4bit.sim/sim_1/synth/func/xsim'
INFO: [USF-XSim-98] *** Running xsim
   with args "TB_ASU_4bit_func_synth -key {Post-Synthesis:sim_1:Functional:TB_ASU_4bit} -tclbatch {TB_ASU_4bit.tcl} -log {simulate.log}"
INFO: [USF-XSim-8] Loading simulator feature
Vivado Simulator 2018.1
Time resolution is 1 ps
source TB_ASU_4bit.tcl
# set curr_wave [current_wave_config]
# if { [string length $curr_wave] == 0 } {
#   if { [llength [get_objects]] > 0} {
#     add_wave /
#     set_property needs_save false [current_wave_config]
#   } else {
#      send_msg_id Add_Wave-1 WARNING "No top level signals found. Simulator will start without a wave window. If you want to open a wave window go to 'File->New Waveform Configuration' or type 'create_wave_config' in the TCL console."
#   }
# }
# run 1000ns
INFO: [USF-XSim-96] XSim completed. Design snapshot 'TB_ASU_4bit_func_synth' loaded.
INFO: [USF-XSim-97] XSim simulation ran for 1000ns
launch_simulation: Time (s): cpu = 00:00:10 ; elapsed = 00:00:09 . Memory (MB): peak = 2197.113 ; gain = 171.531
current_sim simulation_2
launch_simulation -mode post-implementation -type functional
INFO: [Vivado 12-5682] Launching post-implementation functional simulation in 'C:/Users/RAMINDU/Desktop/2nd sem/Computer Organization and Digital Design/Week 10/Lab 9-10/Nanoprocessor/4-bit Add_Subtract unit/Adder+Subtractor/ASU_4bit.sim/sim_1/impl/func/xsim'
INFO: [SIM-utils-51] Simulation object is 'sim_1'
INFO: [SIM-utils-31] Writing simulation netlist file for design 'impl_1'...
INFO: [SIM-utils-33] write_vhdl -mode funcsim -nolib -force -file "C:/Users/RAMINDU/Desktop/2nd sem/Computer Organization and Digital Design/Week 10/Lab 9-10/Nanoprocessor/4-bit Add_Subtract unit/Adder+Subtractor/ASU_4bit.sim/sim_1/impl/func/xsim/TB_ASU_4bit_func_impl.vhd"
INFO: [SIM-utils-36] Netlist generated:C:/Users/RAMINDU/Desktop/2nd sem/Computer Organization and Digital Design/Week 10/Lab 9-10/Nanoprocessor/4-bit Add_Subtract unit/Adder+Subtractor/ASU_4bit.sim/sim_1/impl/func/xsim/TB_ASU_4bit_func_impl.vhd
INFO: [SIM-utils-54] Inspecting design source files for 'TB_ASU_4bit' in fileset 'sim_1'...
INFO: [USF-XSim-2] XSim::Compile design
INFO: [USF-XSim-61] Executing 'COMPILE and ANALYZE' step in 'C:/Users/RAMINDU/Desktop/2nd sem/Computer Organization and Digital Design/Week 10/Lab 9-10/Nanoprocessor/4-bit Add_Subtract unit/Adder+Subtractor/ASU_4bit.sim/sim_1/impl/func/xsim'
"xvhdl --incr --relax -prj TB_ASU_4bit_vhdl.prj"
INFO: [VRFC 10-163] Analyzing VHDL file "C:/Users/RAMINDU/Desktop/2nd sem/Computer Organization and Digital Design/Week 10/Lab 9-10/Nanoprocessor/4-bit Add_Subtract unit/Adder+Subtractor/ASU_4bit.sim/sim_1/impl/func/xsim/TB_ASU_4bit_func_impl.vhd" into library xil_defaultlib
INFO: [VRFC 10-307] analyzing entity ASU_4bit
INFO: [VRFC 10-163] Analyzing VHDL file "C:/Users/RAMINDU/Desktop/2nd sem/Computer Organization and Digital Design/Week 10/Lab 9-10/Nanoprocessor/4-bit Add_Subtract unit/Adder+Subtractor/ASU_4bit.srcs/sim_1/new/TB_ASU_4bit.vhd" into library xil_defaultlib
INFO: [VRFC 10-307] analyzing entity TB_ASU_4bit
INFO: [USF-XSim-69] 'compile' step finished in '1' seconds
INFO: [USF-XSim-3] XSim::Elaborate design
INFO: [USF-XSim-61] Executing 'ELABORATE' step in 'C:/Users/RAMINDU/Desktop/2nd sem/Computer Organization and Digital Design/Week 10/Lab 9-10/Nanoprocessor/4-bit Add_Subtract unit/Adder+Subtractor/ASU_4bit.sim/sim_1/impl/func/xsim'
Vivado Simulator 2018.1
Copyright 1986-1999, 2001-2017 Xilinx, Inc. All Rights Reserved.
Running: C:/Xilinx/Vivado/2018.1/bin/unwrapped/win64.o/xelab.exe -wto 89ee2efee1c44723a8e7c08202f4d09f --incr --debug typical --relax --mt 2 -L xil_defaultlib -L secureip --snapshot TB_ASU_4bit_func_impl xil_defaultlib.TB_ASU_4bit -log elaborate.log 
Using 2 slave threads.
Starting static elaboration
Completed static elaboration
Starting simulation data flow analysis
Completed simulation data flow analysis
Time Resolution for simulation is 1ps
Compiling package std.standard
Compiling package std.textio
Compiling package ieee.std_logic_1164
Compiling package ieee.numeric_std
Compiling package unisim.vcomponents
Compiling package ieee.vital_timing
Compiling package ieee.vital_primitives
Compiling package unisim.vpkg
Compiling architecture ibuf_v of entity unisim.IBUF [\IBUF(1,9)(1,1)(1,4)(1,7)\]
Compiling architecture obuf_v of entity unisim.OBUF [\OBUF(1,9)(1,7)(1,4)\]
Compiling architecture lut6_v of entity unisim.LUT6 [\LUT6(init="00100001001000010100...]
Compiling architecture lut5_v of entity unisim.LUT5 [\LUT5(init="11011111010000001110...]
Compiling architecture lut2_v of entity unisim.LUT2 [\LUT2(init="0110")(0,3)\]
Compiling architecture lut5_v of entity unisim.LUT5 [\LUT5(init="00101000110101111101...]
Compiling architecture lut4_v of entity unisim.LUT4 [\LUT4(init="0110100110010110")(0...]
Compiling architecture lut6_v of entity unisim.LUT6 [\LUT6(init="00101011111010001101...]
Compiling architecture lut6_v of entity unisim.LUT6 [\LUT6(init="10000000000010000000...]
Compiling architecture lut3_v of entity unisim.LUT3 [\LUT3(init="10010110")(0,7)\]
Compiling architecture lut5_v of entity unisim.LUT5 [\LUT5(init="10010110000000000000...]
Compiling architecture structure of entity xil_defaultlib.ASU_4bit [asu_4bit_default]
Compiling architecture behavioral of entity xil_defaultlib.tb_asu_4bit
Built simulation snapshot TB_ASU_4bit_func_impl

****** Webtalk v2018.1 (64-bit)
  **** SW Build 2188600 on Wed Apr  4 18:40:38 MDT 2018
  **** IP Build 2185939 on Wed Apr  4 20:55:05 MDT 2018
    ** Copyright 1986-2018 Xilinx, Inc. All Rights Reserved.

source C:/Users/RAMINDU/Desktop/2nd -notrace
couldn't read file "C:/Users/RAMINDU/Desktop/2nd": permission denied
INFO: [Common 17-206] Exiting Webtalk at Wed Jun  7 14:06:26 2023...
INFO: [USF-XSim-69] 'elaborate' step finished in '3' seconds
INFO: [USF-XSim-4] XSim::Simulate design
INFO: [USF-XSim-61] Executing 'SIMULATE' step in 'C:/Users/RAMINDU/Desktop/2nd sem/Computer Organization and Digital Design/Week 10/Lab 9-10/Nanoprocessor/4-bit Add_Subtract unit/Adder+Subtractor/ASU_4bit.sim/sim_1/impl/func/xsim'
INFO: [USF-XSim-98] *** Running xsim
   with args "TB_ASU_4bit_func_impl -key {Post-Implementation:sim_1:Functional:TB_ASU_4bit} -tclbatch {TB_ASU_4bit.tcl} -log {simulate.log}"
INFO: [USF-XSim-8] Loading simulator feature
Vivado Simulator 2018.1
Time resolution is 1 ps
source TB_ASU_4bit.tcl
# set curr_wave [current_wave_config]
# if { [string length $curr_wave] == 0 } {
#   if { [llength [get_objects]] > 0} {
#     add_wave /
#     set_property needs_save false [current_wave_config]
#   } else {
#      send_msg_id Add_Wave-1 WARNING "No top level signals found. Simulator will start without a wave window. If you want to open a wave window go to 'File->New Waveform Configuration' or type 'create_wave_config' in the TCL console."
#   }
# }
# run 1000ns
INFO: [USF-XSim-96] XSim completed. Design snapshot 'TB_ASU_4bit_func_impl' loaded.
INFO: [USF-XSim-97] XSim simulation ran for 1000ns
launch_simulation: Time (s): cpu = 00:00:04 ; elapsed = 00:00:07 . Memory (MB): peak = 2198.246 ; gain = 0.000
open_project {C:/Users/RAMINDU/Desktop/2nd sem/Computer Organization and Digital Design/Week 10/Lab 9-10/Nanoprocessor/3-bit Adder/Adder_3bit.xpr}
INFO: [ProjectBase 1-489] The host OS only allows 260 characters in a normal path. The project is stored in a path with more than 80 characters. If you experience issues with IP, Block Designs, or files not being found, please consider moving the project to a location with a shorter path. Alternately consider using the OS subst command to map part of the path to a drive letter.
Current project path is 'C:/Users/RAMINDU/Desktop/2nd sem/Computer Organization and Digital Design/Week 10/Lab 9-10/Nanoprocessor/3-bit Adder'
Scanning sources...
Finished scanning sources
INFO: [IP_Flow 19-234] Refreshing IP repositories
INFO: [IP_Flow 19-1704] No user IP repositories specified
INFO: [IP_Flow 19-2313] Loaded Vivado IP repository 'C:/Xilinx/Vivado/2018.1/data/ip'.
update_compile_order -fileset sources_1
export_ip_user_files -of_objects  [get_files {{C:/Users/RAMINDU/Desktop/2nd sem/Computer Organization and Digital Design/Week 10/Lab 9-10/Nanoprocessor/3-bit Adder/Adder_3bit.srcs/sources_1/imports/4-bit Add_Subtract unit/Full Adder/Full_Adder.srcs/sources_1/new/FA.vhd}}] -no_script -reset -force -quiet
remove_files  {{C:/Users/RAMINDU/Desktop/2nd sem/Computer Organization and Digital Design/Week 10/Lab 9-10/Nanoprocessor/3-bit Adder/Adder_3bit.srcs/sources_1/imports/4-bit Add_Subtract unit/Full Adder/Full_Adder.srcs/sources_1/new/FA.vhd}}
update_compile_order -fileset sources_1
export_ip_user_files -of_objects  [get_files {{C:/Users/RAMINDU/Desktop/2nd sem/Computer Organization and Digital Design/Week 10/Lab 9-10/Nanoprocessor/3-bit Adder/Adder_3bit.srcs/sources_1/imports/4-bit Add_Subtract unit/Half Adder/Half_Adder.srcs/sources_1/new/HA.vhd}}] -no_script -reset -force -quiet
remove_files  {{C:/Users/RAMINDU/Desktop/2nd sem/Computer Organization and Digital Design/Week 10/Lab 9-10/Nanoprocessor/3-bit Adder/Adder_3bit.srcs/sources_1/imports/4-bit Add_Subtract unit/Half Adder/Half_Adder.srcs/sources_1/new/HA.vhd}}
reset_run synth_1
launch_runs synth_1 -jobs 6
[Wed Jun  7 14:43:18 2023] Launched synth_1...
Run output will be captured here: C:/Users/RAMINDU/Desktop/2nd sem/Computer Organization and Digital Design/Week 10/Lab 9-10/Nanoprocessor/3-bit Adder/Adder_3bit.runs/synth_1/runme.log
launch_runs impl_1 -jobs 6
[Wed Jun  7 14:43:52 2023] Launched impl_1...
Run output will be captured here: C:/Users/RAMINDU/Desktop/2nd sem/Computer Organization and Digital Design/Week 10/Lab 9-10/Nanoprocessor/3-bit Adder/Adder_3bit.runs/impl_1/runme.log
open_run impl_1
INFO: [Netlist 29-17] Analyzing 3 Unisim elements for replacement
INFO: [Netlist 29-28] Unisim Transformation completed in 0 CPU seconds
INFO: [Project 1-479] Netlist was created with Vivado 2018.1
INFO: [Project 1-570] Preparing netlist for logic optimization
INFO: [Timing 38-478] Restoring timing data from binary archive.
INFO: [Timing 38-479] Binary timing data restore complete.
INFO: [Project 1-856] Restoring constraints from binary archive.
INFO: [Project 1-853] Binary constraint restore complete.
Reading XDEF placement.
Reading placer database...
Reading XDEF routing.
Read XDEF File: Time (s): cpu = 00:00:00 ; elapsed = 00:00:00.039 . Memory (MB): peak = 2366.297 ; gain = 0.000
Restored from archive | CPU: 0.000000 secs | Memory: 0.000000 MB |
Finished XDEF File Restore: Time (s): cpu = 00:00:00 ; elapsed = 00:00:00.039 . Memory (MB): peak = 2366.297 ; gain = 0.000
INFO: [Project 1-111] Unisim Transformation Summary:
No Unisim elements were transformed.

WARNING: [Timing 38-313] There are no user specified timing constraints. Timing constraints are needed for proper timing analysis.
launch_simulation
INFO: [Vivado 12-5682] Launching behavioral simulation in 'C:/Users/RAMINDU/Desktop/2nd sem/Computer Organization and Digital Design/Week 10/Lab 9-10/Nanoprocessor/3-bit Adder/Adder_3bit.sim/sim_1/behav/xsim'
INFO: [SIM-utils-51] Simulation object is 'sim_1'
INFO: [SIM-utils-54] Inspecting design source files for 'TB_Adder_3bit' in fileset 'sim_1'...
INFO: [USF-XSim-97] Finding global include files...
INFO: [USF-XSim-98] Fetching design files from 'sim_1'...
INFO: [USF-XSim-2] XSim::Compile design
INFO: [USF-XSim-61] Executing 'COMPILE and ANALYZE' step in 'C:/Users/RAMINDU/Desktop/2nd sem/Computer Organization and Digital Design/Week 10/Lab 9-10/Nanoprocessor/3-bit Adder/Adder_3bit.sim/sim_1/behav/xsim'
"xvhdl --incr --relax -prj TB_Adder_3bit_vhdl.prj"
INFO: [VRFC 10-163] Analyzing VHDL file "C:/Users/RAMINDU/Desktop/2nd sem/Computer Organization and Digital Design/Week 10/Lab 9-10/Nanoprocessor/3-bit Adder/Adder_3bit.srcs/sources_1/new/Adder_3bit.vhd" into library xil_defaultlib
INFO: [VRFC 10-307] analyzing entity Adder_3bit
INFO: [VRFC 10-163] Analyzing VHDL file "C:/Users/RAMINDU/Desktop/2nd sem/Computer Organization and Digital Design/Week 10/Lab 9-10/Nanoprocessor/3-bit Adder/Adder_3bit.srcs/sim_1/new/TB_Adder_3bit.vhd" into library xil_defaultlib
INFO: [VRFC 10-307] analyzing entity TB_Adder_3bit
INFO: [USF-XSim-69] 'compile' step finished in '1' seconds
INFO: [USF-XSim-3] XSim::Elaborate design
INFO: [USF-XSim-61] Executing 'ELABORATE' step in 'C:/Users/RAMINDU/Desktop/2nd sem/Computer Organization and Digital Design/Week 10/Lab 9-10/Nanoprocessor/3-bit Adder/Adder_3bit.sim/sim_1/behav/xsim'
Vivado Simulator 2018.1
Copyright 1986-1999, 2001-2017 Xilinx, Inc. All Rights Reserved.
Running: C:/Xilinx/Vivado/2018.1/bin/unwrapped/win64.o/xelab.exe -wto b96a93caedb2492f89b2e67168c6dd13 --incr --debug typical --relax --mt 2 -L xil_defaultlib -L secureip --snapshot TB_Adder_3bit_behav xil_defaultlib.TB_Adder_3bit -log elaborate.log 
Using 2 slave threads.
Starting static elaboration
Completed static elaboration
Starting simulation data flow analysis
Completed simulation data flow analysis
Time Resolution for simulation is 1ps
Compiling package std.standard
Compiling package std.textio
Compiling package ieee.std_logic_1164
Compiling architecture behavioral of entity xil_defaultlib.Adder_3bit [adder_3bit_default]
Compiling architecture behavioral of entity xil_defaultlib.tb_adder_3bit
Built simulation snapshot TB_Adder_3bit_behav

****** Webtalk v2018.1 (64-bit)
  **** SW Build 2188600 on Wed Apr  4 18:40:38 MDT 2018
  **** IP Build 2185939 on Wed Apr  4 20:55:05 MDT 2018
    ** Copyright 1986-2018 Xilinx, Inc. All Rights Reserved.

source C:/Users/RAMINDU/Desktop/2nd -notrace
couldn't read file "C:/Users/RAMINDU/Desktop/2nd": permission denied
INFO: [Common 17-206] Exiting Webtalk at Wed Jun  7 14:45:20 2023...
INFO: [USF-XSim-69] 'elaborate' step finished in '3' seconds
INFO: [USF-XSim-4] XSim::Simulate design
INFO: [USF-XSim-61] Executing 'SIMULATE' step in 'C:/Users/RAMINDU/Desktop/2nd sem/Computer Organization and Digital Design/Week 10/Lab 9-10/Nanoprocessor/3-bit Adder/Adder_3bit.sim/sim_1/behav/xsim'
INFO: [USF-XSim-98] *** Running xsim
   with args "TB_Adder_3bit_behav -key {Behavioral:sim_1:Functional:TB_Adder_3bit} -tclbatch {TB_Adder_3bit.tcl} -view {{C:/Users/RAMINDU/Desktop/2nd sem/Computer Organization and Digital Design/Week 10/Lab 9-10/Nanoprocessor/3-bit Adder/TB_Adder_3bit_behav.wcfg}} -log {simulate.log}"
INFO: [USF-XSim-8] Loading simulator feature
Vivado Simulator 2018.1
Time resolution is 1 ps
open_wave_config {C:/Users/RAMINDU/Desktop/2nd sem/Computer Organization and Digital Design/Week 10/Lab 9-10/Nanoprocessor/3-bit Adder/TB_Adder_3bit_behav.wcfg}
WARNING: Simulation object /TB_Adder_3bit/C_in_TB was not found in the design.
WARNING: Simulation object /TB_Adder_3bit/B_TB was not found in the design.
WARNING: Simulation object /TB_Adder_3bit/C_out_TB was not found in the design.
source TB_Adder_3bit.tcl
# set curr_wave [current_wave_config]
# if { [string length $curr_wave] == 0 } {
#   if { [llength [get_objects]] > 0} {
#     add_wave /
#     set_property needs_save false [current_wave_config]
#   } else {
#      send_msg_id Add_Wave-1 WARNING "No top level signals found. Simulator will start without a wave window. If you want to open a wave window go to 'File->New Waveform Configuration' or type 'create_wave_config' in the TCL console."
#   }
# }
# run 1000ns
INFO: [USF-XSim-96] XSim completed. Design snapshot 'TB_Adder_3bit_behav' loaded.
INFO: [USF-XSim-97] XSim simulation ran for 1000ns
launch_simulation: Time (s): cpu = 00:00:05 ; elapsed = 00:00:06 . Memory (MB): peak = 2426.117 ; gain = 7.895
launch_simulation -mode post-synthesis -type functional
INFO: [Vivado 12-5682] Launching post-synthesis functional simulation in 'C:/Users/RAMINDU/Desktop/2nd sem/Computer Organization and Digital Design/Week 10/Lab 9-10/Nanoprocessor/3-bit Adder/Adder_3bit.sim/sim_1/synth/func/xsim'
INFO: [SIM-utils-51] Simulation object is 'sim_1'
Design is defaulting to impl run constrset: constrs_1
Design is defaulting to synth run part: xc7a35tcpg236-1
INFO: [Netlist 29-17] Analyzing 3 Unisim elements for replacement
INFO: [Netlist 29-28] Unisim Transformation completed in 0 CPU seconds
INFO: [Project 1-479] Netlist was created with Vivado 2018.1
INFO: [Project 1-570] Preparing netlist for logic optimization
INFO: [Project 1-111] Unisim Transformation Summary:
No Unisim elements were transformed.

INFO: [SIM-utils-24] Writing simulation netlist file for design 'synth_1'...
INFO: [SIM-utils-26] write_vhdl -mode funcsim -nolib -force -file "C:/Users/RAMINDU/Desktop/2nd sem/Computer Organization and Digital Design/Week 10/Lab 9-10/Nanoprocessor/3-bit Adder/Adder_3bit.sim/sim_1/synth/func/xsim/TB_Adder_3bit_func_synth.vhd"
INFO: [SIM-utils-36] Netlist generated:C:/Users/RAMINDU/Desktop/2nd sem/Computer Organization and Digital Design/Week 10/Lab 9-10/Nanoprocessor/3-bit Adder/Adder_3bit.sim/sim_1/synth/func/xsim/TB_Adder_3bit_func_synth.vhd
INFO: [SIM-utils-54] Inspecting design source files for 'TB_Adder_3bit' in fileset 'sim_1'...
INFO: [USF-XSim-2] XSim::Compile design
INFO: [USF-XSim-61] Executing 'COMPILE and ANALYZE' step in 'C:/Users/RAMINDU/Desktop/2nd sem/Computer Organization and Digital Design/Week 10/Lab 9-10/Nanoprocessor/3-bit Adder/Adder_3bit.sim/sim_1/synth/func/xsim'
"xvhdl --incr --relax -prj TB_Adder_3bit_vhdl.prj"
INFO: [VRFC 10-163] Analyzing VHDL file "C:/Users/RAMINDU/Desktop/2nd sem/Computer Organization and Digital Design/Week 10/Lab 9-10/Nanoprocessor/3-bit Adder/Adder_3bit.sim/sim_1/synth/func/xsim/TB_Adder_3bit_func_synth.vhd" into library xil_defaultlib
INFO: [VRFC 10-307] analyzing entity Adder_3bit
INFO: [VRFC 10-163] Analyzing VHDL file "C:/Users/RAMINDU/Desktop/2nd sem/Computer Organization and Digital Design/Week 10/Lab 9-10/Nanoprocessor/3-bit Adder/Adder_3bit.srcs/sim_1/new/TB_Adder_3bit.vhd" into library xil_defaultlib
INFO: [VRFC 10-307] analyzing entity TB_Adder_3bit
INFO: [USF-XSim-69] 'compile' step finished in '1' seconds
INFO: [USF-XSim-3] XSim::Elaborate design
INFO: [USF-XSim-61] Executing 'ELABORATE' step in 'C:/Users/RAMINDU/Desktop/2nd sem/Computer Organization and Digital Design/Week 10/Lab 9-10/Nanoprocessor/3-bit Adder/Adder_3bit.sim/sim_1/synth/func/xsim'
Vivado Simulator 2018.1
Copyright 1986-1999, 2001-2017 Xilinx, Inc. All Rights Reserved.
Running: C:/Xilinx/Vivado/2018.1/bin/unwrapped/win64.o/xelab.exe -wto b96a93caedb2492f89b2e67168c6dd13 --incr --debug typical --relax --mt 2 -L xil_defaultlib -L secureip --snapshot TB_Adder_3bit_func_synth xil_defaultlib.TB_Adder_3bit -log elaborate.log 
Using 2 slave threads.
Starting static elaboration
Completed static elaboration
Starting simulation data flow analysis
Completed simulation data flow analysis
Time Resolution for simulation is 1ps
Compiling package std.standard
Compiling package std.textio
Compiling package ieee.std_logic_1164
Compiling package ieee.numeric_std
Compiling package unisim.vcomponents
Compiling package ieee.vital_timing
Compiling package ieee.vital_primitives
Compiling package unisim.vpkg
Compiling architecture ibuf_v of entity unisim.IBUF [\IBUF(1,9)(1,1)(1,4)(1,7)\]
Compiling architecture obuf_v of entity unisim.OBUF [\OBUF(1,9)(1,7)(1,4)\]
Compiling architecture lut1_v of entity unisim.LUT1 [\LUT1(init="0001")(0,3)\]
Compiling architecture lut2_v of entity unisim.LUT2 [\LUT2(init="0110")(0,3)\]
Compiling architecture lut3_v of entity unisim.LUT3 [\LUT3(init="01111000")(0,7)\]
Compiling architecture structure of entity xil_defaultlib.Adder_3bit [adder_3bit_default]
Compiling architecture behavioral of entity xil_defaultlib.tb_adder_3bit
Built simulation snapshot TB_Adder_3bit_func_synth

****** Webtalk v2018.1 (64-bit)
  **** SW Build 2188600 on Wed Apr  4 18:40:38 MDT 2018
  **** IP Build 2185939 on Wed Apr  4 20:55:05 MDT 2018
    ** Copyright 1986-2018 Xilinx, Inc. All Rights Reserved.

source C:/Users/RAMINDU/Desktop/2nd -notrace
couldn't read file "C:/Users/RAMINDU/Desktop/2nd": permission denied
INFO: [Common 17-206] Exiting Webtalk at Wed Jun  7 14:46:26 2023...
INFO: [USF-XSim-69] 'elaborate' step finished in '3' seconds
INFO: [USF-XSim-4] XSim::Simulate design
INFO: [USF-XSim-61] Executing 'SIMULATE' step in 'C:/Users/RAMINDU/Desktop/2nd sem/Computer Organization and Digital Design/Week 10/Lab 9-10/Nanoprocessor/3-bit Adder/Adder_3bit.sim/sim_1/synth/func/xsim'
INFO: [USF-XSim-98] *** Running xsim
   with args "TB_Adder_3bit_func_synth -key {Post-Synthesis:sim_1:Functional:TB_Adder_3bit} -tclbatch {TB_Adder_3bit.tcl} -view {{C:/Users/RAMINDU/Desktop/2nd sem/Computer Organization and Digital Design/Week 10/Lab 9-10/Nanoprocessor/3-bit Adder/TB_Adder_3bit_behav.wcfg}} -log {simulate.log}"
INFO: [USF-XSim-8] Loading simulator feature
Vivado Simulator 2018.1
Time resolution is 1 ps
open_wave_config {C:/Users/RAMINDU/Desktop/2nd sem/Computer Organization and Digital Design/Week 10/Lab 9-10/Nanoprocessor/3-bit Adder/TB_Adder_3bit_behav.wcfg}
WARNING: Simulation object /TB_Adder_3bit/C_in_TB was not found in the design.
WARNING: Simulation object /TB_Adder_3bit/B_TB was not found in the design.
WARNING: Simulation object /TB_Adder_3bit/C_out_TB was not found in the design.
source TB_Adder_3bit.tcl
# set curr_wave [current_wave_config]
# if { [string length $curr_wave] == 0 } {
#   if { [llength [get_objects]] > 0} {
#     add_wave /
#     set_property needs_save false [current_wave_config]
#   } else {
#      send_msg_id Add_Wave-1 WARNING "No top level signals found. Simulator will start without a wave window. If you want to open a wave window go to 'File->New Waveform Configuration' or type 'create_wave_config' in the TCL console."
#   }
# }
# run 1000ns
INFO: [USF-XSim-96] XSim completed. Design snapshot 'TB_Adder_3bit_func_synth' loaded.
INFO: [USF-XSim-97] XSim simulation ran for 1000ns
launch_simulation: Time (s): cpu = 00:00:11 ; elapsed = 00:00:09 . Memory (MB): peak = 2586.672 ; gain = 160.555
launch_simulation -mode post-implementation -type timing
INFO: [Vivado 12-5682] Launching post-implementation timing simulation in 'C:/Users/RAMINDU/Desktop/2nd sem/Computer Organization and Digital Design/Week 10/Lab 9-10/Nanoprocessor/3-bit Adder/Adder_3bit.sim/sim_1/impl/timing/xsim'
INFO: [SIM-utils-51] Simulation object is 'sim_1'
INFO: [SIM-utils-20] The target language is set to VHDL, it is not supported for simulation type 'timing', using Verilog instead.
INFO: [SIM-utils-31] Writing simulation netlist file for design 'impl_1'...
INFO: [SIM-utils-32] write_verilog -mode timesim -nolib -sdf_anno true -force -file "C:/Users/RAMINDU/Desktop/2nd sem/Computer Organization and Digital Design/Week 10/Lab 9-10/Nanoprocessor/3-bit Adder/Adder_3bit.sim/sim_1/impl/timing/xsim/TB_Adder_3bit_time_impl.v"
INFO: [SIM-utils-34] Writing SDF file...
INFO: [SIM-utils-35] write_sdf -mode timesim -process_corner slow -force -file "C:/Users/RAMINDU/Desktop/2nd sem/Computer Organization and Digital Design/Week 10/Lab 9-10/Nanoprocessor/3-bit Adder/Adder_3bit.sim/sim_1/impl/timing/xsim/TB_Adder_3bit_time_impl.sdf"
INFO: [SIM-utils-36] Netlist generated:C:/Users/RAMINDU/Desktop/2nd sem/Computer Organization and Digital Design/Week 10/Lab 9-10/Nanoprocessor/3-bit Adder/Adder_3bit.sim/sim_1/impl/timing/xsim/TB_Adder_3bit_time_impl.v
INFO: [SIM-utils-37] SDF generated:C:/Users/RAMINDU/Desktop/2nd sem/Computer Organization and Digital Design/Week 10/Lab 9-10/Nanoprocessor/3-bit Adder/Adder_3bit.sim/sim_1/impl/timing/xsim/TB_Adder_3bit_time_impl.sdf
INFO: [SIM-utils-54] Inspecting design source files for 'TB_Adder_3bit' in fileset 'sim_1'...
INFO: [USF-XSim-2] XSim::Compile design
INFO: [USF-XSim-61] Executing 'COMPILE and ANALYZE' step in 'C:/Users/RAMINDU/Desktop/2nd sem/Computer Organization and Digital Design/Week 10/Lab 9-10/Nanoprocessor/3-bit Adder/Adder_3bit.sim/sim_1/impl/timing/xsim'
"xvlog --incr --relax -prj TB_Adder_3bit_vlog.prj"
INFO: [VRFC 10-2263] Analyzing Verilog file "C:/Users/RAMINDU/Desktop/2nd sem/Computer Organization and Digital Design/Week 10/Lab 9-10/Nanoprocessor/3-bit Adder/Adder_3bit.sim/sim_1/impl/timing/xsim/TB_Adder_3bit_time_impl.v" into library xil_defaultlib
INFO: [VRFC 10-311] analyzing module Adder_3bit
INFO: [VRFC 10-311] analyzing module glbl
"xvhdl --incr --relax -prj TB_Adder_3bit_vhdl.prj"
INFO: [VRFC 10-163] Analyzing VHDL file "C:/Users/RAMINDU/Desktop/2nd sem/Computer Organization and Digital Design/Week 10/Lab 9-10/Nanoprocessor/3-bit Adder/Adder_3bit.srcs/sim_1/new/TB_Adder_3bit.vhd" into library xil_defaultlib
INFO: [VRFC 10-307] analyzing entity TB_Adder_3bit
INFO: [USF-XSim-69] 'compile' step finished in '2' seconds
INFO: [USF-XSim-3] XSim::Elaborate design
INFO: [USF-XSim-61] Executing 'ELABORATE' step in 'C:/Users/RAMINDU/Desktop/2nd sem/Computer Organization and Digital Design/Week 10/Lab 9-10/Nanoprocessor/3-bit Adder/Adder_3bit.sim/sim_1/impl/timing/xsim'
Vivado Simulator 2018.1
Copyright 1986-1999, 2001-2017 Xilinx, Inc. All Rights Reserved.
Running: C:/Xilinx/Vivado/2018.1/bin/unwrapped/win64.o/xelab.exe -wto b96a93caedb2492f89b2e67168c6dd13 --incr --debug typical --relax --mt 2 --maxdelay -L xil_defaultlib -L simprims_ver -L secureip --snapshot TB_Adder_3bit_time_impl -transport_int_delays -pulse_r 0 -pulse_int_r 0 -pulse_e 0 -pulse_int_e 0 xil_defaultlib.TB_Adder_3bit xil_defaultlib.glbl -log elaborate.log 
Using 2 slave threads.
Starting static elaboration
Completed static elaboration
Starting simulation data flow analysis
Completed simulation data flow analysis
INFO: [XSIM 43-3451] SDF backannotation process started with SDF file "TB_Adder_3bit_time_impl.sdf", for root module "TB_Adder_3bit/UUT".
INFO: [XSIM 43-3452] SDF backannotation was successful for SDF file "TB_Adder_3bit_time_impl.sdf", for root module "TB_Adder_3bit/UUT".
Time Resolution for simulation is 1ps
Compiling package std.standard
Compiling package std.textio
Compiling package ieee.std_logic_1164
Compiling package vl.vl_types
Compiling module xil_defaultlib.glbl
Compiling module simprims_ver.IBUF
Compiling module simprims_ver.OBUF
Compiling module simprims_ver.x_lut1_mux2
Compiling module simprims_ver.LUT1
Compiling module simprims_ver.x_lut2_mux4
Compiling module simprims_ver.LUT2
Compiling module simprims_ver.x_lut3_mux8
Compiling module simprims_ver.LUT3
Compiling module xil_defaultlib.Adder_3bit
Compiling architecture behavioral of entity xil_defaultlib.tb_adder_3bit
Built simulation snapshot TB_Adder_3bit_time_impl

****** Webtalk v2018.1 (64-bit)
  **** SW Build 2188600 on Wed Apr  4 18:40:38 MDT 2018
  **** IP Build 2185939 on Wed Apr  4 20:55:05 MDT 2018
    ** Copyright 1986-2018 Xilinx, Inc. All Rights Reserved.

source C:/Users/RAMINDU/Desktop/2nd -notrace
couldn't read file "C:/Users/RAMINDU/Desktop/2nd": permission denied
INFO: [Common 17-206] Exiting Webtalk at Wed Jun  7 14:47:00 2023...
INFO: [USF-XSim-69] 'elaborate' step finished in '2' seconds
INFO: [USF-XSim-4] XSim::Simulate design
INFO: [USF-XSim-61] Executing 'SIMULATE' step in 'C:/Users/RAMINDU/Desktop/2nd sem/Computer Organization and Digital Design/Week 10/Lab 9-10/Nanoprocessor/3-bit Adder/Adder_3bit.sim/sim_1/impl/timing/xsim'
INFO: [USF-XSim-98] *** Running xsim
   with args "TB_Adder_3bit_time_impl -key {Post-Implementation:sim_1:Timing:TB_Adder_3bit} -tclbatch {TB_Adder_3bit.tcl} -view {{C:/Users/RAMINDU/Desktop/2nd sem/Computer Organization and Digital Design/Week 10/Lab 9-10/Nanoprocessor/3-bit Adder/TB_Adder_3bit_behav.wcfg}} -log {simulate.log}"
INFO: [USF-XSim-8] Loading simulator feature
Vivado Simulator 2018.1
Time resolution is 1 ps
open_wave_config {C:/Users/RAMINDU/Desktop/2nd sem/Computer Organization and Digital Design/Week 10/Lab 9-10/Nanoprocessor/3-bit Adder/TB_Adder_3bit_behav.wcfg}
WARNING: Simulation object /TB_Adder_3bit/C_in_TB was not found in the design.
WARNING: Simulation object /TB_Adder_3bit/B_TB was not found in the design.
WARNING: Simulation object /TB_Adder_3bit/C_out_TB was not found in the design.
source TB_Adder_3bit.tcl
# set curr_wave [current_wave_config]
# if { [string length $curr_wave] == 0 } {
#   if { [llength [get_objects]] > 0} {
#     add_wave /
#     set_property needs_save false [current_wave_config]
#   } else {
#      send_msg_id Add_Wave-1 WARNING "No top level signals found. Simulator will start without a wave window. If you want to open a wave window go to 'File->New Waveform Configuration' or type 'create_wave_config' in the TCL console."
#   }
# }
# run 1000ns
INFO: [USF-XSim-96] XSim completed. Design snapshot 'TB_Adder_3bit_time_impl' loaded.
INFO: [USF-XSim-97] XSim simulation ran for 1000ns
launch_simulation: Time (s): cpu = 00:00:05 ; elapsed = 00:00:08 . Memory (MB): peak = 2598.285 ; gain = 10.184
close_sim
INFO: [Simtcl 6-16] Simulation closed
current_sim simulation_6
close_sim
INFO: [Simtcl 6-16] Simulation closed
current_sim simulation_5
close_sim
INFO: [Simtcl 6-16] Simulation closed
close_project
current_sim simulation_4
close_sim
INFO: [Simtcl 6-16] Simulation closed
current_sim simulation_3
close_sim
INFO: [Simtcl 6-16] Simulation closed
close_sim
INFO: [Simtcl 6-16] Simulation closed
close_project
