Vivado Simulator 2018.1
Copyright 1986-1999, 2001-2017 Xilinx, Inc. All Rights Reserved.
Running: C:/Xilinx/Vivado/2018.1/bin/unwrapped/win64.o/xelab.exe -wto f31bec9d6f1048b1b2ae02d49077464c --incr --debug typical --relax --mt 2 --maxdelay -L xil_defaultlib -L simprims_ver -L secureip --snapshot TB_MUX_2way_4bit_time_impl -transport_int_delays -pulse_r 0 -pulse_int_r 0 -pulse_e 0 -pulse_int_e 0 xil_defaultlib.TB_MUX_2way_4bit xil_defaultlib.glbl -log elaborate.log 
Using 2 slave threads.
Starting static elaboration
Completed static elaboration
Starting simulation data flow analysis
Completed simulation data flow analysis
INFO: [XSIM 43-3451] SDF backannotation process started with SDF file "TB_MUX_2way_4bit_time_impl.sdf", for root module "TB_MUX_2way_4bit/UUT".
INFO: [XSIM 43-3452] SDF backannotation was successful for SDF file "TB_MUX_2way_4bit_time_impl.sdf", for root module "TB_MUX_2way_4bit/UUT".
Time Resolution for simulation is 1ps
Compiling package std.standard
Compiling package std.textio
Compiling package ieee.std_logic_1164
Compiling package vl.vl_types
Compiling module xil_defaultlib.glbl
Compiling module simprims_ver.OBUF
Compiling module simprims_ver.x_lut3_mux8
Compiling module simprims_ver.LUT3
Compiling module simprims_ver.IBUF
Compiling module xil_defaultlib.MUX_2way_4bit
Compiling architecture behavioral of entity xil_defaultlib.tb_mux_2way_4bit
Built simulation snapshot TB_MUX_2way_4bit_time_impl
