#-----------------------------------------------------------
# Vivado v2018.1 (64-bit)
# SW Build 2188600 on Wed Apr  4 18:40:38 MDT 2018
# IP Build 2185939 on Wed Apr  4 20:55:05 MDT 2018
# Start of session at: Tue Jun  6 19:17:48 2023
# Process ID: 22272
# Current directory: C:/Users/RAMINDU/Desktop/2nd sem/Computer Organization and Digital Design/Week 10/Lab 9-10/Nanoprocessor/4-bit Add_Subtract unit/Ripple Carry Adder
# Command line: vivado.exe -gui_launcher_event rodinguilauncherevent14548 C:\Users\RAMINDU\Desktop\2nd sem\Computer Organization and Digital Design\Week 10\Lab 9-10\Nanoprocessor\4-bit Add_Subtract unit\Ripple Carry Adder\RCA_4bit.xpr
# Log file: C:/Users/RAMINDU/Desktop/2nd sem/Computer Organization and Digital Design/Week 10/Lab 9-10/Nanoprocessor/4-bit Add_Subtract unit/Ripple Carry Adder/vivado.log
# Journal file: C:/Users/RAMINDU/Desktop/2nd sem/Computer Organization and Digital Design/Week 10/Lab 9-10/Nanoprocessor/4-bit Add_Subtract unit/Ripple Carry Adder\vivado.jou
#-----------------------------------------------------------
start_gui
open_project {C:/Users/RAMINDU/Desktop/2nd sem/Computer Organization and Digital Design/Week 10/Lab 9-10/Nanoprocessor/4-bit Add_Subtract unit/Ripple Carry Adder/RCA_4bit.xpr}
INFO: [ProjectBase 1-489] The host OS only allows 260 characters in a normal path. The project is stored in a path with more than 80 characters. If you experience issues with IP, Block Designs, or files not being found, please consider moving the project to a location with a shorter path. Alternately consider using the OS subst command to map part of the path to a drive letter.
Current project path is 'C:/Users/RAMINDU/Desktop/2nd sem/Computer Organization and Digital Design/Week 10/Lab 9-10/Nanoprocessor/4-bit Add_Subtract unit/Ripple Carry Adder'
Scanning sources...
Finished scanning sources
INFO: [IP_Flow 19-234] Refreshing IP repositories
INFO: [IP_Flow 19-1704] No user IP repositories specified
INFO: [IP_Flow 19-2313] Loaded Vivado IP repository 'C:/Xilinx/Vivado/2018.1/data/ip'.
open_project: Time (s): cpu = 00:00:13 ; elapsed = 00:00:07 . Memory (MB): peak = 960.531 ; gain = 202.941
update_compile_order -fileset sources_1
exit
INFO: [Common 17-206] Exiting Vivado at Wed Jun  7 16:17:24 2023...
