
*** Running vivado
    with args -log RB.vds -m64 -product Vivado -mode batch -messageDb vivado.pb -notrace -source RB.tcl


****** Vivado v2018.1 (64-bit)
  **** SW Build 2188600 on Wed Apr  4 18:40:38 MDT 2018
  **** IP Build 2185939 on Wed Apr  4 20:55:05 MDT 2018
    ** Copyright 1986-2018 Xilinx, Inc. All Rights Reserved.

source RB.tcl -notrace
Command: synth_design -top RB -part xc7a35tcpg236-1
Starting synth_design
Attempting to get a license for feature 'Synthesis' and/or device 'xc7a35t'
INFO: [Common 17-349] Got license for feature 'Synthesis' and/or device 'xc7a35t'
INFO: Launching helper process for spawning children vivado processes
INFO: Helper process launched with PID 19676 
---------------------------------------------------------------------------------
Starting Synthesize : Time (s): cpu = 00:00:05 ; elapsed = 00:00:05 . Memory (MB): peak = 435.262 ; gain = 95.203
---------------------------------------------------------------------------------
INFO: [Synth 8-638] synthesizing module 'RB' [C:/Users/RAMINDU/Desktop/2nd sem/Computer Organization and Digital Design/Week 10/Lab 9-10/Nanoprocessor/Register Bank/Register_Bank.srcs/sources_1/new/RB.vhd:19]
INFO: [Synth 8-3491] module 'Decoder_3_to_8' declared at 'C:/Users/RAMINDU/Desktop/2nd sem/Computer Organization and Digital Design/Week 10/Lab 9-10/Nanoprocessor/Register Bank/Register_Bank.srcs/sources_1/new/Decoder_3_to_8.vhd:5' bound to instance 'Dec' of component 'Decoder_3_to_8' [C:/Users/RAMINDU/Desktop/2nd sem/Computer Organization and Digital Design/Week 10/Lab 9-10/Nanoprocessor/Register Bank/Register_Bank.srcs/sources_1/new/RB.vhd:38]
INFO: [Synth 8-638] synthesizing module 'Decoder_3_to_8' [C:/Users/RAMINDU/Desktop/2nd sem/Computer Organization and Digital Design/Week 10/Lab 9-10/Nanoprocessor/Register Bank/Register_Bank.srcs/sources_1/new/Decoder_3_to_8.vhd:11]
INFO: [Synth 8-256] done synthesizing module 'Decoder_3_to_8' (1#1) [C:/Users/RAMINDU/Desktop/2nd sem/Computer Organization and Digital Design/Week 10/Lab 9-10/Nanoprocessor/Register Bank/Register_Bank.srcs/sources_1/new/Decoder_3_to_8.vhd:11]
INFO: [Synth 8-3491] module 'Reg_4bit' declared at 'C:/Users/RAMINDU/Desktop/2nd sem/Computer Organization and Digital Design/Week 10/Lab 9-10/Nanoprocessor/Register Bank/Register_Bank.srcs/sources_1/new/Reg_4bit.vhd:4' bound to instance 'Reg_0' of component 'Reg_4bit' [C:/Users/RAMINDU/Desktop/2nd sem/Computer Organization and Digital Design/Week 10/Lab 9-10/Nanoprocessor/Register Bank/Register_Bank.srcs/sources_1/new/RB.vhd:44]
INFO: [Synth 8-638] synthesizing module 'Reg_4bit' [C:/Users/RAMINDU/Desktop/2nd sem/Computer Organization and Digital Design/Week 10/Lab 9-10/Nanoprocessor/Register Bank/Register_Bank.srcs/sources_1/new/Reg_4bit.vhd:12]
WARNING: [Synth 8-614] signal 'En' is read in the process but is not in the sensitivity list [C:/Users/RAMINDU/Desktop/2nd sem/Computer Organization and Digital Design/Week 10/Lab 9-10/Nanoprocessor/Register Bank/Register_Bank.srcs/sources_1/new/Reg_4bit.vhd:16]
INFO: [Synth 8-256] done synthesizing module 'Reg_4bit' (2#1) [C:/Users/RAMINDU/Desktop/2nd sem/Computer Organization and Digital Design/Week 10/Lab 9-10/Nanoprocessor/Register Bank/Register_Bank.srcs/sources_1/new/Reg_4bit.vhd:12]
INFO: [Synth 8-3491] module 'Reg_4bit' declared at 'C:/Users/RAMINDU/Desktop/2nd sem/Computer Organization and Digital Design/Week 10/Lab 9-10/Nanoprocessor/Register Bank/Register_Bank.srcs/sources_1/new/Reg_4bit.vhd:4' bound to instance 'Reg_1' of component 'Reg_4bit' [C:/Users/RAMINDU/Desktop/2nd sem/Computer Organization and Digital Design/Week 10/Lab 9-10/Nanoprocessor/Register Bank/Register_Bank.srcs/sources_1/new/RB.vhd:52]
INFO: [Synth 8-3491] module 'Reg_4bit' declared at 'C:/Users/RAMINDU/Desktop/2nd sem/Computer Organization and Digital Design/Week 10/Lab 9-10/Nanoprocessor/Register Bank/Register_Bank.srcs/sources_1/new/Reg_4bit.vhd:4' bound to instance 'Reg_2' of component 'Reg_4bit' [C:/Users/RAMINDU/Desktop/2nd sem/Computer Organization and Digital Design/Week 10/Lab 9-10/Nanoprocessor/Register Bank/Register_Bank.srcs/sources_1/new/RB.vhd:60]
INFO: [Synth 8-3491] module 'Reg_4bit' declared at 'C:/Users/RAMINDU/Desktop/2nd sem/Computer Organization and Digital Design/Week 10/Lab 9-10/Nanoprocessor/Register Bank/Register_Bank.srcs/sources_1/new/Reg_4bit.vhd:4' bound to instance 'Reg_3' of component 'Reg_4bit' [C:/Users/RAMINDU/Desktop/2nd sem/Computer Organization and Digital Design/Week 10/Lab 9-10/Nanoprocessor/Register Bank/Register_Bank.srcs/sources_1/new/RB.vhd:68]
INFO: [Synth 8-3491] module 'Reg_4bit' declared at 'C:/Users/RAMINDU/Desktop/2nd sem/Computer Organization and Digital Design/Week 10/Lab 9-10/Nanoprocessor/Register Bank/Register_Bank.srcs/sources_1/new/Reg_4bit.vhd:4' bound to instance 'Reg_4' of component 'Reg_4bit' [C:/Users/RAMINDU/Desktop/2nd sem/Computer Organization and Digital Design/Week 10/Lab 9-10/Nanoprocessor/Register Bank/Register_Bank.srcs/sources_1/new/RB.vhd:76]
INFO: [Synth 8-3491] module 'Reg_4bit' declared at 'C:/Users/RAMINDU/Desktop/2nd sem/Computer Organization and Digital Design/Week 10/Lab 9-10/Nanoprocessor/Register Bank/Register_Bank.srcs/sources_1/new/Reg_4bit.vhd:4' bound to instance 'Reg_5' of component 'Reg_4bit' [C:/Users/RAMINDU/Desktop/2nd sem/Computer Organization and Digital Design/Week 10/Lab 9-10/Nanoprocessor/Register Bank/Register_Bank.srcs/sources_1/new/RB.vhd:84]
INFO: [Synth 8-3491] module 'Reg_4bit' declared at 'C:/Users/RAMINDU/Desktop/2nd sem/Computer Organization and Digital Design/Week 10/Lab 9-10/Nanoprocessor/Register Bank/Register_Bank.srcs/sources_1/new/Reg_4bit.vhd:4' bound to instance 'Reg_6' of component 'Reg_4bit' [C:/Users/RAMINDU/Desktop/2nd sem/Computer Organization and Digital Design/Week 10/Lab 9-10/Nanoprocessor/Register Bank/Register_Bank.srcs/sources_1/new/RB.vhd:92]
INFO: [Synth 8-3491] module 'Reg_4bit' declared at 'C:/Users/RAMINDU/Desktop/2nd sem/Computer Organization and Digital Design/Week 10/Lab 9-10/Nanoprocessor/Register Bank/Register_Bank.srcs/sources_1/new/Reg_4bit.vhd:4' bound to instance 'Reg_7' of component 'Reg_4bit' [C:/Users/RAMINDU/Desktop/2nd sem/Computer Organization and Digital Design/Week 10/Lab 9-10/Nanoprocessor/Register Bank/Register_Bank.srcs/sources_1/new/RB.vhd:100]
INFO: [Synth 8-256] done synthesizing module 'RB' (3#1) [C:/Users/RAMINDU/Desktop/2nd sem/Computer Organization and Digital Design/Week 10/Lab 9-10/Nanoprocessor/Register Bank/Register_Bank.srcs/sources_1/new/RB.vhd:19]
---------------------------------------------------------------------------------
Finished Synthesize : Time (s): cpu = 00:00:06 ; elapsed = 00:00:06 . Memory (MB): peak = 490.777 ; gain = 150.719
---------------------------------------------------------------------------------
---------------------------------------------------------------------------------
Finished Constraint Validation : Time (s): cpu = 00:00:06 ; elapsed = 00:00:06 . Memory (MB): peak = 490.777 ; gain = 150.719
---------------------------------------------------------------------------------
---------------------------------------------------------------------------------
Start Loading Part and Timing Information
---------------------------------------------------------------------------------
Loading part: xc7a35tcpg236-1
---------------------------------------------------------------------------------
Finished Loading Part and Timing Information : Time (s): cpu = 00:00:06 ; elapsed = 00:00:06 . Memory (MB): peak = 490.777 ; gain = 150.719
---------------------------------------------------------------------------------
INFO: [Device 21-403] Loading part xc7a35tcpg236-1
INFO: [Synth 8-5544] ROM "Outputs" won't be mapped to Block RAM because address size (3) smaller than threshold (5)
---------------------------------------------------------------------------------
Finished RTL Optimization Phase 2 : Time (s): cpu = 00:00:06 ; elapsed = 00:00:07 . Memory (MB): peak = 490.777 ; gain = 150.719
---------------------------------------------------------------------------------

Report RTL Partitions: 
+-+--------------+------------+----------+
| |RTL Partition |Replication |Instances |
+-+--------------+------------+----------+
+-+--------------+------------+----------+
No constraint files found.
---------------------------------------------------------------------------------
Start RTL Component Statistics 
---------------------------------------------------------------------------------
Detailed RTL Component Info : 
+---Registers : 
	                4 Bit    Registers := 8     
+---Muxes : 
	   9 Input      8 Bit        Muxes := 1     
	   2 Input      8 Bit        Muxes := 1     
---------------------------------------------------------------------------------
Finished RTL Component Statistics 
---------------------------------------------------------------------------------
---------------------------------------------------------------------------------
Start RTL Hierarchical Component Statistics 
---------------------------------------------------------------------------------
Hierarchical RTL Component report 
Module Decoder_3_to_8 
Detailed RTL Component Info : 
+---Muxes : 
	   9 Input      8 Bit        Muxes := 1     
	   2 Input      8 Bit        Muxes := 1     
Module Reg_4bit 
Detailed RTL Component Info : 
+---Registers : 
	                4 Bit    Registers := 1     
---------------------------------------------------------------------------------
Finished RTL Hierarchical Component Statistics
---------------------------------------------------------------------------------
---------------------------------------------------------------------------------
Start Part Resource Summary
---------------------------------------------------------------------------------
Part Resources:
DSPs: 90 (col length:60)
BRAMs: 100 (col length: RAMB18 60 RAMB36 30)
---------------------------------------------------------------------------------
Finished Part Resource Summary
---------------------------------------------------------------------------------
No constraint files found.
---------------------------------------------------------------------------------
Start Cross Boundary and Area Optimization
---------------------------------------------------------------------------------
Warning: Parallel synthesis criteria is not met 
INFO: [Synth 8-3886] merging instance 'Reg_0/Q_reg[0]' (FDR) to 'Reg_0/Q_reg[3]'
INFO: [Synth 8-3886] merging instance 'Reg_0/Q_reg[1]' (FDR) to 'Reg_0/Q_reg[3]'
INFO: [Synth 8-3886] merging instance 'Reg_0/Q_reg[2]' (FDR) to 'Reg_0/Q_reg[3]'
INFO: [Synth 8-3333] propagating constant 0 across sequential element (\Reg_0/Q_reg[3] )
WARNING: [Synth 8-3332] Sequential element (Reg_0/Q_reg[3]) is unused and will be removed from module RB.
---------------------------------------------------------------------------------
Finished Cross Boundary and Area Optimization : Time (s): cpu = 00:00:09 ; elapsed = 00:00:11 . Memory (MB): peak = 620.027 ; gain = 279.969
---------------------------------------------------------------------------------

Report RTL Partitions: 
+-+--------------+------------+----------+
| |RTL Partition |Replication |Instances |
+-+--------------+------------+----------+
+-+--------------+------------+----------+
No constraint files found.
---------------------------------------------------------------------------------
Start Timing Optimization
---------------------------------------------------------------------------------
---------------------------------------------------------------------------------
Finished Timing Optimization : Time (s): cpu = 00:00:10 ; elapsed = 00:00:11 . Memory (MB): peak = 620.027 ; gain = 279.969
---------------------------------------------------------------------------------

Report RTL Partitions: 
+-+--------------+------------+----------+
| |RTL Partition |Replication |Instances |
+-+--------------+------------+----------+
+-+--------------+------------+----------+
---------------------------------------------------------------------------------
Start Technology Mapping
---------------------------------------------------------------------------------
---------------------------------------------------------------------------------
Finished Technology Mapping : Time (s): cpu = 00:00:10 ; elapsed = 00:00:11 . Memory (MB): peak = 620.227 ; gain = 280.168
---------------------------------------------------------------------------------

Report RTL Partitions: 
+-+--------------+------------+----------+
| |RTL Partition |Replication |Instances |
+-+--------------+------------+----------+
+-+--------------+------------+----------+
---------------------------------------------------------------------------------
Start IO Insertion
---------------------------------------------------------------------------------
---------------------------------------------------------------------------------
Start Flattening Before IO Insertion
---------------------------------------------------------------------------------
---------------------------------------------------------------------------------
Finished Flattening Before IO Insertion
---------------------------------------------------------------------------------
---------------------------------------------------------------------------------
Start Final Netlist Cleanup
---------------------------------------------------------------------------------
---------------------------------------------------------------------------------
Finished Final Netlist Cleanup
---------------------------------------------------------------------------------
---------------------------------------------------------------------------------
Finished IO Insertion : Time (s): cpu = 00:00:10 ; elapsed = 00:00:12 . Memory (MB): peak = 620.227 ; gain = 280.168
---------------------------------------------------------------------------------

Report Check Netlist: 
+------+------------------+-------+---------+-------+------------------+
|      |Item              |Errors |Warnings |Status |Description       |
+------+------------------+-------+---------+-------+------------------+
|1     |multi_driven_nets |      0|        0|Passed |Multi driven nets |
+------+------------------+-------+---------+-------+------------------+
---------------------------------------------------------------------------------
Start Renaming Generated Instances
---------------------------------------------------------------------------------
---------------------------------------------------------------------------------
Finished Renaming Generated Instances : Time (s): cpu = 00:00:10 ; elapsed = 00:00:12 . Memory (MB): peak = 620.227 ; gain = 280.168
---------------------------------------------------------------------------------

Report RTL Partitions: 
+-+--------------+------------+----------+
| |RTL Partition |Replication |Instances |
+-+--------------+------------+----------+
+-+--------------+------------+----------+
---------------------------------------------------------------------------------
Start Rebuilding User Hierarchy
---------------------------------------------------------------------------------
---------------------------------------------------------------------------------
Finished Rebuilding User Hierarchy : Time (s): cpu = 00:00:10 ; elapsed = 00:00:12 . Memory (MB): peak = 620.227 ; gain = 280.168
---------------------------------------------------------------------------------
---------------------------------------------------------------------------------
Start Renaming Generated Ports
---------------------------------------------------------------------------------
---------------------------------------------------------------------------------
Finished Renaming Generated Ports : Time (s): cpu = 00:00:10 ; elapsed = 00:00:12 . Memory (MB): peak = 620.227 ; gain = 280.168
---------------------------------------------------------------------------------
---------------------------------------------------------------------------------
Start Handling Custom Attributes
---------------------------------------------------------------------------------
---------------------------------------------------------------------------------
Finished Handling Custom Attributes : Time (s): cpu = 00:00:10 ; elapsed = 00:00:12 . Memory (MB): peak = 620.227 ; gain = 280.168
---------------------------------------------------------------------------------
---------------------------------------------------------------------------------
Start Renaming Generated Nets
---------------------------------------------------------------------------------
---------------------------------------------------------------------------------
Finished Renaming Generated Nets : Time (s): cpu = 00:00:10 ; elapsed = 00:00:12 . Memory (MB): peak = 620.227 ; gain = 280.168
---------------------------------------------------------------------------------
---------------------------------------------------------------------------------
Start Writing Synthesis Report
---------------------------------------------------------------------------------

Report BlackBoxes: 
+-+--------------+----------+
| |BlackBox name |Instances |
+-+--------------+----------+
+-+--------------+----------+

Report Cell Usage: 
+------+-----+------+
|      |Cell |Count |
+------+-----+------+
|1     |BUFG |     1|
|2     |LUT3 |     7|
|3     |LUT4 |     7|
|4     |FDRE |    28|
|5     |IBUF |     9|
|6     |OBUF |    32|
+------+-----+------+

Report Instance Areas: 
+------+---------+-----------+------+
|      |Instance |Module     |Cells |
+------+---------+-----------+------+
|1     |top      |           |    84|
|2     |  Reg_1  |Reg_4bit   |     6|
|3     |  Reg_2  |Reg_4bit_0 |     6|
|4     |  Reg_3  |Reg_4bit_1 |     6|
|5     |  Reg_4  |Reg_4bit_2 |     6|
|6     |  Reg_5  |Reg_4bit_3 |     6|
|7     |  Reg_6  |Reg_4bit_4 |     6|
|8     |  Reg_7  |Reg_4bit_5 |     6|
+------+---------+-----------+------+
---------------------------------------------------------------------------------
Finished Writing Synthesis Report : Time (s): cpu = 00:00:10 ; elapsed = 00:00:12 . Memory (MB): peak = 620.227 ; gain = 280.168
---------------------------------------------------------------------------------
Synthesis finished with 0 errors, 0 critical warnings and 2 warnings.
Synthesis Optimization Runtime : Time (s): cpu = 00:00:10 ; elapsed = 00:00:12 . Memory (MB): peak = 620.227 ; gain = 280.168
Synthesis Optimization Complete : Time (s): cpu = 00:00:10 ; elapsed = 00:00:12 . Memory (MB): peak = 620.227 ; gain = 280.168
INFO: [Project 1-571] Translating synthesized netlist
INFO: [Netlist 29-17] Analyzing 9 Unisim elements for replacement
INFO: [Netlist 29-28] Unisim Transformation completed in 0 CPU seconds
INFO: [Project 1-570] Preparing netlist for logic optimization
INFO: [Opt 31-138] Pushed 0 inverter(s) to 0 load pin(s).
INFO: [Project 1-111] Unisim Transformation Summary:
No Unisim elements were transformed.

INFO: [Common 17-83] Releasing license: Synthesis
29 Infos, 2 Warnings, 0 Critical Warnings and 0 Errors encountered.
synth_design completed successfully
synth_design: Time (s): cpu = 00:00:15 ; elapsed = 00:00:18 . Memory (MB): peak = 726.520 ; gain = 398.570
INFO: [Common 17-1381] The checkpoint 'C:/Users/RAMINDU/Desktop/2nd sem/Computer Organization and Digital Design/Week 10/Lab 9-10/Nanoprocessor/Register Bank/Register_Bank.runs/synth_1/RB.dcp' has been generated.
INFO: [runtcl-4] Executing : report_utilization -file RB_utilization_synth.rpt -pb RB_utilization_synth.pb
report_utilization: Time (s): cpu = 00:00:00 ; elapsed = 00:00:00.027 . Memory (MB): peak = 726.520 ; gain = 0.000
INFO: [Common 17-206] Exiting Vivado at Thu Jun  8 16:16:18 2023...

*** Running vivado
    with args -log Decoder_3_to_8.vds -m64 -product Vivado -mode batch -messageDb vivado.pb -notrace -source Decoder_3_to_8.tcl


****** Vivado v2018.1 (64-bit)
  **** SW Build 2188600 on Wed Apr  4 18:40:38 MDT 2018
  **** IP Build 2185939 on Wed Apr  4 20:55:05 MDT 2018
    ** Copyright 1986-2018 Xilinx, Inc. All Rights Reserved.

source Decoder_3_to_8.tcl -notrace
Command: synth_design -top Decoder_3_to_8 -part xc7a35tcpg236-1
Starting synth_design
Attempting to get a license for feature 'Synthesis' and/or device 'xc7a35t'
INFO: [Common 17-349] Got license for feature 'Synthesis' and/or device 'xc7a35t'
INFO: Launching helper process for spawning children vivado processes
INFO: Helper process launched with PID 21172 
---------------------------------------------------------------------------------
Starting Synthesize : Time (s): cpu = 00:00:06 ; elapsed = 00:00:05 . Memory (MB): peak = 435.004 ; gain = 95.168
---------------------------------------------------------------------------------
INFO: [Synth 8-638] synthesizing module 'Decoder_3_to_8' [C:/Users/RAMINDU/Desktop/2nd sem/Computer Organization and Digital Design/Week 10/Lab 9-10/Nanoprocessor/Register Bank/Register_Bank.srcs/sources_1/new/Decoder_3_to_8.vhd:11]
INFO: [Synth 8-256] done synthesizing module 'Decoder_3_to_8' (1#1) [C:/Users/RAMINDU/Desktop/2nd sem/Computer Organization and Digital Design/Week 10/Lab 9-10/Nanoprocessor/Register Bank/Register_Bank.srcs/sources_1/new/Decoder_3_to_8.vhd:11]
---------------------------------------------------------------------------------
Finished Synthesize : Time (s): cpu = 00:00:06 ; elapsed = 00:00:06 . Memory (MB): peak = 490.500 ; gain = 150.664
---------------------------------------------------------------------------------
---------------------------------------------------------------------------------
Finished Constraint Validation : Time (s): cpu = 00:00:06 ; elapsed = 00:00:06 . Memory (MB): peak = 490.500 ; gain = 150.664
---------------------------------------------------------------------------------
---------------------------------------------------------------------------------
Start Loading Part and Timing Information
---------------------------------------------------------------------------------
Loading part: xc7a35tcpg236-1
---------------------------------------------------------------------------------
Finished Loading Part and Timing Information : Time (s): cpu = 00:00:06 ; elapsed = 00:00:06 . Memory (MB): peak = 490.500 ; gain = 150.664
---------------------------------------------------------------------------------
INFO: [Device 21-403] Loading part xc7a35tcpg236-1
INFO: [Synth 8-5544] ROM "Outputs" won't be mapped to Block RAM because address size (3) smaller than threshold (5)
---------------------------------------------------------------------------------
Finished RTL Optimization Phase 2 : Time (s): cpu = 00:00:06 ; elapsed = 00:00:06 . Memory (MB): peak = 490.500 ; gain = 150.664
---------------------------------------------------------------------------------

Report RTL Partitions: 
+-+--------------+------------+----------+
| |RTL Partition |Replication |Instances |
+-+--------------+------------+----------+
+-+--------------+------------+----------+
No constraint files found.
---------------------------------------------------------------------------------
Start RTL Component Statistics 
---------------------------------------------------------------------------------
Detailed RTL Component Info : 
+---Muxes : 
	   9 Input      8 Bit        Muxes := 1     
	   2 Input      8 Bit        Muxes := 1     
---------------------------------------------------------------------------------
Finished RTL Component Statistics 
---------------------------------------------------------------------------------
---------------------------------------------------------------------------------
Start RTL Hierarchical Component Statistics 
---------------------------------------------------------------------------------
Hierarchical RTL Component report 
Module Decoder_3_to_8 
Detailed RTL Component Info : 
+---Muxes : 
	   9 Input      8 Bit        Muxes := 1     
	   2 Input      8 Bit        Muxes := 1     
---------------------------------------------------------------------------------
Finished RTL Hierarchical Component Statistics
---------------------------------------------------------------------------------
---------------------------------------------------------------------------------
Start Part Resource Summary
---------------------------------------------------------------------------------
Part Resources:
DSPs: 90 (col length:60)
BRAMs: 100 (col length: RAMB18 60 RAMB36 30)
---------------------------------------------------------------------------------
Finished Part Resource Summary
---------------------------------------------------------------------------------
No constraint files found.
---------------------------------------------------------------------------------
Start Cross Boundary and Area Optimization
---------------------------------------------------------------------------------
Warning: Parallel synthesis criteria is not met 
---------------------------------------------------------------------------------
Finished Cross Boundary and Area Optimization : Time (s): cpu = 00:00:10 ; elapsed = 00:00:11 . Memory (MB): peak = 619.070 ; gain = 279.234
---------------------------------------------------------------------------------

Report RTL Partitions: 
+-+--------------+------------+----------+
| |RTL Partition |Replication |Instances |
+-+--------------+------------+----------+
+-+--------------+------------+----------+
No constraint files found.
---------------------------------------------------------------------------------
Start Timing Optimization
---------------------------------------------------------------------------------
---------------------------------------------------------------------------------
Finished Timing Optimization : Time (s): cpu = 00:00:10 ; elapsed = 00:00:11 . Memory (MB): peak = 619.070 ; gain = 279.234
---------------------------------------------------------------------------------

Report RTL Partitions: 
+-+--------------+------------+----------+
| |RTL Partition |Replication |Instances |
+-+--------------+------------+----------+
+-+--------------+------------+----------+
---------------------------------------------------------------------------------
Start Technology Mapping
---------------------------------------------------------------------------------
---------------------------------------------------------------------------------
Finished Technology Mapping : Time (s): cpu = 00:00:10 ; elapsed = 00:00:11 . Memory (MB): peak = 619.070 ; gain = 279.234
---------------------------------------------------------------------------------

Report RTL Partitions: 
+-+--------------+------------+----------+
| |RTL Partition |Replication |Instances |
+-+--------------+------------+----------+
+-+--------------+------------+----------+
---------------------------------------------------------------------------------
Start IO Insertion
---------------------------------------------------------------------------------
---------------------------------------------------------------------------------
Start Flattening Before IO Insertion
---------------------------------------------------------------------------------
---------------------------------------------------------------------------------
Finished Flattening Before IO Insertion
---------------------------------------------------------------------------------
---------------------------------------------------------------------------------
Start Final Netlist Cleanup
---------------------------------------------------------------------------------
---------------------------------------------------------------------------------
Finished Final Netlist Cleanup
---------------------------------------------------------------------------------
---------------------------------------------------------------------------------
Finished IO Insertion : Time (s): cpu = 00:00:11 ; elapsed = 00:00:12 . Memory (MB): peak = 619.070 ; gain = 279.234
---------------------------------------------------------------------------------

Report Check Netlist: 
+------+------------------+-------+---------+-------+------------------+
|      |Item              |Errors |Warnings |Status |Description       |
+------+------------------+-------+---------+-------+------------------+
|1     |multi_driven_nets |      0|        0|Passed |Multi driven nets |
+------+------------------+-------+---------+-------+------------------+
---------------------------------------------------------------------------------
Start Renaming Generated Instances
---------------------------------------------------------------------------------
---------------------------------------------------------------------------------
Finished Renaming Generated Instances : Time (s): cpu = 00:00:11 ; elapsed = 00:00:12 . Memory (MB): peak = 619.070 ; gain = 279.234
---------------------------------------------------------------------------------

Report RTL Partitions: 
+-+--------------+------------+----------+
| |RTL Partition |Replication |Instances |
+-+--------------+------------+----------+
+-+--------------+------------+----------+
---------------------------------------------------------------------------------
Start Rebuilding User Hierarchy
---------------------------------------------------------------------------------
---------------------------------------------------------------------------------
Finished Rebuilding User Hierarchy : Time (s): cpu = 00:00:11 ; elapsed = 00:00:12 . Memory (MB): peak = 619.070 ; gain = 279.234
---------------------------------------------------------------------------------
---------------------------------------------------------------------------------
Start Renaming Generated Ports
---------------------------------------------------------------------------------
---------------------------------------------------------------------------------
Finished Renaming Generated Ports : Time (s): cpu = 00:00:11 ; elapsed = 00:00:12 . Memory (MB): peak = 619.070 ; gain = 279.234
---------------------------------------------------------------------------------
---------------------------------------------------------------------------------
Start Handling Custom Attributes
---------------------------------------------------------------------------------
---------------------------------------------------------------------------------
Finished Handling Custom Attributes : Time (s): cpu = 00:00:11 ; elapsed = 00:00:12 . Memory (MB): peak = 619.070 ; gain = 279.234
---------------------------------------------------------------------------------
---------------------------------------------------------------------------------
Start Renaming Generated Nets
---------------------------------------------------------------------------------
---------------------------------------------------------------------------------
Finished Renaming Generated Nets : Time (s): cpu = 00:00:11 ; elapsed = 00:00:12 . Memory (MB): peak = 619.070 ; gain = 279.234
---------------------------------------------------------------------------------
---------------------------------------------------------------------------------
Start Writing Synthesis Report
---------------------------------------------------------------------------------

Report BlackBoxes: 
+-+--------------+----------+
| |BlackBox name |Instances |
+-+--------------+----------+
+-+--------------+----------+

Report Cell Usage: 
+------+-----+------+
|      |Cell |Count |
+------+-----+------+
|1     |LUT4 |     8|
|2     |IBUF |     4|
|3     |OBUF |     8|
+------+-----+------+

Report Instance Areas: 
+------+---------+-------+------+
|      |Instance |Module |Cells |
+------+---------+-------+------+
|1     |top      |       |    20|
+------+---------+-------+------+
---------------------------------------------------------------------------------
Finished Writing Synthesis Report : Time (s): cpu = 00:00:11 ; elapsed = 00:00:12 . Memory (MB): peak = 619.070 ; gain = 279.234
---------------------------------------------------------------------------------
Synthesis finished with 0 errors, 0 critical warnings and 0 warnings.
Synthesis Optimization Runtime : Time (s): cpu = 00:00:11 ; elapsed = 00:00:12 . Memory (MB): peak = 619.070 ; gain = 279.234
Synthesis Optimization Complete : Time (s): cpu = 00:00:11 ; elapsed = 00:00:12 . Memory (MB): peak = 619.070 ; gain = 279.234
INFO: [Project 1-571] Translating synthesized netlist
INFO: [Netlist 29-17] Analyzing 4 Unisim elements for replacement
INFO: [Netlist 29-28] Unisim Transformation completed in 0 CPU seconds
INFO: [Project 1-570] Preparing netlist for logic optimization
INFO: [Opt 31-138] Pushed 0 inverter(s) to 0 load pin(s).
INFO: [Project 1-111] Unisim Transformation Summary:
No Unisim elements were transformed.

INFO: [Common 17-83] Releasing license: Synthesis
12 Infos, 0 Warnings, 0 Critical Warnings and 0 Errors encountered.
synth_design completed successfully
synth_design: Time (s): cpu = 00:00:15 ; elapsed = 00:00:17 . Memory (MB): peak = 724.695 ; gain = 397.234
INFO: [Common 17-1381] The checkpoint 'C:/Users/RAMINDU/Desktop/2nd sem/Computer Organization and Digital Design/Week 10/Lab 9-10/Nanoprocessor/Register Bank/Register_Bank.runs/synth_1/Decoder_3_to_8.dcp' has been generated.
INFO: [runtcl-4] Executing : report_utilization -file Decoder_3_to_8_utilization_synth.rpt -pb Decoder_3_to_8_utilization_synth.pb
report_utilization: Time (s): cpu = 00:00:00 ; elapsed = 00:00:00.019 . Memory (MB): peak = 724.695 ; gain = 0.000
INFO: [Common 17-206] Exiting Vivado at Thu Jun  8 16:29:23 2023...

*** Running vivado
    with args -log Decoder_3_to_8.vds -m64 -product Vivado -mode batch -messageDb vivado.pb -notrace -source Decoder_3_to_8.tcl


****** Vivado v2018.1 (64-bit)
  **** SW Build 2188600 on Wed Apr  4 18:40:38 MDT 2018
  **** IP Build 2185939 on Wed Apr  4 20:55:05 MDT 2018
    ** Copyright 1986-2018 Xilinx, Inc. All Rights Reserved.

source Decoder_3_to_8.tcl -notrace
Command: synth_design -top Decoder_3_to_8 -part xc7a35tcpg236-1
Starting synth_design
Attempting to get a license for feature 'Synthesis' and/or device 'xc7a35t'
INFO: [Common 17-349] Got license for feature 'Synthesis' and/or device 'xc7a35t'
INFO: Launching helper process for spawning children vivado processes
INFO: Helper process launched with PID 23000 
---------------------------------------------------------------------------------
Starting Synthesize : Time (s): cpu = 00:00:05 ; elapsed = 00:00:05 . Memory (MB): peak = 435.410 ; gain = 96.660
---------------------------------------------------------------------------------
INFO: [Synth 8-638] synthesizing module 'Decoder_3_to_8' [C:/Users/RAMINDU/Desktop/2nd sem/Computer Organization and Digital Design/Week 10/Lab 9-10/Nanoprocessor/Register Bank/Register_Bank.srcs/sources_1/new/Decoder_3_to_8.vhd:11]
INFO: [Synth 8-256] done synthesizing module 'Decoder_3_to_8' (1#1) [C:/Users/RAMINDU/Desktop/2nd sem/Computer Organization and Digital Design/Week 10/Lab 9-10/Nanoprocessor/Register Bank/Register_Bank.srcs/sources_1/new/Decoder_3_to_8.vhd:11]
---------------------------------------------------------------------------------
Finished Synthesize : Time (s): cpu = 00:00:05 ; elapsed = 00:00:06 . Memory (MB): peak = 490.500 ; gain = 151.750
---------------------------------------------------------------------------------
---------------------------------------------------------------------------------
Finished Constraint Validation : Time (s): cpu = 00:00:06 ; elapsed = 00:00:06 . Memory (MB): peak = 490.500 ; gain = 151.750
---------------------------------------------------------------------------------
---------------------------------------------------------------------------------
Start Loading Part and Timing Information
---------------------------------------------------------------------------------
Loading part: xc7a35tcpg236-1
---------------------------------------------------------------------------------
Finished Loading Part and Timing Information : Time (s): cpu = 00:00:06 ; elapsed = 00:00:06 . Memory (MB): peak = 490.500 ; gain = 151.750
---------------------------------------------------------------------------------
INFO: [Device 21-403] Loading part xc7a35tcpg236-1
---------------------------------------------------------------------------------
Finished RTL Optimization Phase 2 : Time (s): cpu = 00:00:06 ; elapsed = 00:00:06 . Memory (MB): peak = 490.500 ; gain = 151.750
---------------------------------------------------------------------------------

Report RTL Partitions: 
+-+--------------+------------+----------+
| |RTL Partition |Replication |Instances |
+-+--------------+------------+----------+
+-+--------------+------------+----------+
No constraint files found.
---------------------------------------------------------------------------------
Start RTL Component Statistics 
---------------------------------------------------------------------------------
Detailed RTL Component Info : 
+---Muxes : 
	   2 Input      8 Bit        Muxes := 1     
	   8 Input      8 Bit        Muxes := 1     
---------------------------------------------------------------------------------
Finished RTL Component Statistics 
---------------------------------------------------------------------------------
---------------------------------------------------------------------------------
Start RTL Hierarchical Component Statistics 
---------------------------------------------------------------------------------
Hierarchical RTL Component report 
Module Decoder_3_to_8 
Detailed RTL Component Info : 
+---Muxes : 
	   2 Input      8 Bit        Muxes := 1     
	   8 Input      8 Bit        Muxes := 1     
---------------------------------------------------------------------------------
Finished RTL Hierarchical Component Statistics
---------------------------------------------------------------------------------
---------------------------------------------------------------------------------
Start Part Resource Summary
---------------------------------------------------------------------------------
Part Resources:
DSPs: 90 (col length:60)
BRAMs: 100 (col length: RAMB18 60 RAMB36 30)
---------------------------------------------------------------------------------
Finished Part Resource Summary
---------------------------------------------------------------------------------
No constraint files found.
---------------------------------------------------------------------------------
Start Cross Boundary and Area Optimization
---------------------------------------------------------------------------------
Warning: Parallel synthesis criteria is not met 
---------------------------------------------------------------------------------
Finished Cross Boundary and Area Optimization : Time (s): cpu = 00:00:09 ; elapsed = 00:00:11 . Memory (MB): peak = 618.312 ; gain = 279.562
---------------------------------------------------------------------------------

Report RTL Partitions: 
+-+--------------+------------+----------+
| |RTL Partition |Replication |Instances |
+-+--------------+------------+----------+
+-+--------------+------------+----------+
No constraint files found.
---------------------------------------------------------------------------------
Start Timing Optimization
---------------------------------------------------------------------------------
---------------------------------------------------------------------------------
Finished Timing Optimization : Time (s): cpu = 00:00:09 ; elapsed = 00:00:11 . Memory (MB): peak = 618.312 ; gain = 279.562
---------------------------------------------------------------------------------

Report RTL Partitions: 
+-+--------------+------------+----------+
| |RTL Partition |Replication |Instances |
+-+--------------+------------+----------+
+-+--------------+------------+----------+
---------------------------------------------------------------------------------
Start Technology Mapping
---------------------------------------------------------------------------------
---------------------------------------------------------------------------------
Finished Technology Mapping : Time (s): cpu = 00:00:09 ; elapsed = 00:00:11 . Memory (MB): peak = 618.312 ; gain = 279.562
---------------------------------------------------------------------------------

Report RTL Partitions: 
+-+--------------+------------+----------+
| |RTL Partition |Replication |Instances |
+-+--------------+------------+----------+
+-+--------------+------------+----------+
---------------------------------------------------------------------------------
Start IO Insertion
---------------------------------------------------------------------------------
---------------------------------------------------------------------------------
Start Flattening Before IO Insertion
---------------------------------------------------------------------------------
---------------------------------------------------------------------------------
Finished Flattening Before IO Insertion
---------------------------------------------------------------------------------
---------------------------------------------------------------------------------
Start Final Netlist Cleanup
---------------------------------------------------------------------------------
---------------------------------------------------------------------------------
Finished Final Netlist Cleanup
---------------------------------------------------------------------------------
---------------------------------------------------------------------------------
Finished IO Insertion : Time (s): cpu = 00:00:10 ; elapsed = 00:00:12 . Memory (MB): peak = 618.312 ; gain = 279.562
---------------------------------------------------------------------------------

Report Check Netlist: 
+------+------------------+-------+---------+-------+------------------+
|      |Item              |Errors |Warnings |Status |Description       |
+------+------------------+-------+---------+-------+------------------+
|1     |multi_driven_nets |      0|        0|Passed |Multi driven nets |
+------+------------------+-------+---------+-------+------------------+
---------------------------------------------------------------------------------
Start Renaming Generated Instances
---------------------------------------------------------------------------------
---------------------------------------------------------------------------------
Finished Renaming Generated Instances : Time (s): cpu = 00:00:10 ; elapsed = 00:00:12 . Memory (MB): peak = 618.312 ; gain = 279.562
---------------------------------------------------------------------------------

Report RTL Partitions: 
+-+--------------+------------+----------+
| |RTL Partition |Replication |Instances |
+-+--------------+------------+----------+
+-+--------------+------------+----------+
---------------------------------------------------------------------------------
Start Rebuilding User Hierarchy
---------------------------------------------------------------------------------
---------------------------------------------------------------------------------
Finished Rebuilding User Hierarchy : Time (s): cpu = 00:00:10 ; elapsed = 00:00:12 . Memory (MB): peak = 618.312 ; gain = 279.562
---------------------------------------------------------------------------------
---------------------------------------------------------------------------------
Start Renaming Generated Ports
---------------------------------------------------------------------------------
---------------------------------------------------------------------------------
Finished Renaming Generated Ports : Time (s): cpu = 00:00:10 ; elapsed = 00:00:12 . Memory (MB): peak = 618.312 ; gain = 279.562
---------------------------------------------------------------------------------
---------------------------------------------------------------------------------
Start Handling Custom Attributes
---------------------------------------------------------------------------------
---------------------------------------------------------------------------------
Finished Handling Custom Attributes : Time (s): cpu = 00:00:10 ; elapsed = 00:00:12 . Memory (MB): peak = 618.312 ; gain = 279.562
---------------------------------------------------------------------------------
---------------------------------------------------------------------------------
Start Renaming Generated Nets
---------------------------------------------------------------------------------
---------------------------------------------------------------------------------
Finished Renaming Generated Nets : Time (s): cpu = 00:00:10 ; elapsed = 00:00:12 . Memory (MB): peak = 618.312 ; gain = 279.562
---------------------------------------------------------------------------------
---------------------------------------------------------------------------------
Start Writing Synthesis Report
---------------------------------------------------------------------------------

Report BlackBoxes: 
+-+--------------+----------+
| |BlackBox name |Instances |
+-+--------------+----------+
+-+--------------+----------+

Report Cell Usage: 
+------+-----+------+
|      |Cell |Count |
+------+-----+------+
|1     |LUT4 |     8|
|2     |IBUF |     4|
|3     |OBUF |     8|
+------+-----+------+

Report Instance Areas: 
+------+---------+-------+------+
|      |Instance |Module |Cells |
+------+---------+-------+------+
|1     |top      |       |    20|
+------+---------+-------+------+
---------------------------------------------------------------------------------
Finished Writing Synthesis Report : Time (s): cpu = 00:00:10 ; elapsed = 00:00:12 . Memory (MB): peak = 618.312 ; gain = 279.562
---------------------------------------------------------------------------------
Synthesis finished with 0 errors, 0 critical warnings and 0 warnings.
Synthesis Optimization Runtime : Time (s): cpu = 00:00:10 ; elapsed = 00:00:12 . Memory (MB): peak = 618.312 ; gain = 279.562
Synthesis Optimization Complete : Time (s): cpu = 00:00:10 ; elapsed = 00:00:12 . Memory (MB): peak = 618.312 ; gain = 279.562
INFO: [Project 1-571] Translating synthesized netlist
INFO: [Netlist 29-17] Analyzing 4 Unisim elements for replacement
INFO: [Netlist 29-28] Unisim Transformation completed in 0 CPU seconds
INFO: [Project 1-570] Preparing netlist for logic optimization
INFO: [Opt 31-138] Pushed 0 inverter(s) to 0 load pin(s).
INFO: [Project 1-111] Unisim Transformation Summary:
No Unisim elements were transformed.

INFO: [Common 17-83] Releasing license: Synthesis
11 Infos, 0 Warnings, 0 Critical Warnings and 0 Errors encountered.
synth_design completed successfully
synth_design: Time (s): cpu = 00:00:14 ; elapsed = 00:00:17 . Memory (MB): peak = 725.051 ; gain = 398.047
INFO: [Common 17-1381] The checkpoint 'C:/Users/RAMINDU/Desktop/2nd sem/Computer Organization and Digital Design/Week 10/Lab 9-10/Nanoprocessor/Register Bank/Register_Bank.runs/synth_1/Decoder_3_to_8.dcp' has been generated.
INFO: [runtcl-4] Executing : report_utilization -file Decoder_3_to_8_utilization_synth.rpt -pb Decoder_3_to_8_utilization_synth.pb
report_utilization: Time (s): cpu = 00:00:00 ; elapsed = 00:00:00.018 . Memory (MB): peak = 725.051 ; gain = 0.000
INFO: [Common 17-206] Exiting Vivado at Thu Jun  8 16:47:54 2023...
