
*** Running vivado
    with args -log RB.vdi -applog -m64 -product Vivado -messageDb vivado.pb -mode batch -source RB.tcl -notrace


****** Vivado v2018.1 (64-bit)
  **** SW Build 2188600 on Wed Apr  4 18:40:38 MDT 2018
  **** IP Build 2185939 on Wed Apr  4 20:55:05 MDT 2018
    ** Copyright 1986-2018 Xilinx, Inc. All Rights Reserved.

source RB.tcl -notrace
Command: link_design -top RB -part xc7a35tcpg236-1
Design is defaulting to srcset: sources_1
Design is defaulting to constrset: constrs_1
INFO: [Netlist 29-17] Analyzing 9 Unisim elements for replacement
INFO: [Netlist 29-28] Unisim Transformation completed in 0 CPU seconds
INFO: [Project 1-479] Netlist was created with Vivado 2018.1
INFO: [Device 21-403] Loading part xc7a35tcpg236-1
INFO: [Project 1-570] Preparing netlist for logic optimization
INFO: [Project 1-111] Unisim Transformation Summary:
No Unisim elements were transformed.

6 Infos, 0 Warnings, 0 Critical Warnings and 0 Errors encountered.
link_design completed successfully
link_design: Time (s): cpu = 00:00:06 ; elapsed = 00:00:08 . Memory (MB): peak = 627.273 ; gain = 295.105
Command: opt_design
Attempting to get a license for feature 'Implementation' and/or device 'xc7a35t'
INFO: [Common 17-349] Got license for feature 'Implementation' and/or device 'xc7a35t'
Running DRC as a precondition to command opt_design

Starting DRC Task
INFO: [DRC 23-27] Running DRC with 2 threads
INFO: [Project 1-461] DRC finished with 0 Errors
INFO: [Project 1-462] Please refer to the DRC report (report_drc) for more information.

Time (s): cpu = 00:00:01 ; elapsed = 00:00:00.703 . Memory (MB): peak = 646.199 ; gain = 18.926
INFO: [Timing 38-35] Done setting XDC timing constraints.

Starting Logic Optimization Task

Phase 1 Retarget
INFO: [Opt 31-138] Pushed 0 inverter(s) to 0 load pin(s).
INFO: [Opt 31-49] Retargeted 0 cell(s).
Phase 1 Retarget | Checksum: 16fc314fc

Time (s): cpu = 00:00:00 ; elapsed = 00:00:00.034 . Memory (MB): peak = 1200.512 ; gain = 0.000
INFO: [Opt 31-389] Phase Retarget created 0 cells and removed 0 cells

Phase 2 Constant propagation
INFO: [Opt 31-138] Pushed 0 inverter(s) to 0 load pin(s).
Phase 2 Constant propagation | Checksum: 16fc314fc

Time (s): cpu = 00:00:00 ; elapsed = 00:00:00.037 . Memory (MB): peak = 1200.512 ; gain = 0.000
INFO: [Opt 31-389] Phase Constant propagation created 0 cells and removed 0 cells

Phase 3 Sweep
Phase 3 Sweep | Checksum: 16fc314fc

Time (s): cpu = 00:00:00 ; elapsed = 00:00:00.048 . Memory (MB): peak = 1200.512 ; gain = 0.000
INFO: [Opt 31-389] Phase Sweep created 0 cells and removed 0 cells

Phase 4 BUFG optimization
Phase 4 BUFG optimization | Checksum: 16fc314fc

Time (s): cpu = 00:00:00 ; elapsed = 00:00:00.055 . Memory (MB): peak = 1200.512 ; gain = 0.000
INFO: [Opt 31-389] Phase BUFG optimization created 0 cells and removed 0 cells

Phase 5 Shift Register Optimization
Phase 5 Shift Register Optimization | Checksum: 16fc314fc

Time (s): cpu = 00:00:00 ; elapsed = 00:00:00.058 . Memory (MB): peak = 1200.512 ; gain = 0.000
INFO: [Opt 31-389] Phase Shift Register Optimization created 0 cells and removed 0 cells

Phase 6 Post Processing Netlist
Phase 6 Post Processing Netlist | Checksum: 16fc314fc

Time (s): cpu = 00:00:00 ; elapsed = 00:00:00.060 . Memory (MB): peak = 1200.512 ; gain = 0.000
INFO: [Opt 31-389] Phase Post Processing Netlist created 0 cells and removed 0 cells

Starting Connectivity Check Task

Time (s): cpu = 00:00:00 ; elapsed = 00:00:00.001 . Memory (MB): peak = 1200.512 ; gain = 0.000
Ending Logic Optimization Task | Checksum: 16fc314fc

Time (s): cpu = 00:00:00 ; elapsed = 00:00:00.062 . Memory (MB): peak = 1200.512 ; gain = 0.000

Starting Power Optimization Task
INFO: [Pwropt 34-132] Skipping clock gating for clocks with a period < 2.00 ns.
Ending Power Optimization Task | Checksum: 16fc314fc

Time (s): cpu = 00:00:00 ; elapsed = 00:00:00.016 . Memory (MB): peak = 1200.512 ; gain = 0.000
INFO: [Common 17-83] Releasing license: Implementation
22 Infos, 0 Warnings, 0 Critical Warnings and 0 Errors encountered.
opt_design completed successfully
opt_design: Time (s): cpu = 00:00:12 ; elapsed = 00:00:15 . Memory (MB): peak = 1200.512 ; gain = 573.238
INFO: [Timing 38-480] Writing timing data to binary archive.
INFO: [Common 17-1381] The checkpoint 'C:/Users/RAMINDU/Desktop/2nd sem/Computer Organization and Digital Design/Week 10/Lab 9-10/Nanoprocessor/Register Bank/Register_Bank.runs/impl_1/RB_opt.dcp' has been generated.
INFO: [runtcl-4] Executing : report_drc -file RB_drc_opted.rpt -pb RB_drc_opted.pb -rpx RB_drc_opted.rpx
Command: report_drc -file RB_drc_opted.rpt -pb RB_drc_opted.pb -rpx RB_drc_opted.rpx
INFO: [IP_Flow 19-234] Refreshing IP repositories
INFO: [IP_Flow 19-1704] No user IP repositories specified
INFO: [IP_Flow 19-2313] Loaded Vivado IP repository 'C:/Xilinx/Vivado/2018.1/data/ip'.
INFO: [DRC 23-27] Running DRC with 2 threads
INFO: [Coretcl 2-168] The results of DRC are in file C:/Users/RAMINDU/Desktop/2nd sem/Computer Organization and Digital Design/Week 10/Lab 9-10/Nanoprocessor/Register Bank/Register_Bank.runs/impl_1/RB_drc_opted.rpt.
report_drc completed successfully
Command: place_design
Attempting to get a license for feature 'Implementation' and/or device 'xc7a35t'
INFO: [Common 17-349] Got license for feature 'Implementation' and/or device 'xc7a35t'
INFO: [DRC 23-27] Running DRC with 2 threads
INFO: [Vivado_Tcl 4-198] DRC finished with 0 Errors
INFO: [Vivado_Tcl 4-199] Please refer to the DRC report (report_drc) for more information.
Running DRC as a precondition to command place_design
INFO: [DRC 23-27] Running DRC with 2 threads
INFO: [Vivado_Tcl 4-198] DRC finished with 0 Errors
INFO: [Vivado_Tcl 4-199] Please refer to the DRC report (report_drc) for more information.

Starting Placer Task
INFO: [Place 30-611] Multithreading enabled for place_design using a maximum of 2 CPUs

Phase 1 Placer Initialization

Phase 1.1 Placer Initialization Netlist Sorting
Netlist sorting complete. Time (s): cpu = 00:00:00 ; elapsed = 00:00:00 . Memory (MB): peak = 1200.512 ; gain = 0.000
Phase 1.1 Placer Initialization Netlist Sorting | Checksum: ad59d145

Time (s): cpu = 00:00:00 ; elapsed = 00:00:00.014 . Memory (MB): peak = 1200.512 ; gain = 0.000
Netlist sorting complete. Time (s): cpu = 00:00:00 ; elapsed = 00:00:00.001 . Memory (MB): peak = 1200.512 ; gain = 0.000

Phase 1.2 IO Placement/ Clock Placement/ Build Placer Device
INFO: [Timing 38-35] Done setting XDC timing constraints.
Phase 1.2 IO Placement/ Clock Placement/ Build Placer Device | Checksum: 157632162

Time (s): cpu = 00:00:01 ; elapsed = 00:00:00.956 . Memory (MB): peak = 1212.066 ; gain = 11.555

Phase 1.3 Build Placer Netlist Model
Phase 1.3 Build Placer Netlist Model | Checksum: 18c43fa6c

Time (s): cpu = 00:00:01 ; elapsed = 00:00:01 . Memory (MB): peak = 1212.066 ; gain = 11.555

Phase 1.4 Constrain Clocks/Macros
Phase 1.4 Constrain Clocks/Macros | Checksum: 18c43fa6c

Time (s): cpu = 00:00:01 ; elapsed = 00:00:01 . Memory (MB): peak = 1212.066 ; gain = 11.555
Phase 1 Placer Initialization | Checksum: 18c43fa6c

Time (s): cpu = 00:00:01 ; elapsed = 00:00:01 . Memory (MB): peak = 1212.066 ; gain = 11.555

Phase 2 Global Placement
Phase 2 Global Placement | Checksum: 2013023ea

Time (s): cpu = 00:00:02 ; elapsed = 00:00:01 . Memory (MB): peak = 1212.066 ; gain = 11.555

Phase 3 Detail Placement

Phase 3.1 Commit Multi Column Macros
Phase 3.1 Commit Multi Column Macros | Checksum: 2013023ea

Time (s): cpu = 00:00:02 ; elapsed = 00:00:01 . Memory (MB): peak = 1212.066 ; gain = 11.555

Phase 3.2 Commit Most Macros & LUTRAMs
Phase 3.2 Commit Most Macros & LUTRAMs | Checksum: 189c38c7f

Time (s): cpu = 00:00:02 ; elapsed = 00:00:01 . Memory (MB): peak = 1212.066 ; gain = 11.555

Phase 3.3 Area Swap Optimization
Phase 3.3 Area Swap Optimization | Checksum: 1b427857d

Time (s): cpu = 00:00:02 ; elapsed = 00:00:01 . Memory (MB): peak = 1212.066 ; gain = 11.555

Phase 3.4 Pipeline Register Optimization
Phase 3.4 Pipeline Register Optimization | Checksum: 1b427857d

Time (s): cpu = 00:00:02 ; elapsed = 00:00:01 . Memory (MB): peak = 1212.066 ; gain = 11.555

Phase 3.5 Small Shape Detail Placement
Phase 3.5 Small Shape Detail Placement | Checksum: 19cd2a971

Time (s): cpu = 00:00:02 ; elapsed = 00:00:02 . Memory (MB): peak = 1212.066 ; gain = 11.555

Phase 3.6 Re-assign LUT pins
Phase 3.6 Re-assign LUT pins | Checksum: 19cd2a971

Time (s): cpu = 00:00:02 ; elapsed = 00:00:02 . Memory (MB): peak = 1212.066 ; gain = 11.555

Phase 3.7 Pipeline Register Optimization
Phase 3.7 Pipeline Register Optimization | Checksum: 19cd2a971

Time (s): cpu = 00:00:02 ; elapsed = 00:00:02 . Memory (MB): peak = 1212.066 ; gain = 11.555
Phase 3 Detail Placement | Checksum: 19cd2a971

Time (s): cpu = 00:00:02 ; elapsed = 00:00:02 . Memory (MB): peak = 1212.066 ; gain = 11.555

Phase 4 Post Placement Optimization and Clean-Up

Phase 4.1 Post Commit Optimization
Phase 4.1 Post Commit Optimization | Checksum: 19cd2a971

Time (s): cpu = 00:00:02 ; elapsed = 00:00:02 . Memory (MB): peak = 1212.066 ; gain = 11.555

Phase 4.2 Post Placement Cleanup
Phase 4.2 Post Placement Cleanup | Checksum: 19cd2a971

Time (s): cpu = 00:00:02 ; elapsed = 00:00:02 . Memory (MB): peak = 1212.066 ; gain = 11.555

Phase 4.3 Placer Reporting
Phase 4.3 Placer Reporting | Checksum: 19cd2a971

Time (s): cpu = 00:00:02 ; elapsed = 00:00:02 . Memory (MB): peak = 1212.066 ; gain = 11.555

Phase 4.4 Final Placement Cleanup
Phase 4.4 Final Placement Cleanup | Checksum: 19cd2a971

Time (s): cpu = 00:00:02 ; elapsed = 00:00:02 . Memory (MB): peak = 1212.066 ; gain = 11.555
Phase 4 Post Placement Optimization and Clean-Up | Checksum: 19cd2a971

Time (s): cpu = 00:00:02 ; elapsed = 00:00:02 . Memory (MB): peak = 1212.066 ; gain = 11.555
Ending Placer Task | Checksum: 15edd4be3

Time (s): cpu = 00:00:02 ; elapsed = 00:00:02 . Memory (MB): peak = 1212.066 ; gain = 11.555
INFO: [Common 17-83] Releasing license: Implementation
40 Infos, 0 Warnings, 0 Critical Warnings and 0 Errors encountered.
place_design completed successfully
INFO: [Timing 38-480] Writing timing data to binary archive.
Writing placer database...
Writing XDEF routing.
Writing XDEF routing logical nets.
Writing XDEF routing special nets.
Write XDEF Complete: Time (s): cpu = 00:00:00 ; elapsed = 00:00:00.114 . Memory (MB): peak = 1212.066 ; gain = 0.000
INFO: [Common 17-1381] The checkpoint 'C:/Users/RAMINDU/Desktop/2nd sem/Computer Organization and Digital Design/Week 10/Lab 9-10/Nanoprocessor/Register Bank/Register_Bank.runs/impl_1/RB_placed.dcp' has been generated.
INFO: [runtcl-4] Executing : report_io -file RB_io_placed.rpt
report_io: Time (s): cpu = 00:00:00 ; elapsed = 00:00:00.053 . Memory (MB): peak = 1215.164 ; gain = 0.000
INFO: [runtcl-4] Executing : report_utilization -file RB_utilization_placed.rpt -pb RB_utilization_placed.pb
report_utilization: Time (s): cpu = 00:00:00 ; elapsed = 00:00:00.026 . Memory (MB): peak = 1215.164 ; gain = 0.000
INFO: [runtcl-4] Executing : report_control_sets -verbose -file RB_control_sets_placed.rpt
report_control_sets: Time (s): cpu = 00:00:00 ; elapsed = 00:00:00.001 . Memory (MB): peak = 1215.164 ; gain = 0.000
Command: route_design
Attempting to get a license for feature 'Implementation' and/or device 'xc7a35t'
INFO: [Common 17-349] Got license for feature 'Implementation' and/or device 'xc7a35t'
Running DRC as a precondition to command route_design
INFO: [DRC 23-27] Running DRC with 2 threads
INFO: [Vivado_Tcl 4-198] DRC finished with 0 Errors
INFO: [Vivado_Tcl 4-199] Please refer to the DRC report (report_drc) for more information.


Starting Routing Task
INFO: [Route 35-254] Multithreading enabled for route_design using a maximum of 2 CPUs
Checksum: PlaceDB: b1837a9e ConstDB: 0 ShapeSum: ad59d145 RouteDB: 0

Phase 1 Build RT Design
Phase 1 Build RT Design | Checksum: 161bed47

Time (s): cpu = 00:00:21 ; elapsed = 00:00:19 . Memory (MB): peak = 1332.559 ; gain = 117.395
Post Restoration Checksum: NetGraph: 3f2cf1 NumContArr: 15dcc056 Constraints: 0 Timing: 0

Phase 2 Router Initialization
INFO: [Route 35-64] No timing constraints were detected. The router will operate in resource-optimization mode.

Phase 2.1 Fix Topology Constraints
Phase 2.1 Fix Topology Constraints | Checksum: 161bed47

Time (s): cpu = 00:00:21 ; elapsed = 00:00:20 . Memory (MB): peak = 1338.590 ; gain = 123.426

Phase 2.2 Pre Route Cleanup
Phase 2.2 Pre Route Cleanup | Checksum: 161bed47

Time (s): cpu = 00:00:21 ; elapsed = 00:00:20 . Memory (MB): peak = 1338.590 ; gain = 123.426
 Number of Nodes with overlaps = 0
Phase 2 Router Initialization | Checksum: bc8d81f5

Time (s): cpu = 00:00:21 ; elapsed = 00:00:20 . Memory (MB): peak = 1342.348 ; gain = 127.184

Phase 3 Initial Routing
Phase 3 Initial Routing | Checksum: 1ca2970b7

Time (s): cpu = 00:00:21 ; elapsed = 00:00:20 . Memory (MB): peak = 1342.348 ; gain = 127.184

Phase 4 Rip-up And Reroute

Phase 4.1 Global Iteration 0
 Number of Nodes with overlaps = 0
Phase 4.1 Global Iteration 0 | Checksum: 943ff4d7

Time (s): cpu = 00:00:21 ; elapsed = 00:00:20 . Memory (MB): peak = 1342.348 ; gain = 127.184
Phase 4 Rip-up And Reroute | Checksum: 943ff4d7

Time (s): cpu = 00:00:21 ; elapsed = 00:00:20 . Memory (MB): peak = 1342.348 ; gain = 127.184

Phase 5 Delay and Skew Optimization
Phase 5 Delay and Skew Optimization | Checksum: 943ff4d7

Time (s): cpu = 00:00:21 ; elapsed = 00:00:20 . Memory (MB): peak = 1342.348 ; gain = 127.184

Phase 6 Post Hold Fix

Phase 6.1 Hold Fix Iter
Phase 6.1 Hold Fix Iter | Checksum: 943ff4d7

Time (s): cpu = 00:00:21 ; elapsed = 00:00:20 . Memory (MB): peak = 1342.348 ; gain = 127.184
Phase 6 Post Hold Fix | Checksum: 943ff4d7

Time (s): cpu = 00:00:21 ; elapsed = 00:00:20 . Memory (MB): peak = 1342.348 ; gain = 127.184

Phase 7 Route finalize

Router Utilization Summary
  Global Vertical Routing Utilization    = 0.0237583 %
  Global Horizontal Routing Utilization  = 0.0140552 %
  Routable Net Status*
  *Does not include unroutable nets such as driverless and loadless.
  Run report_route_status for detailed report.
  Number of Failed Nets               = 0
  Number of Unrouted Nets             = 0
  Number of Partially Routed Nets     = 0
  Number of Node Overlaps             = 0

Congestion Report
North Dir 1x1 Area, Max Cong = 27.027%, No Congested Regions.
South Dir 1x1 Area, Max Cong = 2.7027%, No Congested Regions.
East Dir 1x1 Area, Max Cong = 4.41176%, No Congested Regions.
West Dir 1x1 Area, Max Cong = 22.0588%, No Congested Regions.

------------------------------
Reporting congestion hotspots
------------------------------
Direction: North
----------------
Congested clusters found at Level 0
Effective congestion level: 0 Aspect Ratio: 1 Sparse Ratio: 0
Direction: South
----------------
Congested clusters found at Level 0
Effective congestion level: 0 Aspect Ratio: 1 Sparse Ratio: 0
Direction: East
----------------
Congested clusters found at Level 0
Effective congestion level: 0 Aspect Ratio: 1 Sparse Ratio: 0
Direction: West
----------------
Congested clusters found at Level 0
Effective congestion level: 0 Aspect Ratio: 1 Sparse Ratio: 0

Phase 7 Route finalize | Checksum: 943ff4d7

Time (s): cpu = 00:00:21 ; elapsed = 00:00:20 . Memory (MB): peak = 1342.348 ; gain = 127.184

Phase 8 Verifying routed nets

 Verification completed successfully
Phase 8 Verifying routed nets | Checksum: 943ff4d7

Time (s): cpu = 00:00:21 ; elapsed = 00:00:20 . Memory (MB): peak = 1343.520 ; gain = 128.355

Phase 9 Depositing Routes
Phase 9 Depositing Routes | Checksum: 6d098021

Time (s): cpu = 00:00:21 ; elapsed = 00:00:20 . Memory (MB): peak = 1343.520 ; gain = 128.355
INFO: [Route 35-16] Router Completed Successfully

Time (s): cpu = 00:00:21 ; elapsed = 00:00:20 . Memory (MB): peak = 1343.520 ; gain = 128.355

Routing Is Done.
INFO: [Common 17-83] Releasing license: Implementation
53 Infos, 0 Warnings, 0 Critical Warnings and 0 Errors encountered.
route_design completed successfully
route_design: Time (s): cpu = 00:00:23 ; elapsed = 00:00:21 . Memory (MB): peak = 1343.520 ; gain = 128.355
INFO: [Timing 38-480] Writing timing data to binary archive.
Writing placer database...
Writing XDEF routing.
Writing XDEF routing logical nets.
Writing XDEF routing special nets.
Write XDEF Complete: Time (s): cpu = 00:00:00 ; elapsed = 00:00:00.038 . Memory (MB): peak = 1343.520 ; gain = 0.000
INFO: [Common 17-1381] The checkpoint 'C:/Users/RAMINDU/Desktop/2nd sem/Computer Organization and Digital Design/Week 10/Lab 9-10/Nanoprocessor/Register Bank/Register_Bank.runs/impl_1/RB_routed.dcp' has been generated.
INFO: [runtcl-4] Executing : report_drc -file RB_drc_routed.rpt -pb RB_drc_routed.pb -rpx RB_drc_routed.rpx
Command: report_drc -file RB_drc_routed.rpt -pb RB_drc_routed.pb -rpx RB_drc_routed.rpx
INFO: [DRC 23-27] Running DRC with 2 threads
INFO: [Coretcl 2-168] The results of DRC are in file C:/Users/RAMINDU/Desktop/2nd sem/Computer Organization and Digital Design/Week 10/Lab 9-10/Nanoprocessor/Register Bank/Register_Bank.runs/impl_1/RB_drc_routed.rpt.
report_drc completed successfully
INFO: [runtcl-4] Executing : report_methodology -file RB_methodology_drc_routed.rpt -pb RB_methodology_drc_routed.pb -rpx RB_methodology_drc_routed.rpx
Command: report_methodology -file RB_methodology_drc_routed.rpt -pb RB_methodology_drc_routed.pb -rpx RB_methodology_drc_routed.rpx
INFO: [Timing 38-35] Done setting XDC timing constraints.
INFO: [Timing 38-35] Done setting XDC timing constraints.
INFO: [DRC 23-133] Running Methodology with 2 threads
INFO: [Coretcl 2-1520] The results of Report Methodology are in file C:/Users/RAMINDU/Desktop/2nd sem/Computer Organization and Digital Design/Week 10/Lab 9-10/Nanoprocessor/Register Bank/Register_Bank.runs/impl_1/RB_methodology_drc_routed.rpt.
report_methodology completed successfully
INFO: [runtcl-4] Executing : report_power -file RB_power_routed.rpt -pb RB_power_summary_routed.pb -rpx RB_power_routed.rpx
Command: report_power -file RB_power_routed.rpt -pb RB_power_summary_routed.pb -rpx RB_power_routed.rpx
WARNING: [Power 33-232] No user defined clocks were found in the design!
Resolution: Please specify clocks using create_clock/create_generated_clock for sequential elements. For pure combinatorial circuits, please specify a virtual clock, otherwise the vectorless estimation might be inaccurate
INFO: [Timing 38-35] Done setting XDC timing constraints.
Running Vector-less Activity Propagation...

Finished Running Vector-less Activity Propagation
65 Infos, 1 Warnings, 0 Critical Warnings and 0 Errors encountered.
report_power completed successfully
INFO: [runtcl-4] Executing : report_route_status -file RB_route_status.rpt -pb RB_route_status.pb
INFO: [runtcl-4] Executing : report_timing_summary -max_paths 10 -file RB_timing_summary_routed.rpt -pb RB_timing_summary_routed.pb -rpx RB_timing_summary_routed.rpx -warn_on_violation 
INFO: [Timing 38-91] UpdateTimingParams: Speed grade: -1, Delay Type: min_max, Timing Stage: Requireds.
INFO: [Timing 38-191] Multithreading enabled for timing update using a maximum of 2 CPUs
WARNING: [Timing 38-313] There are no user specified timing constraints. Timing constraints are needed for proper timing analysis.
INFO: [runtcl-4] Executing : report_incremental_reuse -file RB_incremental_reuse_routed.rpt
INFO: [Vivado_Tcl 4-545] No incremental reuse to report, no incremental placement and routing data was found.
INFO: [runtcl-4] Executing : report_clock_utilization -file RB_clock_utilization_routed.rpt
INFO: [runtcl-4] Executing : report_bus_skew -warn_on_violation -file route_report_bus_skew_0.rpt -rpx route_report_bus_skew_0.rpx
INFO: [Timing 38-91] UpdateTimingParams: Speed grade: -1, Delay Type: min_max, Timing Stage: Requireds.
INFO: [Timing 38-191] Multithreading enabled for timing update using a maximum of 2 CPUs
INFO: [Common 17-206] Exiting Vivado at Thu Jun  8 16:17:40 2023...

*** Running vivado
    with args -log Decoder_3_to_8.vdi -applog -m64 -product Vivado -messageDb vivado.pb -mode batch -source Decoder_3_to_8.tcl -notrace


****** Vivado v2018.1 (64-bit)
  **** SW Build 2188600 on Wed Apr  4 18:40:38 MDT 2018
  **** IP Build 2185939 on Wed Apr  4 20:55:05 MDT 2018
    ** Copyright 1986-2018 Xilinx, Inc. All Rights Reserved.

source Decoder_3_to_8.tcl -notrace
Command: link_design -top Decoder_3_to_8 -part xc7a35tcpg236-1
Design is defaulting to srcset: sources_1
Design is defaulting to constrset: constrs_1
INFO: [Netlist 29-17] Analyzing 4 Unisim elements for replacement
INFO: [Netlist 29-28] Unisim Transformation completed in 0 CPU seconds
INFO: [Project 1-479] Netlist was created with Vivado 2018.1
INFO: [Device 21-403] Loading part xc7a35tcpg236-1
INFO: [Project 1-570] Preparing netlist for logic optimization
INFO: [Project 1-111] Unisim Transformation Summary:
No Unisim elements were transformed.

6 Infos, 0 Warnings, 0 Critical Warnings and 0 Errors encountered.
link_design completed successfully
link_design: Time (s): cpu = 00:00:07 ; elapsed = 00:00:08 . Memory (MB): peak = 626.930 ; gain = 295.320
Command: opt_design
Attempting to get a license for feature 'Implementation' and/or device 'xc7a35t'
INFO: [Common 17-349] Got license for feature 'Implementation' and/or device 'xc7a35t'
Running DRC as a precondition to command opt_design

Starting DRC Task
INFO: [DRC 23-27] Running DRC with 2 threads
INFO: [Project 1-461] DRC finished with 0 Errors
INFO: [Project 1-462] Please refer to the DRC report (report_drc) for more information.

Time (s): cpu = 00:00:00 ; elapsed = 00:00:00.580 . Memory (MB): peak = 645.832 ; gain = 18.902
INFO: [Timing 38-35] Done setting XDC timing constraints.

Starting Logic Optimization Task

Phase 1 Retarget
INFO: [Opt 31-138] Pushed 0 inverter(s) to 0 load pin(s).
INFO: [Opt 31-49] Retargeted 0 cell(s).
Phase 1 Retarget | Checksum: 1044803bd

Time (s): cpu = 00:00:00 ; elapsed = 00:00:00.021 . Memory (MB): peak = 1163.949 ; gain = 0.000
INFO: [Opt 31-389] Phase Retarget created 0 cells and removed 0 cells

Phase 2 Constant propagation
INFO: [Opt 31-138] Pushed 0 inverter(s) to 0 load pin(s).
Phase 2 Constant propagation | Checksum: 1044803bd

Time (s): cpu = 00:00:00 ; elapsed = 00:00:00.022 . Memory (MB): peak = 1163.949 ; gain = 0.000
INFO: [Opt 31-389] Phase Constant propagation created 0 cells and removed 0 cells

Phase 3 Sweep
Phase 3 Sweep | Checksum: 1044803bd

Time (s): cpu = 00:00:00 ; elapsed = 00:00:00.023 . Memory (MB): peak = 1163.949 ; gain = 0.000
INFO: [Opt 31-389] Phase Sweep created 0 cells and removed 0 cells

Phase 4 BUFG optimization
Phase 4 BUFG optimization | Checksum: 1044803bd

Time (s): cpu = 00:00:00 ; elapsed = 00:00:00.024 . Memory (MB): peak = 1163.949 ; gain = 0.000
INFO: [Opt 31-389] Phase BUFG optimization created 0 cells and removed 0 cells

Phase 5 Shift Register Optimization
Phase 5 Shift Register Optimization | Checksum: 1044803bd

Time (s): cpu = 00:00:00 ; elapsed = 00:00:00.025 . Memory (MB): peak = 1163.949 ; gain = 0.000
INFO: [Opt 31-389] Phase Shift Register Optimization created 0 cells and removed 0 cells

Phase 6 Post Processing Netlist
Phase 6 Post Processing Netlist | Checksum: 1044803bd

Time (s): cpu = 00:00:00 ; elapsed = 00:00:00.026 . Memory (MB): peak = 1163.949 ; gain = 0.000
INFO: [Opt 31-389] Phase Post Processing Netlist created 0 cells and removed 0 cells

Starting Connectivity Check Task

Time (s): cpu = 00:00:00 ; elapsed = 00:00:00 . Memory (MB): peak = 1163.949 ; gain = 0.000
Ending Logic Optimization Task | Checksum: 1044803bd

Time (s): cpu = 00:00:00 ; elapsed = 00:00:00.027 . Memory (MB): peak = 1163.949 ; gain = 0.000

Starting Power Optimization Task
INFO: [Pwropt 34-132] Skipping clock gating for clocks with a period < 2.00 ns.
Ending Power Optimization Task | Checksum: 1044803bd

Time (s): cpu = 00:00:00 ; elapsed = 00:00:00.007 . Memory (MB): peak = 1163.949 ; gain = 0.000
INFO: [Common 17-83] Releasing license: Implementation
22 Infos, 0 Warnings, 0 Critical Warnings and 0 Errors encountered.
opt_design completed successfully
opt_design: Time (s): cpu = 00:00:12 ; elapsed = 00:00:15 . Memory (MB): peak = 1163.949 ; gain = 537.020
INFO: [Timing 38-480] Writing timing data to binary archive.
INFO: [Common 17-1381] The checkpoint 'C:/Users/RAMINDU/Desktop/2nd sem/Computer Organization and Digital Design/Week 10/Lab 9-10/Nanoprocessor/Register Bank/Register_Bank.runs/impl_1/Decoder_3_to_8_opt.dcp' has been generated.
INFO: [runtcl-4] Executing : report_drc -file Decoder_3_to_8_drc_opted.rpt -pb Decoder_3_to_8_drc_opted.pb -rpx Decoder_3_to_8_drc_opted.rpx
Command: report_drc -file Decoder_3_to_8_drc_opted.rpt -pb Decoder_3_to_8_drc_opted.pb -rpx Decoder_3_to_8_drc_opted.rpx
INFO: [IP_Flow 19-234] Refreshing IP repositories
INFO: [IP_Flow 19-1704] No user IP repositories specified
INFO: [IP_Flow 19-2313] Loaded Vivado IP repository 'C:/Xilinx/Vivado/2018.1/data/ip'.
INFO: [DRC 23-27] Running DRC with 2 threads
INFO: [Coretcl 2-168] The results of DRC are in file C:/Users/RAMINDU/Desktop/2nd sem/Computer Organization and Digital Design/Week 10/Lab 9-10/Nanoprocessor/Register Bank/Register_Bank.runs/impl_1/Decoder_3_to_8_drc_opted.rpt.
report_drc completed successfully
Command: place_design
Attempting to get a license for feature 'Implementation' and/or device 'xc7a35t'
INFO: [Common 17-349] Got license for feature 'Implementation' and/or device 'xc7a35t'
INFO: [DRC 23-27] Running DRC with 2 threads
INFO: [Vivado_Tcl 4-198] DRC finished with 0 Errors
INFO: [Vivado_Tcl 4-199] Please refer to the DRC report (report_drc) for more information.
Running DRC as a precondition to command place_design
INFO: [DRC 23-27] Running DRC with 2 threads
INFO: [Vivado_Tcl 4-198] DRC finished with 0 Errors
INFO: [Vivado_Tcl 4-199] Please refer to the DRC report (report_drc) for more information.

Starting Placer Task
INFO: [Place 30-611] Multithreading enabled for place_design using a maximum of 2 CPUs

Phase 1 Placer Initialization

Phase 1.1 Placer Initialization Netlist Sorting
Netlist sorting complete. Time (s): cpu = 00:00:00 ; elapsed = 00:00:00 . Memory (MB): peak = 1165.852 ; gain = 0.000
Phase 1.1 Placer Initialization Netlist Sorting | Checksum: 5686c5b4

Time (s): cpu = 00:00:00 ; elapsed = 00:00:00.004 . Memory (MB): peak = 1165.852 ; gain = 0.000
Netlist sorting complete. Time (s): cpu = 00:00:00 ; elapsed = 00:00:00 . Memory (MB): peak = 1165.852 ; gain = 0.000

Phase 1.2 IO Placement/ Clock Placement/ Build Placer Device
INFO: [Timing 38-35] Done setting XDC timing constraints.
Phase 1.2 IO Placement/ Clock Placement/ Build Placer Device | Checksum: 9a11fdd4

Time (s): cpu = 00:00:01 ; elapsed = 00:00:00.570 . Memory (MB): peak = 1193.621 ; gain = 27.770

Phase 1.3 Build Placer Netlist Model
Phase 1.3 Build Placer Netlist Model | Checksum: 1783e7ae8

Time (s): cpu = 00:00:01 ; elapsed = 00:00:00.595 . Memory (MB): peak = 1193.621 ; gain = 27.770

Phase 1.4 Constrain Clocks/Macros
Phase 1.4 Constrain Clocks/Macros | Checksum: 1783e7ae8

Time (s): cpu = 00:00:01 ; elapsed = 00:00:00.597 . Memory (MB): peak = 1193.621 ; gain = 27.770
Phase 1 Placer Initialization | Checksum: 1783e7ae8

Time (s): cpu = 00:00:01 ; elapsed = 00:00:00.598 . Memory (MB): peak = 1193.621 ; gain = 27.770

Phase 2 Global Placement
Phase 2 Global Placement | Checksum: 18255d382

Time (s): cpu = 00:00:01 ; elapsed = 00:00:00.918 . Memory (MB): peak = 1193.621 ; gain = 27.770

Phase 3 Detail Placement

Phase 3.1 Commit Multi Column Macros
Phase 3.1 Commit Multi Column Macros | Checksum: 18255d382

Time (s): cpu = 00:00:01 ; elapsed = 00:00:00.919 . Memory (MB): peak = 1193.621 ; gain = 27.770

Phase 3.2 Commit Most Macros & LUTRAMs
Phase 3.2 Commit Most Macros & LUTRAMs | Checksum: f4417611

Time (s): cpu = 00:00:01 ; elapsed = 00:00:00.935 . Memory (MB): peak = 1193.621 ; gain = 27.770

Phase 3.3 Area Swap Optimization
Phase 3.3 Area Swap Optimization | Checksum: 116c5380c

Time (s): cpu = 00:00:01 ; elapsed = 00:00:00.942 . Memory (MB): peak = 1193.621 ; gain = 27.770

Phase 3.4 Pipeline Register Optimization
Phase 3.4 Pipeline Register Optimization | Checksum: 116c5380c

Time (s): cpu = 00:00:01 ; elapsed = 00:00:00.943 . Memory (MB): peak = 1193.621 ; gain = 27.770

Phase 3.5 Small Shape Detail Placement
Phase 3.5 Small Shape Detail Placement | Checksum: 1a2cd3fc6

Time (s): cpu = 00:00:02 ; elapsed = 00:00:01 . Memory (MB): peak = 1193.621 ; gain = 27.770

Phase 3.6 Re-assign LUT pins
Phase 3.6 Re-assign LUT pins | Checksum: 1a2cd3fc6

Time (s): cpu = 00:00:02 ; elapsed = 00:00:01 . Memory (MB): peak = 1193.621 ; gain = 27.770

Phase 3.7 Pipeline Register Optimization
Phase 3.7 Pipeline Register Optimization | Checksum: 1a2cd3fc6

Time (s): cpu = 00:00:02 ; elapsed = 00:00:01 . Memory (MB): peak = 1193.621 ; gain = 27.770
Phase 3 Detail Placement | Checksum: 1a2cd3fc6

Time (s): cpu = 00:00:02 ; elapsed = 00:00:01 . Memory (MB): peak = 1193.621 ; gain = 27.770

Phase 4 Post Placement Optimization and Clean-Up

Phase 4.1 Post Commit Optimization
Phase 4.1 Post Commit Optimization | Checksum: 1a2cd3fc6

Time (s): cpu = 00:00:02 ; elapsed = 00:00:01 . Memory (MB): peak = 1193.621 ; gain = 27.770

Phase 4.2 Post Placement Cleanup
Phase 4.2 Post Placement Cleanup | Checksum: 1a2cd3fc6

Time (s): cpu = 00:00:02 ; elapsed = 00:00:01 . Memory (MB): peak = 1193.621 ; gain = 27.770

Phase 4.3 Placer Reporting
Phase 4.3 Placer Reporting | Checksum: 1a2cd3fc6

Time (s): cpu = 00:00:02 ; elapsed = 00:00:01 . Memory (MB): peak = 1193.621 ; gain = 27.770

Phase 4.4 Final Placement Cleanup
Phase 4.4 Final Placement Cleanup | Checksum: 1a2cd3fc6

Time (s): cpu = 00:00:02 ; elapsed = 00:00:01 . Memory (MB): peak = 1193.621 ; gain = 27.770
Phase 4 Post Placement Optimization and Clean-Up | Checksum: 1a2cd3fc6

Time (s): cpu = 00:00:02 ; elapsed = 00:00:01 . Memory (MB): peak = 1193.621 ; gain = 27.770
Ending Placer Task | Checksum: 1426cd44b

Time (s): cpu = 00:00:02 ; elapsed = 00:00:01 . Memory (MB): peak = 1193.621 ; gain = 27.770
INFO: [Common 17-83] Releasing license: Implementation
40 Infos, 0 Warnings, 0 Critical Warnings and 0 Errors encountered.
place_design completed successfully
INFO: [Timing 38-480] Writing timing data to binary archive.
Writing placer database...
Writing XDEF routing.
Writing XDEF routing logical nets.
Writing XDEF routing special nets.
Write XDEF Complete: Time (s): cpu = 00:00:00 ; elapsed = 00:00:00.140 . Memory (MB): peak = 1201.211 ; gain = 7.590
INFO: [Common 17-1381] The checkpoint 'C:/Users/RAMINDU/Desktop/2nd sem/Computer Organization and Digital Design/Week 10/Lab 9-10/Nanoprocessor/Register Bank/Register_Bank.runs/impl_1/Decoder_3_to_8_placed.dcp' has been generated.
INFO: [runtcl-4] Executing : report_io -file Decoder_3_to_8_io_placed.rpt
report_io: Time (s): cpu = 00:00:00 ; elapsed = 00:00:00.035 . Memory (MB): peak = 1204.227 ; gain = 0.000
INFO: [runtcl-4] Executing : report_utilization -file Decoder_3_to_8_utilization_placed.rpt -pb Decoder_3_to_8_utilization_placed.pb
report_utilization: Time (s): cpu = 00:00:00 ; elapsed = 00:00:00.034 . Memory (MB): peak = 1204.227 ; gain = 0.000
INFO: [runtcl-4] Executing : report_control_sets -verbose -file Decoder_3_to_8_control_sets_placed.rpt
report_control_sets: Time (s): cpu = 00:00:00 ; elapsed = 00:00:00.001 . Memory (MB): peak = 1204.227 ; gain = 0.000
Command: route_design
Attempting to get a license for feature 'Implementation' and/or device 'xc7a35t'
INFO: [Common 17-349] Got license for feature 'Implementation' and/or device 'xc7a35t'
Running DRC as a precondition to command route_design
INFO: [DRC 23-27] Running DRC with 2 threads
INFO: [Vivado_Tcl 4-198] DRC finished with 0 Errors
INFO: [Vivado_Tcl 4-199] Please refer to the DRC report (report_drc) for more information.


Starting Routing Task
INFO: [Route 35-254] Multithreading enabled for route_design using a maximum of 2 CPUs
Checksum: PlaceDB: ebe60e97 ConstDB: 0 ShapeSum: 5686c5b4 RouteDB: 0

Phase 1 Build RT Design
Phase 1 Build RT Design | Checksum: 475493c8

Time (s): cpu = 00:00:21 ; elapsed = 00:00:20 . Memory (MB): peak = 1320.016 ; gain = 115.789
Post Restoration Checksum: NetGraph: 3398e8d5 NumContArr: 13bbaaf3 Constraints: 0 Timing: 0

Phase 2 Router Initialization
INFO: [Route 35-64] No timing constraints were detected. The router will operate in resource-optimization mode.

Phase 2.1 Fix Topology Constraints
Phase 2.1 Fix Topology Constraints | Checksum: 475493c8

Time (s): cpu = 00:00:21 ; elapsed = 00:00:20 . Memory (MB): peak = 1326.062 ; gain = 121.836

Phase 2.2 Pre Route Cleanup
Phase 2.2 Pre Route Cleanup | Checksum: 475493c8

Time (s): cpu = 00:00:21 ; elapsed = 00:00:20 . Memory (MB): peak = 1326.062 ; gain = 121.836
 Number of Nodes with overlaps = 0
Phase 2 Router Initialization | Checksum: 6e1ecab6

Time (s): cpu = 00:00:21 ; elapsed = 00:00:20 . Memory (MB): peak = 1327.762 ; gain = 123.535

Phase 3 Initial Routing
Phase 3 Initial Routing | Checksum: 12dd1439a

Time (s): cpu = 00:00:21 ; elapsed = 00:00:20 . Memory (MB): peak = 1327.762 ; gain = 123.535

Phase 4 Rip-up And Reroute

Phase 4.1 Global Iteration 0
 Number of Nodes with overlaps = 0
Phase 4.1 Global Iteration 0 | Checksum: 11ce4776c

Time (s): cpu = 00:00:21 ; elapsed = 00:00:20 . Memory (MB): peak = 1327.801 ; gain = 123.574
Phase 4 Rip-up And Reroute | Checksum: 11ce4776c

Time (s): cpu = 00:00:21 ; elapsed = 00:00:20 . Memory (MB): peak = 1327.801 ; gain = 123.574

Phase 5 Delay and Skew Optimization
Phase 5 Delay and Skew Optimization | Checksum: 11ce4776c

Time (s): cpu = 00:00:21 ; elapsed = 00:00:20 . Memory (MB): peak = 1327.801 ; gain = 123.574

Phase 6 Post Hold Fix

Phase 6.1 Hold Fix Iter
Phase 6.1 Hold Fix Iter | Checksum: 11ce4776c

Time (s): cpu = 00:00:21 ; elapsed = 00:00:20 . Memory (MB): peak = 1327.801 ; gain = 123.574
Phase 6 Post Hold Fix | Checksum: 11ce4776c

Time (s): cpu = 00:00:21 ; elapsed = 00:00:20 . Memory (MB): peak = 1327.801 ; gain = 123.574

Phase 7 Route finalize

Router Utilization Summary
  Global Vertical Routing Utilization    = 0.00318903 %
  Global Horizontal Routing Utilization  = 0.00351379 %
  Routable Net Status*
  *Does not include unroutable nets such as driverless and loadless.
  Run report_route_status for detailed report.
  Number of Failed Nets               = 0
  Number of Unrouted Nets             = 0
  Number of Partially Routed Nets     = 0
  Number of Node Overlaps             = 0

Congestion Report
North Dir 1x1 Area, Max Cong = 0.900901%, No Congested Regions.
South Dir 1x1 Area, Max Cong = 17.1171%, No Congested Regions.
East Dir 1x1 Area, Max Cong = 2.94118%, No Congested Regions.
West Dir 1x1 Area, Max Cong = 16.1765%, No Congested Regions.

------------------------------
Reporting congestion hotspots
------------------------------
Direction: North
----------------
Congested clusters found at Level 0
Effective congestion level: 0 Aspect Ratio: 1 Sparse Ratio: 0
Direction: South
----------------
Congested clusters found at Level 0
Effective congestion level: 0 Aspect Ratio: 1 Sparse Ratio: 0
Direction: East
----------------
Congested clusters found at Level 0
Effective congestion level: 0 Aspect Ratio: 1 Sparse Ratio: 0
Direction: West
----------------
Congested clusters found at Level 0
Effective congestion level: 0 Aspect Ratio: 1 Sparse Ratio: 0

Phase 7 Route finalize | Checksum: 11ce4776c

Time (s): cpu = 00:00:21 ; elapsed = 00:00:20 . Memory (MB): peak = 1327.801 ; gain = 123.574

Phase 8 Verifying routed nets

 Verification completed successfully
Phase 8 Verifying routed nets | Checksum: 11ce4776c

Time (s): cpu = 00:00:21 ; elapsed = 00:00:20 . Memory (MB): peak = 1330.070 ; gain = 125.844

Phase 9 Depositing Routes
Phase 9 Depositing Routes | Checksum: 46a651f4

Time (s): cpu = 00:00:21 ; elapsed = 00:00:20 . Memory (MB): peak = 1330.070 ; gain = 125.844
INFO: [Route 35-16] Router Completed Successfully

Time (s): cpu = 00:00:21 ; elapsed = 00:00:20 . Memory (MB): peak = 1330.070 ; gain = 125.844

Routing Is Done.
INFO: [Common 17-83] Releasing license: Implementation
53 Infos, 0 Warnings, 0 Critical Warnings and 0 Errors encountered.
route_design completed successfully
route_design: Time (s): cpu = 00:00:23 ; elapsed = 00:00:21 . Memory (MB): peak = 1330.070 ; gain = 125.844
INFO: [Timing 38-480] Writing timing data to binary archive.
Writing placer database...
Writing XDEF routing.
Writing XDEF routing logical nets.
Writing XDEF routing special nets.
Write XDEF Complete: Time (s): cpu = 00:00:01 ; elapsed = 00:00:00.033 . Memory (MB): peak = 1330.070 ; gain = 0.000
INFO: [Common 17-1381] The checkpoint 'C:/Users/RAMINDU/Desktop/2nd sem/Computer Organization and Digital Design/Week 10/Lab 9-10/Nanoprocessor/Register Bank/Register_Bank.runs/impl_1/Decoder_3_to_8_routed.dcp' has been generated.
INFO: [runtcl-4] Executing : report_drc -file Decoder_3_to_8_drc_routed.rpt -pb Decoder_3_to_8_drc_routed.pb -rpx Decoder_3_to_8_drc_routed.rpx
Command: report_drc -file Decoder_3_to_8_drc_routed.rpt -pb Decoder_3_to_8_drc_routed.pb -rpx Decoder_3_to_8_drc_routed.rpx
INFO: [DRC 23-27] Running DRC with 2 threads
INFO: [Coretcl 2-168] The results of DRC are in file C:/Users/RAMINDU/Desktop/2nd sem/Computer Organization and Digital Design/Week 10/Lab 9-10/Nanoprocessor/Register Bank/Register_Bank.runs/impl_1/Decoder_3_to_8_drc_routed.rpt.
report_drc completed successfully
INFO: [runtcl-4] Executing : report_methodology -file Decoder_3_to_8_methodology_drc_routed.rpt -pb Decoder_3_to_8_methodology_drc_routed.pb -rpx Decoder_3_to_8_methodology_drc_routed.rpx
Command: report_methodology -file Decoder_3_to_8_methodology_drc_routed.rpt -pb Decoder_3_to_8_methodology_drc_routed.pb -rpx Decoder_3_to_8_methodology_drc_routed.rpx
INFO: [Timing 38-35] Done setting XDC timing constraints.
INFO: [Timing 38-35] Done setting XDC timing constraints.
INFO: [DRC 23-133] Running Methodology with 2 threads
INFO: [Coretcl 2-1520] The results of Report Methodology are in file C:/Users/RAMINDU/Desktop/2nd sem/Computer Organization and Digital Design/Week 10/Lab 9-10/Nanoprocessor/Register Bank/Register_Bank.runs/impl_1/Decoder_3_to_8_methodology_drc_routed.rpt.
report_methodology completed successfully
INFO: [runtcl-4] Executing : report_power -file Decoder_3_to_8_power_routed.rpt -pb Decoder_3_to_8_power_summary_routed.pb -rpx Decoder_3_to_8_power_routed.rpx
Command: report_power -file Decoder_3_to_8_power_routed.rpt -pb Decoder_3_to_8_power_summary_routed.pb -rpx Decoder_3_to_8_power_routed.rpx
WARNING: [Power 33-232] No user defined clocks were found in the design!
Resolution: Please specify clocks using create_clock/create_generated_clock for sequential elements. For pure combinatorial circuits, please specify a virtual clock, otherwise the vectorless estimation might be inaccurate
INFO: [Timing 38-35] Done setting XDC timing constraints.
Running Vector-less Activity Propagation...

Finished Running Vector-less Activity Propagation
65 Infos, 1 Warnings, 0 Critical Warnings and 0 Errors encountered.
report_power completed successfully
INFO: [runtcl-4] Executing : report_route_status -file Decoder_3_to_8_route_status.rpt -pb Decoder_3_to_8_route_status.pb
INFO: [runtcl-4] Executing : report_timing_summary -max_paths 10 -file Decoder_3_to_8_timing_summary_routed.rpt -pb Decoder_3_to_8_timing_summary_routed.pb -rpx Decoder_3_to_8_timing_summary_routed.rpx -warn_on_violation 
INFO: [Timing 38-91] UpdateTimingParams: Speed grade: -1, Delay Type: min_max, Timing Stage: Requireds.
INFO: [Timing 38-191] Multithreading enabled for timing update using a maximum of 2 CPUs
WARNING: [Timing 38-313] There are no user specified timing constraints. Timing constraints are needed for proper timing analysis.
INFO: [runtcl-4] Executing : report_incremental_reuse -file Decoder_3_to_8_incremental_reuse_routed.rpt
INFO: [Vivado_Tcl 4-545] No incremental reuse to report, no incremental placement and routing data was found.
INFO: [runtcl-4] Executing : report_clock_utilization -file Decoder_3_to_8_clock_utilization_routed.rpt
INFO: [runtcl-4] Executing : report_bus_skew -warn_on_violation -file route_report_bus_skew_0.rpt -rpx route_report_bus_skew_0.rpx
INFO: [Timing 38-91] UpdateTimingParams: Speed grade: -1, Delay Type: min_max, Timing Stage: Requireds.
INFO: [Timing 38-191] Multithreading enabled for timing update using a maximum of 2 CPUs
INFO: [Common 17-206] Exiting Vivado at Thu Jun  8 16:49:35 2023...
